{"meta": {"format": 3, "version": "7.13.4", "timestamp": "2026-07-06T04:41:11.905661", "branch_coverage": true, "show_contexts": false}, "files": {"bike_analyzer\\__init__.py": {"executed_lines": [3, 5, 7, 31, 39], "summary": {"covered_lines": 5, "num_statements": 10, "percent_covered": 41.666666666666664, "percent_covered_display": "42", "missing_lines": 5, "excluded_lines": 0, "percent_statements_covered": 50.0, "percent_statements_covered_display": "50", "num_branches": 2, "num_partial_branches": 0, "covered_branches": 0, "missing_branches": 2, "percent_branches_covered": 0.0, "percent_branches_covered_display": "0"}, "missing_lines": [32, 33, 34, 35, 36], "excluded_lines": [], "executed_branches": [], "missing_branches": [[32, 33], [32, 34]], "functions": {"__getattr__": {"executed_lines": [], "summary": {"covered_lines": 0, "num_statements": 5, "percent_covered": 0.0, "percent_covered_display": "0", "missing_lines": 5, "excluded_lines": 0, "percent_statements_covered": 0.0, "percent_statements_covered_display": "0", "num_branches": 2, "num_partial_branches": 0, "covered_branches": 0, "missing_branches": 2, "percent_branches_covered": 0.0, "percent_branches_covered_display": "0"}, "missing_lines": [32, 33, 34, 35, 36], "excluded_lines": [], "start_line": 31, "executed_branches": [], "missing_branches": [[32, 33], [32, 34]]}, "": {"executed_lines": [3, 5, 7, 31, 39], "summary": {"covered_lines": 5, "num_statements": 5, "percent_covered": 100.0, "percent_covered_display": "100", "missing_lines": 0, "excluded_lines": 0, "percent_statements_covered": 100.0, "percent_statements_covered_display": "100", "num_branches": 0, "num_partial_branches": 0, "covered_branches": 0, "missing_branches": 0, "percent_branches_covered": 100.0, "percent_branches_covered_display": "100"}, "missing_lines": [], "excluded_lines": [], "start_line": 1, "executed_branches": [], "missing_branches": []}}, "classes": {"": {"executed_lines": [3, 5, 7, 31, 39], "summary": {"covered_lines": 5, "num_statements": 10, "percent_covered": 41.666666666666664, "percent_covered_display": "42", "missing_lines": 5, "excluded_lines": 0, "percent_statements_covered": 50.0, "percent_statements_covered_display": "50", "num_branches": 2, "num_partial_branches": 0, "covered_branches": 0, "missing_branches": 2, "percent_branches_covered": 0.0, "percent_branches_covered_display": "0"}, "missing_lines": [32, 33, 34, 35, 36], "excluded_lines": [], "start_line": 1, "executed_branches": [], "missing_branches": [[32, 33], [32, 34]]}}}, "bike_analyzer\\backend\\__init__.py": {"executed_lines": [], "summary": {"covered_lines": 0, "num_statements": 0, "percent_covered": 100.0, "percent_covered_display": "100", "missing_lines": 0, "excluded_lines": 0, "percent_statements_covered": 100.0, "percent_statements_covered_display": "100", "num_branches": 0, "num_partial_branches": 0, "covered_branches": 0, "missing_branches": 0, "percent_branches_covered": 100.0, "percent_branches_covered_display": "100"}, "missing_lines": [], "excluded_lines": [], "executed_branches": [], "missing_branches": [], "functions": {"": {"executed_lines": [], "summary": {"covered_lines": 0, "num_statements": 0, "percent_covered": 100.0, "percent_covered_display": "100", "missing_lines": 0, "excluded_lines": 0, "percent_statements_covered": 100.0, "percent_statements_covered_display": "100", "num_branches": 0, "num_partial_branches": 0, "covered_branches": 0, "missing_branches": 0, "percent_branches_covered": 100.0, "percent_branches_covered_display": "100"}, "missing_lines": [], "excluded_lines": [], "start_line": 1, "executed_branches": [], "missing_branches": []}}, "classes": {"": {"executed_lines": [], "summary": {"covered_lines": 0, "num_statements": 0, "percent_covered": 100.0, "percent_covered_display": "100", "missing_lines": 0, "excluded_lines": 0, "percent_statements_covered": 100.0, "percent_statements_covered_display": "100", "num_branches": 0, "num_partial_branches": 0, "covered_branches": 0, "missing_branches": 0, "percent_branches_covered": 100.0, "percent_branches_covered_display": "100"}, "missing_lines": [], "excluded_lines": [], "start_line": 1, "executed_branches": [], "missing_branches": []}}}, "bike_analyzer\\backend\\analytics\\__init__.py": {"executed_lines": [], "summary": {"covered_lines": 0, "num_statements": 0, "percent_covered": 100.0, "percent_covered_display": "100", "missing_lines": 0, "excluded_lines": 0, "percent_statements_covered": 100.0, "percent_statements_covered_display": "100", "num_branches": 0, "num_partial_branches": 0, "covered_branches": 0, "missing_branches": 0, "percent_branches_covered": 100.0, "percent_branches_covered_display": "100"}, "missing_lines": [], "excluded_lines": [], "executed_branches": [], "missing_branches": [], "functions": {"": {"executed_lines": [], "summary": {"covered_lines": 0, "num_statements": 0, "percent_covered": 100.0, "percent_covered_display": "100", "missing_lines": 0, "excluded_lines": 0, "percent_statements_covered": 100.0, "percent_statements_covered_display": "100", "num_branches": 0, "num_partial_branches": 0, "covered_branches": 0, "missing_branches": 0, "percent_branches_covered": 100.0, "percent_branches_covered_display": "100"}, "missing_lines": [], "excluded_lines": [], "start_line": 1, "executed_branches": [], "missing_branches": []}}, "classes": {"": {"executed_lines": [], "summary": {"covered_lines": 0, "num_statements": 0, "percent_covered": 100.0, "percent_covered_display": "100", "missing_lines": 0, "excluded_lines": 0, "percent_statements_covered": 100.0, "percent_statements_covered_display": "100", "num_branches": 0, "num_partial_branches": 0, "covered_branches": 0, "missing_branches": 0, "percent_branches_covered": 100.0, "percent_branches_covered_display": "100"}, "missing_lines": [], "excluded_lines": [], "start_line": 1, "executed_branches": [], "missing_branches": []}}}, "bike_analyzer\\backend\\analytics\\advanced.py": {"executed_lines": [20, 22, 23, 25, 27, 28, 30, 39, 40, 44, 45, 46, 51, 52, 54, 66, 74, 75, 78, 82, 118, 169, 183, 210, 246, 277, 302, 349, 415, 430, 459, 495, 521, 542, 553, 557], "summary": {"covered_lines": 36, "num_statements": 282, "percent_covered": 9.5, "percent_covered_display": "10", "missing_lines": 246, "excluded_lines": 0, "percent_statements_covered": 12.76595744680851, "percent_statements_covered_display": "13", "num_branches": 118, "num_partial_branches": 2, "covered_branches": 2, "missing_branches": 116, "percent_branches_covered": 1.694915254237288, "percent_branches_covered_display": "2"}, "missing_lines": [48, 50, 79, 83, 84, 85, 92, 93, 94, 95, 96, 97, 98, 99, 101, 102, 103, 104, 105, 106, 125, 126, 127, 128, 129, 137, 138, 143, 144, 145, 146, 147, 148, 149, 150, 151, 152, 153, 154, 156, 157, 170, 171, 172, 173, 174, 180, 186, 187, 188, 189, 190, 191, 192, 193, 194, 195, 196, 197, 198, 199, 201, 202, 211, 212, 213, 218, 219, 220, 221, 222, 223, 224, 225, 226, 227, 228, 229, 230, 232, 233, 247, 248, 249, 250, 251, 252, 253, 254, 255, 256, 257, 258, 259, 260, 261, 262, 263, 264, 265, 267, 268, 269, 270, 278, 279, 280, 286, 287, 288, 289, 290, 291, 292, 293, 303, 304, 310, 311, 312, 313, 314, 315, 316, 317, 323, 324, 325, 326, 327, 328, 329, 330, 331, 332, 333, 334, 335, 337, 338, 352, 353, 354, 355, 356, 357, 358, 360, 361, 362, 363, 364, 366, 367, 368, 369, 370, 371, 372, 373, 374, 375, 376, 377, 378, 379, 380, 381, 382, 383, 384, 385, 386, 387, 388, 389, 390, 391, 392, 394, 395, 405, 406, 416, 417, 418, 419, 420, 421, 422, 423, 424, 426, 427, 431, 432, 433, 434, 435, 440, 441, 442, 443, 444, 445, 446, 447, 448, 449, 450, 451, 462, 489, 490, 491, 492, 496, 497, 498, 503, 504, 505, 506, 507, 508, 509, 511, 512, 524, 525, 526, 527, 528, 529, 530, 531, 532, 539, 544, 545, 546, 547, 548, 549, 550, 554], "excluded_lines": [], "executed_branches": [[39, 40], [542, 553]], "missing_branches": [[39, 50], [84, 85], [84, 92], [96, 97], [96, 98], [98, 99], [98, 101], [128, 129], [128, 137], [151, 152], [151, 156], [170, 171], [170, 172], [172, 173], [172, 180], [173, 172], [173, 174], [192, 193], [192, 194], [194, 195], [194, 196], [196, 197], [196, 198], [198, 199], [198, 201], [211, 212], [211, 213], [223, 224], [223, 225], [225, 226], [225, 227], [227, 228], [227, 229], [229, 230], [229, 232], [247, 248], [247, 249], [251, 252], [251, 268], [252, 251], [252, 253], [255, 251], [255, 256], [258, 259], [258, 260], [260, 261], [260, 262], [262, 263], [262, 264], [264, 265], [264, 267], [279, 280], [279, 286], [303, 304], [303, 310], [312, 313], [312, 316], [314, 312], [314, 315], [316, 317], [316, 323], [332, 333], [332, 334], [334, 335], [334, 337], [352, 353], [352, 354], [356, 357], [356, 362], [362, 363], [362, 364], [368, 369], [368, 370], [373, 374], [373, 376], [380, 381], [380, 405], [385, 386], [385, 387], [387, 388], [387, 389], [389, 390], [389, 391], [391, 392], [391, 394], [416, 417], [416, 418], [419, 420], [419, 421], [421, 422], [421, 423], [423, 424], [423, 426], [432, 433], [432, 434], [489, 490], [489, 492], [490, 491], [490, 492], [504, 505], [504, 506], [506, 507], [506, 508], [508, 509], [508, 511], [524, 525], [524, 526], [527, 528], [527, 539], [529, 527], [529, 530], [531, 527], [531, 532], [542, 544], [546, 547], [546, 549]], "functions": {"_get_climb_color": {"executed_lines": [], "summary": {"covered_lines": 0, "num_statements": 1, "percent_covered": 0.0, "percent_covered_display": "0", "missing_lines": 1, "excluded_lines": 0, "percent_statements_covered": 0.0, "percent_statements_covered_display": "0", "num_branches": 0, "num_partial_branches": 0, "covered_branches": 0, "missing_branches": 0, "percent_branches_covered": 100.0, "percent_branches_covered_display": "100"}, "missing_lines": [79], "excluded_lines": [], "start_line": 78, "executed_branches": [], "missing_branches": []}, "calculate_pace_consistency": {"executed_lines": [], "summary": {"covered_lines": 0, "num_statements": 17, "percent_covered": 0.0, "percent_covered_display": "0", "missing_lines": 17, "excluded_lines": 0, "percent_statements_covered": 0.0, "percent_statements_covered_display": "0", "num_branches": 6, "num_partial_branches": 0, "covered_branches": 0, "missing_branches": 6, "percent_branches_covered": 0.0, "percent_branches_covered_display": "0"}, "missing_lines": [83, 84, 85, 92, 93, 94, 95, 96, 97, 98, 99, 101, 102, 103, 104, 105, 106], "excluded_lines": [], "start_line": 82, "executed_branches": [], "missing_branches": [[84, 85], [84, 92], [96, 97], [96, 98], [98, 99], [98, 101]]}, "calculate_power_estimate": {"executed_lines": [], "summary": {"covered_lines": 0, "num_statements": 21, "percent_covered": 0.0, "percent_covered_display": "0", "missing_lines": 21, "excluded_lines": 0, "percent_statements_covered": 0.0, "percent_statements_covered_display": "0", "num_branches": 4, "num_partial_branches": 0, "covered_branches": 0, "missing_branches": 4, "percent_branches_covered": 0.0, "percent_branches_covered_display": "0"}, "missing_lines": [125, 126, 127, 128, 129, 137, 138, 143, 144, 145, 146, 147, 148, 149, 150, 151, 152, 153, 154, 156, 157], "excluded_lines": [], "start_line": 118, "executed_branches": [], "missing_branches": [[128, 129], [128, 137], [151, 152], [151, 156]]}, "classify_climb": {"executed_lines": [], "summary": {"covered_lines": 0, "num_statements": 6, "percent_covered": 0.0, "percent_covered_display": "0", "missing_lines": 6, "excluded_lines": 0, "percent_statements_covered": 0.0, "percent_statements_covered_display": "0", "num_branches": 6, "num_partial_branches": 0, "covered_branches": 0, "missing_branches": 6, "percent_branches_covered": 0.0, "percent_branches_covered_display": "0"}, "missing_lines": [170, 171, 172, 173, 174, 180], "excluded_lines": [], "start_line": 169, "executed_branches": [], "missing_branches": [[170, 171], [170, 172], [172, 173], [172, 180], [173, 172], [173, 174]]}, "estimate_vo2max": {"executed_lines": [], "summary": {"covered_lines": 0, "num_statements": 16, "percent_covered": 0.0, "percent_covered_display": "0", "missing_lines": 16, "excluded_lines": 0, "percent_statements_covered": 0.0, "percent_statements_covered_display": "0", "num_branches": 8, "num_partial_branches": 0, "covered_branches": 0, "missing_branches": 8, "percent_branches_covered": 0.0, "percent_branches_covered_display": "0"}, "missing_lines": [186, 187, 188, 189, 190, 191, 192, 193, 194, 195, 196, 197, 198, 199, 201, 202], "excluded_lines": [], "start_line": 183, "executed_branches": [], "missing_branches": [[192, 193], [192, 194], [194, 195], [194, 196], [196, 197], [196, 198], [198, 199], [198, 201]]}, "classify_ride_difficulty": {"executed_lines": [], "summary": {"covered_lines": 0, "num_statements": 18, "percent_covered": 0.0, "percent_covered_display": "0", "missing_lines": 18, "excluded_lines": 0, "percent_statements_covered": 0.0, "percent_statements_covered_display": "0", "num_branches": 10, "num_partial_branches": 0, "covered_branches": 0, "missing_branches": 10, "percent_branches_covered": 0.0, "percent_branches_covered_display": "0"}, "missing_lines": [211, 212, 213, 218, 219, 220, 221, 222, 223, 224, 225, 226, 227, 228, 229, 230, 232, 233], "excluded_lines": [], "start_line": 210, "executed_branches": [], "missing_branches": [[211, 212], [211, 213], [223, 224], [223, 225], [225, 226], [225, 227], [227, 228], [227, 229], [229, 230], [229, 232]]}, "analyze_elevation_profile": {"executed_lines": [], "summary": {"covered_lines": 0, "num_statements": 23, "percent_covered": 0.0, "percent_covered_display": "0", "missing_lines": 23, "excluded_lines": 0, "percent_statements_covered": 0.0, "percent_statements_covered_display": "0", "num_branches": 16, "num_partial_branches": 0, "covered_branches": 0, "missing_branches": 16, "percent_branches_covered": 0.0, "percent_branches_covered_display": "0"}, "missing_lines": [247, 248, 249, 250, 251, 252, 253, 254, 255, 256, 257, 258, 259, 260, 261, 262, 263, 264, 265, 267, 268, 269, 270], "excluded_lines": [], "start_line": 246, "executed_branches": [], "missing_branches": [[247, 248], [247, 249], [251, 252], [251, 268], [252, 251], [252, 253], [255, 251], [255, 256], [258, 259], [258, 260], [260, 261], [260, 262], [262, 263], [262, 264], [264, 265], [264, 267]]}, "analyze_speed_profile": {"executed_lines": [], "summary": {"covered_lines": 0, "num_statements": 11, "percent_covered": 0.0, "percent_covered_display": "0", "missing_lines": 11, "excluded_lines": 0, "percent_statements_covered": 0.0, "percent_statements_covered_display": "0", "num_branches": 2, "num_partial_branches": 0, "covered_branches": 0, "missing_branches": 2, "percent_branches_covered": 0.0, "percent_branches_covered_display": "0"}, "missing_lines": [278, 279, 280, 286, 287, 288, 289, 290, 291, 292, 293], "excluded_lines": [], "start_line": 277, "executed_branches": [], "missing_branches": [[279, 280], [279, 286]]}, "calculate_progress_trend": {"executed_lines": [], "summary": {"covered_lines": 0, "num_statements": 25, "percent_covered": 0.0, "percent_covered_display": "0", "missing_lines": 25, "excluded_lines": 0, "percent_statements_covered": 0.0, "percent_statements_covered_display": "0", "num_branches": 12, "num_partial_branches": 0, "covered_branches": 0, "missing_branches": 12, "percent_branches_covered": 0.0, "percent_branches_covered_display": "0"}, "missing_lines": [303, 304, 310, 311, 312, 313, 314, 315, 316, 317, 323, 324, 325, 326, 327, 328, 329, 330, 331, 332, 333, 334, 335, 337, 338], "excluded_lines": [], "start_line": 302, "executed_branches": [], "missing_branches": [[303, 304], [303, 310], [312, 313], [312, 316], [314, 312], [314, 315], [316, 317], [316, 323], [332, 333], [332, 334], [334, 335], [334, 337]]}, "calculate_training_stress_balance": {"executed_lines": [], "summary": {"covered_lines": 0, "num_statements": 43, "percent_covered": 0.0, "percent_covered_display": "0", "missing_lines": 43, "excluded_lines": 0, "percent_statements_covered": 0.0, "percent_statements_covered_display": "0", "num_branches": 20, "num_partial_branches": 0, "covered_branches": 0, "missing_branches": 20, "percent_branches_covered": 0.0, "percent_branches_covered_display": "0"}, "missing_lines": [352, 353, 354, 355, 356, 357, 358, 360, 361, 362, 363, 364, 366, 367, 368, 369, 370, 371, 372, 373, 374, 375, 376, 377, 378, 379, 380, 381, 382, 383, 384, 385, 386, 387, 388, 389, 390, 391, 392, 394, 395, 405, 406], "excluded_lines": [], "start_line": 349, "executed_branches": [], "missing_branches": [[352, 353], [352, 354], [356, 357], [356, 362], [362, 363], [362, 364], [368, 369], [368, 370], [373, 374], [373, 376], [380, 381], [380, 405], [385, 386], [385, 387], [387, 388], [387, 389], [389, 390], [389, 391], [391, 392], [391, 394]]}, "estimate_ideal_weight": {"executed_lines": [], "summary": {"covered_lines": 0, "num_statements": 11, "percent_covered": 0.0, "percent_covered_display": "0", "missing_lines": 11, "excluded_lines": 0, "percent_statements_covered": 0.0, "percent_statements_covered_display": "0", "num_branches": 8, "num_partial_branches": 0, "covered_branches": 0, "missing_branches": 8, "percent_branches_covered": 0.0, "percent_branches_covered_display": "0"}, "missing_lines": [416, 417, 418, 419, 420, 421, 422, 423, 424, 426, 427], "excluded_lines": [], "start_line": 415, "executed_branches": [], "missing_branches": [[416, 417], [416, 418], [419, 420], [419, 421], [421, 422], [421, 423], [423, 424], [423, 426]]}, "calculate_garmin_power_factor": {"executed_lines": [], "summary": {"covered_lines": 0, "num_statements": 17, "percent_covered": 0.0, "percent_covered_display": "0", "missing_lines": 17, "excluded_lines": 0, "percent_statements_covered": 0.0, "percent_statements_covered_display": "0", "num_branches": 2, "num_partial_branches": 0, "covered_branches": 0, "missing_branches": 2, "percent_branches_covered": 0.0, "percent_branches_covered_display": "0"}, "missing_lines": [431, 432, 433, 434, 435, 440, 441, 442, 443, 444, 445, 446, 447, 448, 449, 450, 451], "excluded_lines": [], "start_line": 430, "executed_branches": [], "missing_branches": [[432, 433], [432, 434]]}, "calculate_heart_rate_zones": {"executed_lines": [], "summary": {"covered_lines": 0, "num_statements": 5, "percent_covered": 0.0, "percent_covered_display": "0", "missing_lines": 5, "excluded_lines": 0, "percent_statements_covered": 0.0, "percent_statements_covered_display": "0", "num_branches": 4, "num_partial_branches": 0, "covered_branches": 0, "missing_branches": 4, "percent_branches_covered": 0.0, "percent_branches_covered_display": "0"}, "missing_lines": [462, 489, 490, 491, 492], "excluded_lines": [], "start_line": 459, "executed_branches": [], "missing_branches": [[489, 490], [489, 492], [490, 491], [490, 492]]}, "calculate_ride_recommendation_score": {"executed_lines": [], "summary": {"covered_lines": 0, "num_statements": 12, "percent_covered": 0.0, "percent_covered_display": "0", "missing_lines": 12, "excluded_lines": 0, "percent_statements_covered": 0.0, "percent_statements_covered_display": "0", "num_branches": 6, "num_partial_branches": 0, "covered_branches": 0, "missing_branches": 6, "percent_branches_covered": 0.0, "percent_branches_covered_display": "0"}, "missing_lines": [496, 497, 498, 503, 504, 505, 506, 507, 508, 509, 511, 512], "excluded_lines": [], "start_line": 495, "executed_branches": [], "missing_branches": [[504, 505], [504, 506], [506, 507], [506, 508], [508, 509], [508, 511]]}, "detect_speed_surges": {"executed_lines": [], "summary": {"covered_lines": 0, "num_statements": 10, "percent_covered": 0.0, "percent_covered_display": "0", "missing_lines": 10, "excluded_lines": 0, "percent_statements_covered": 0.0, "percent_statements_covered_display": "0", "num_branches": 8, "num_partial_branches": 0, "covered_branches": 0, "missing_branches": 8, "percent_branches_covered": 0.0, "percent_branches_covered_display": "0"}, "missing_lines": [524, 525, 526, 527, 528, 529, 530, 531, 532, 539], "excluded_lines": [], "start_line": 521, "executed_branches": [], "missing_branches": [[524, 525], [524, 526], [527, 528], [527, 539], [529, 527], [529, 530], [531, 527], [531, 532]]}, "compute_ctl_atl_tsb_external": {"executed_lines": [], "summary": {"covered_lines": 0, "num_statements": 6, "percent_covered": 0.0, "percent_covered_display": "0", "missing_lines": 6, "excluded_lines": 0, "percent_statements_covered": 0.0, "percent_statements_covered_display": "0", "num_branches": 2, "num_partial_branches": 0, "covered_branches": 0, "missing_branches": 2, "percent_branches_covered": 0.0, "percent_branches_covered_display": "0"}, "missing_lines": [545, 546, 547, 548, 549, 550], "excluded_lines": [], "start_line": 544, "executed_branches": [], "missing_branches": [[546, 547], [546, 549]]}, "": {"executed_lines": [20, 22, 23, 25, 27, 28, 30, 39, 40, 44, 45, 46, 51, 52, 54, 66, 74, 75, 78, 82, 118, 169, 183, 210, 246, 277, 302, 349, 415, 430, 459, 495, 521, 542, 553, 557], "summary": {"covered_lines": 36, "num_statements": 40, "percent_covered": 86.36363636363636, "percent_covered_display": "86", "missing_lines": 4, "excluded_lines": 0, "percent_statements_covered": 90.0, "percent_statements_covered_display": "90", "num_branches": 4, "num_partial_branches": 2, "covered_branches": 2, "missing_branches": 2, "percent_branches_covered": 50.0, "percent_branches_covered_display": "50"}, "missing_lines": [48, 50, 544, 554], "excluded_lines": [], "start_line": 1, "executed_branches": [[39, 40], [542, 553]], "missing_branches": [[39, 50], [542, 544]]}}, "classes": {"": {"executed_lines": [20, 22, 23, 25, 27, 28, 30, 39, 40, 44, 45, 46, 51, 52, 54, 66, 74, 75, 78, 82, 118, 169, 183, 210, 246, 277, 302, 349, 415, 430, 459, 495, 521, 542, 553, 557], "summary": {"covered_lines": 36, "num_statements": 282, "percent_covered": 9.5, "percent_covered_display": "10", "missing_lines": 246, "excluded_lines": 0, "percent_statements_covered": 12.76595744680851, "percent_statements_covered_display": "13", "num_branches": 118, "num_partial_branches": 2, "covered_branches": 2, "missing_branches": 116, "percent_branches_covered": 1.694915254237288, "percent_branches_covered_display": "2"}, "missing_lines": [48, 50, 79, 83, 84, 85, 92, 93, 94, 95, 96, 97, 98, 99, 101, 102, 103, 104, 105, 106, 125, 126, 127, 128, 129, 137, 138, 143, 144, 145, 146, 147, 148, 149, 150, 151, 152, 153, 154, 156, 157, 170, 171, 172, 173, 174, 180, 186, 187, 188, 189, 190, 191, 192, 193, 194, 195, 196, 197, 198, 199, 201, 202, 211, 212, 213, 218, 219, 220, 221, 222, 223, 224, 225, 226, 227, 228, 229, 230, 232, 233, 247, 248, 249, 250, 251, 252, 253, 254, 255, 256, 257, 258, 259, 260, 261, 262, 263, 264, 265, 267, 268, 269, 270, 278, 279, 280, 286, 287, 288, 289, 290, 291, 292, 293, 303, 304, 310, 311, 312, 313, 314, 315, 316, 317, 323, 324, 325, 326, 327, 328, 329, 330, 331, 332, 333, 334, 335, 337, 338, 352, 353, 354, 355, 356, 357, 358, 360, 361, 362, 363, 364, 366, 367, 368, 369, 370, 371, 372, 373, 374, 375, 376, 377, 378, 379, 380, 381, 382, 383, 384, 385, 386, 387, 388, 389, 390, 391, 392, 394, 395, 405, 406, 416, 417, 418, 419, 420, 421, 422, 423, 424, 426, 427, 431, 432, 433, 434, 435, 440, 441, 442, 443, 444, 445, 446, 447, 448, 449, 450, 451, 462, 489, 490, 491, 492, 496, 497, 498, 503, 504, 505, 506, 507, 508, 509, 511, 512, 524, 525, 526, 527, 528, 529, 530, 531, 532, 539, 544, 545, 546, 547, 548, 549, 550, 554], "excluded_lines": [], "start_line": 1, "executed_branches": [[39, 40], [542, 553]], "missing_branches": [[39, 50], [84, 85], [84, 92], [96, 97], [96, 98], [98, 99], [98, 101], [128, 129], [128, 137], [151, 152], [151, 156], [170, 171], [170, 172], [172, 173], [172, 180], [173, 172], [173, 174], [192, 193], [192, 194], [194, 195], [194, 196], [196, 197], [196, 198], [198, 199], [198, 201], [211, 212], [211, 213], [223, 224], [223, 225], [225, 226], [225, 227], [227, 228], [227, 229], [229, 230], [229, 232], [247, 248], [247, 249], [251, 252], [251, 268], [252, 251], [252, 253], [255, 251], [255, 256], [258, 259], [258, 260], [260, 261], [260, 262], [262, 263], [262, 264], [264, 265], [264, 267], [279, 280], [279, 286], [303, 304], [303, 310], [312, 313], [312, 316], [314, 312], [314, 315], [316, 317], [316, 323], [332, 333], [332, 334], [334, 335], [334, 337], [352, 353], [352, 354], [356, 357], [356, 362], [362, 363], [362, 364], [368, 369], [368, 370], [373, 374], [373, 376], [380, 381], [380, 405], [385, 386], [385, 387], [387, 388], [387, 389], [389, 390], [389, 391], [391, 392], [391, 394], [416, 417], [416, 418], [419, 420], [419, 421], [421, 422], [421, 423], [423, 424], [423, 426], [432, 433], [432, 434], [489, 490], [489, 492], [490, 491], [490, 492], [504, 505], [504, 506], [506, 507], [506, 508], [508, 509], [508, 511], [524, 525], [524, 526], [527, 528], [527, 539], [529, 527], [529, 530], [531, 527], [531, 532], [542, 544], [546, 547], [546, 549]]}}}, "bike_analyzer\\backend\\analytics\\ai_coach.py": {"executed_lines": [3, 5, 6, 7, 8, 9, 10, 12, 22, 23, 24, 25, 27, 29, 30, 36, 37, 38, 40, 41, 43, 44, 47, 55, 60, 69, 78, 83, 148, 152, 176, 223, 260, 273, 294, 323, 332, 446, 449, 536, 539, 559, 579, 582, 593, 596, 622, 684, 748, 755, 770, 783, 817], "summary": {"covered_lines": 53, "num_statements": 495, "percent_covered": 7.993966817496229, "percent_covered_display": "8", "missing_lines": 442, "excluded_lines": 0, "percent_statements_covered": 10.707070707070708, "percent_statements_covered_display": "11", "num_branches": 168, "num_partial_branches": 0, "covered_branches": 0, "missing_branches": 168, "percent_branches_covered": 0.0, "percent_branches_covered_display": "0"}, "missing_lines": [48, 49, 50, 51, 52, 56, 57, 61, 62, 63, 64, 65, 66, 70, 72, 73, 74, 75, 79, 80, 85, 86, 88, 89, 90, 91, 95, 97, 98, 99, 100, 101, 102, 103, 104, 105, 106, 107, 108, 109, 111, 112, 113, 115, 116, 117, 119, 126, 127, 128, 129, 130, 136, 137, 138, 140, 144, 145, 149, 154, 155, 156, 158, 161, 162, 163, 164, 165, 166, 167, 168, 169, 170, 171, 172, 173, 177, 178, 179, 181, 185, 186, 187, 188, 189, 190, 191, 192, 193, 194, 195, 196, 198, 199, 200, 201, 202, 203, 204, 206, 208, 209, 210, 211, 213, 216, 219, 220, 224, 225, 227, 231, 232, 233, 234, 235, 237, 238, 239, 240, 241, 242, 243, 245, 246, 248, 249, 250, 252, 253, 256, 257, 261, 262, 263, 264, 265, 267, 268, 269, 270, 274, 275, 283, 284, 285, 286, 287, 288, 289, 290, 291, 295, 296, 297, 298, 299, 300, 301, 302, 303, 304, 305, 306, 307, 308, 309, 310, 311, 312, 313, 314, 315, 316, 317, 318, 319, 320, 324, 329, 333, 334, 335, 336, 337, 339, 340, 341, 342, 344, 345, 346, 353, 354, 355, 356, 357, 358, 359, 360, 361, 363, 364, 365, 366, 367, 368, 369, 371, 372, 373, 376, 377, 378, 379, 380, 381, 382, 383, 410, 411, 412, 413, 414, 415, 416, 417, 419, 420, 422, 423, 424, 425, 426, 428, 429, 430, 431, 433, 434, 435, 436, 437, 438, 439, 440, 441, 442, 443, 455, 457, 458, 459, 460, 461, 463, 464, 465, 466, 467, 468, 469, 470, 471, 472, 473, 475, 476, 477, 480, 481, 482, 483, 484, 506, 507, 508, 509, 510, 511, 512, 514, 515, 517, 518, 519, 520, 522, 523, 524, 525, 527, 528, 529, 530, 531, 532, 533, 540, 541, 542, 543, 549, 556, 560, 561, 562, 563, 565, 569, 576, 583, 584, 585, 587, 588, 589, 590, 598, 599, 601, 603, 605, 606, 607, 608, 609, 610, 615, 616, 617, 618, 619, 623, 625, 631, 633, 634, 635, 636, 637, 638, 639, 640, 641, 642, 643, 644, 645, 646, 647, 649, 650, 651, 652, 653, 654, 655, 656, 657, 658, 659, 660, 661, 662, 663, 664, 665, 666, 691, 698, 699, 700, 702, 703, 704, 705, 712, 713, 721, 729, 737, 738, 745, 785, 786, 788, 789, 790, 791, 792, 793, 794, 802, 803, 804, 805, 806, 814, 836, 837, 839, 840, 841, 842, 844, 846, 848, 857, 858, 859, 860, 861, 862, 863, 864, 865, 866, 867, 868, 869, 870, 877, 878, 879, 887, 894, 896, 897, 898, 908, 909, 910, 928, 929, 931, 932, 934, 936, 945, 946, 947], "excluded_lines": [], "executed_branches": [], "missing_branches": [[62, 63], [62, 66], [64, 65], [64, 66], [72, 73], [72, 75], [85, 86], [85, 88], [97, 98], [97, 140], [99, 100], [99, 101], [101, 102], [101, 103], [103, 104], [103, 105], [105, 106], [105, 107], [108, 109], [108, 112], [112, 113], [112, 116], [116, 117], [116, 126], [154, 155], [154, 166], [161, 162], [161, 166], [167, 168], [167, 169], [170, 171], [170, 173], [185, 186], [185, 187], [187, 188], [187, 189], [189, 190], [189, 191], [191, 192], [191, 193], [193, 194], [193, 195], [195, 196], [195, 198], [200, 201], [200, 206], [202, 200], [202, 203], [209, 210], [209, 213], [231, 232], [231, 237], [232, 233], [232, 234], [234, 235], [234, 237], [239, 240], [239, 245], [241, 239], [241, 242], [249, 250], [249, 252], [262, 263], [262, 264], [264, 265], [264, 267], [268, 269], [268, 270], [283, 284], [283, 285], [285, 286], [285, 287], [287, 288], [287, 289], [289, 290], [289, 291], [296, 297], [296, 298], [298, 299], [298, 300], [300, 301], [300, 311], [303, 304], [303, 305], [305, 306], [305, 307], [307, 308], [307, 309], [309, 310], [309, 311], [311, 312], [311, 313], [315, 316], [315, 320], [317, 315], [317, 318], [334, 335], [334, 336], [336, 337], [336, 339], [353, 354], [353, 363], [367, 368], [367, 379], [372, 373], [372, 379], [412, 413], [412, 443], [437, 438], [437, 441], [458, 459], [458, 460], [460, 461], [460, 463], [471, 472], [471, 483], [476, 477], [476, 483], [508, 509], [508, 533], [541, 542], [541, 549], [562, 563], [562, 565], [583, 584], [583, 585], [598, 599], [598, 601], [608, 609], [608, 610], [643, 644], [643, 646], [646, 647], [646, 655], [651, 652], [651, 655], [655, 656], [655, 661], [664, 665], [664, 666], [702, 703], [702, 729], [704, 705], [704, 712], [712, 713], [712, 721], [785, 786], [785, 788], [790, 791], [790, 802], [793, 794], [793, 802], [803, 804], [803, 814], [805, 806], [805, 814], [836, 837], [836, 839], [859, 860], [859, 894], [862, 863], [862, 867], [867, 868], [867, 887], [908, 909], [908, 945], [931, 932], [931, 936]], "functions": {"_clean_ai_output": {"executed_lines": [], "summary": {"covered_lines": 0, "num_statements": 5, "percent_covered": 0.0, "percent_covered_display": "0", "missing_lines": 5, "excluded_lines": 0, "percent_statements_covered": 0.0, "percent_statements_covered_display": "0", "num_branches": 0, "num_partial_branches": 0, "covered_branches": 0, "missing_branches": 0, "percent_branches_covered": 100.0, "percent_branches_covered_display": "100"}, "missing_lines": [48, 49, 50, 51, 52], "excluded_lines": [], "start_line": 47, "executed_branches": [], "missing_branches": []}, "_coach_mode": {"executed_lines": [], "summary": {"covered_lines": 0, "num_statements": 2, "percent_covered": 0.0, "percent_covered_display": "0", "missing_lines": 2, "excluded_lines": 0, "percent_statements_covered": 0.0, "percent_statements_covered_display": "0", "num_branches": 0, "num_partial_branches": 0, "covered_branches": 0, "missing_branches": 0, "percent_branches_covered": 100.0, "percent_branches_covered_display": "100"}, "missing_lines": [56, 57], "excluded_lines": [], "start_line": 55, "executed_branches": [], "missing_branches": []}, "_provider_order": {"executed_lines": [], "summary": {"covered_lines": 0, "num_statements": 6, "percent_covered": 0.0, "percent_covered_display": "0", "missing_lines": 6, "excluded_lines": 0, "percent_statements_covered": 0.0, "percent_statements_covered_display": "0", "num_branches": 4, "num_partial_branches": 0, "covered_branches": 0, "missing_branches": 4, "percent_branches_covered": 0.0, "percent_branches_covered_display": "0"}, "missing_lines": [61, 62, 63, 64, 65, 66], "excluded_lines": [], "start_line": 60, "executed_branches": [], "missing_branches": [[62, 63], [62, 66], [64, 65], [64, 66]]}, "_ban_provider": {"executed_lines": [], "summary": {"covered_lines": 0, "num_statements": 5, "percent_covered": 0.0, "percent_covered_display": "0", "missing_lines": 5, "excluded_lines": 0, "percent_statements_covered": 0.0, "percent_statements_covered_display": "0", "num_branches": 2, "num_partial_branches": 0, "covered_branches": 0, "missing_branches": 2, "percent_branches_covered": 0.0, "percent_branches_covered_display": "0"}, "missing_lines": [70, 72, 73, 74, 75], "excluded_lines": [], "start_line": 69, "executed_branches": [], "missing_branches": [[72, 73], [72, 75]]}, "_is_recoverable_provider_error": {"executed_lines": [], "summary": {"covered_lines": 0, "num_statements": 2, "percent_covered": 0.0, "percent_covered_display": "0", "missing_lines": 2, "excluded_lines": 0, "percent_statements_covered": 0.0, "percent_statements_covered_display": "0", "num_branches": 0, "num_partial_branches": 0, "covered_branches": 0, "missing_branches": 0, "percent_branches_covered": 100.0, "percent_branches_covered_display": "100"}, "missing_lines": [79, 80], "excluded_lines": [], "start_line": 78, "executed_branches": [], "missing_branches": []}, "get_ai_coach_client": {"executed_lines": [], "summary": {"covered_lines": 0, "num_statements": 38, "percent_covered": 0.0, "percent_covered_display": "0", "missing_lines": 38, "excluded_lines": 0, "percent_statements_covered": 0.0, "percent_statements_covered_display": "0", "num_branches": 18, "num_partial_branches": 0, "covered_branches": 0, "missing_branches": 18, "percent_branches_covered": 0.0, "percent_branches_covered_display": "0"}, "missing_lines": [85, 86, 88, 89, 90, 91, 95, 97, 98, 99, 100, 101, 102, 103, 104, 105, 106, 107, 108, 109, 111, 112, 113, 115, 116, 117, 119, 126, 127, 128, 129, 130, 136, 137, 138, 140, 144, 145], "excluded_lines": [], "start_line": 83, "executed_branches": [], "missing_branches": [[85, 86], [85, 88], [97, 98], [97, 140], [99, 100], [99, 101], [101, 102], [101, 103], [103, 104], [103, 105], [105, 106], [105, 107], [108, 109], [108, 112], [112, 113], [112, 116], [116, 117], [116, 126]]}, "_use_local_coach": {"executed_lines": [], "summary": {"covered_lines": 0, "num_statements": 1, "percent_covered": 0.0, "percent_covered_display": "0", "missing_lines": 1, "excluded_lines": 0, "percent_statements_covered": 0.0, "percent_statements_covered_display": "0", "num_branches": 0, "num_partial_branches": 0, "covered_branches": 0, "missing_branches": 0, "percent_branches_covered": 100.0, "percent_branches_covered_display": "100"}, "missing_lines": [149], "excluded_lines": [], "start_line": 148, "executed_branches": [], "missing_branches": []}, "_kb": {"executed_lines": [], "summary": {"covered_lines": 0, "num_statements": 17, "percent_covered": 0.0, "percent_covered_display": "0", "missing_lines": 17, "excluded_lines": 0, "percent_statements_covered": 0.0, "percent_statements_covered_display": "0", "num_branches": 8, "num_partial_branches": 0, "covered_branches": 0, "missing_branches": 8, "percent_branches_covered": 0.0, "percent_branches_covered_display": "0"}, "missing_lines": [154, 155, 156, 158, 161, 162, 163, 164, 165, 166, 167, 168, 169, 170, 171, 172, 173], "excluded_lines": [], "start_line": 152, "executed_branches": [], "missing_branches": [[154, 155], [154, 166], [161, 162], [161, 166], [167, 168], [167, 169], [170, 171], [170, 173]]}, "_generate_local_training_advice": {"executed_lines": [], "summary": {"covered_lines": 0, "num_statements": 32, "percent_covered": 0.0, "percent_covered_display": "0", "missing_lines": 32, "excluded_lines": 0, "percent_statements_covered": 0.0, "percent_statements_covered_display": "0", "num_branches": 18, "num_partial_branches": 0, "covered_branches": 0, "missing_branches": 18, "percent_branches_covered": 0.0, "percent_branches_covered_display": "0"}, "missing_lines": [177, 178, 179, 181, 185, 186, 187, 188, 189, 190, 191, 192, 193, 194, 195, 196, 198, 199, 200, 201, 202, 203, 204, 206, 208, 209, 210, 211, 213, 216, 219, 220], "excluded_lines": [], "start_line": 176, "executed_branches": [], "missing_branches": [[185, 186], [185, 187], [187, 188], [187, 189], [189, 190], [189, 191], [191, 192], [191, 193], [193, 194], [193, 195], [195, 196], [195, 198], [200, 201], [200, 206], [202, 200], [202, 203], [209, 210], [209, 213]]}, "_generate_local_recovery_advice": {"executed_lines": [], "summary": {"covered_lines": 0, "num_statements": 24, "percent_covered": 0.0, "percent_covered_display": "0", "missing_lines": 24, "excluded_lines": 0, "percent_statements_covered": 0.0, "percent_statements_covered_display": "0", "num_branches": 12, "num_partial_branches": 0, "covered_branches": 0, "missing_branches": 12, "percent_branches_covered": 0.0, "percent_branches_covered_display": "0"}, "missing_lines": [224, 225, 227, 231, 232, 233, 234, 235, 237, 238, 239, 240, 241, 242, 243, 245, 246, 248, 249, 250, 252, 253, 256, 257], "excluded_lines": [], "start_line": 223, "executed_branches": [], "missing_branches": [[231, 232], [231, 237], [232, 233], [232, 234], [234, 235], [234, 237], [239, 240], [239, 245], [241, 239], [241, 242], [249, 250], [249, 252]]}, "validate_athlete_profile": {"executed_lines": [], "summary": {"covered_lines": 0, "num_statements": 9, "percent_covered": 0.0, "percent_covered_display": "0", "missing_lines": 9, "excluded_lines": 0, "percent_statements_covered": 0.0, "percent_statements_covered_display": "0", "num_branches": 6, "num_partial_branches": 0, "covered_branches": 0, "missing_branches": 6, "percent_branches_covered": 0.0, "percent_branches_covered_display": "0"}, "missing_lines": [261, 262, 263, 264, 265, 267, 268, 269, 270], "excluded_lines": [], "start_line": 260, "executed_branches": [], "missing_branches": [[262, 263], [262, 264], [264, 265], [264, 267], [268, 269], [268, 270]]}, "_build_athlete_context": {"executed_lines": [], "summary": {"covered_lines": 0, "num_statements": 11, "percent_covered": 0.0, "percent_covered_display": "0", "missing_lines": 11, "excluded_lines": 0, "percent_statements_covered": 0.0, "percent_statements_covered_display": "0", "num_branches": 8, "num_partial_branches": 0, "covered_branches": 0, "missing_branches": 8, "percent_branches_covered": 0.0, "percent_branches_covered_display": "0"}, "missing_lines": [274, 275, 283, 284, 285, 286, 287, 288, 289, 290, 291], "excluded_lines": [], "start_line": 273, "executed_branches": [], "missing_branches": [[283, 284], [283, 285], [285, 286], [285, 287], [287, 288], [287, 289], [289, 290], [289, 291]]}, "_build_rag_context": {"executed_lines": [], "summary": {"covered_lines": 0, "num_statements": 26, "percent_covered": 0.0, "percent_covered_display": "0", "missing_lines": 26, "excluded_lines": 0, "percent_statements_covered": 0.0, "percent_statements_covered_display": "0", "num_branches": 20, "num_partial_branches": 0, "covered_branches": 0, "missing_branches": 20, "percent_branches_covered": 0.0, "percent_branches_covered_display": "0"}, "missing_lines": [295, 296, 297, 298, 299, 300, 301, 302, 303, 304, 305, 306, 307, 308, 309, 310, 311, 312, 313, 314, 315, 316, 317, 318, 319, 320], "excluded_lines": [], "start_line": 294, "executed_branches": [], "missing_branches": [[296, 297], [296, 298], [298, 299], [298, 300], [300, 301], [300, 311], [303, 304], [303, 305], [305, 306], [305, 307], [307, 308], [307, 309], [309, 310], [309, 311], [311, 312], [311, 313], [315, 316], [315, 320], [317, 315], [317, 318]]}, "_chat_completion_text": {"executed_lines": [], "summary": {"covered_lines": 0, "num_statements": 2, "percent_covered": 0.0, "percent_covered_display": "0", "missing_lines": 2, "excluded_lines": 0, "percent_statements_covered": 0.0, "percent_statements_covered_display": "0", "num_branches": 0, "num_partial_branches": 0, "covered_branches": 0, "missing_branches": 0, "percent_branches_covered": 100.0, "percent_branches_covered_display": "100"}, "missing_lines": [324, 329], "excluded_lines": [], "start_line": 323, "executed_branches": [], "missing_branches": []}, "generate_training_advice": {"executed_lines": [], "summary": {"covered_lines": 0, "num_statements": 69, "percent_covered": 0.0, "percent_covered_display": "0", "missing_lines": 69, "excluded_lines": 0, "percent_statements_covered": 0.0, "percent_statements_covered_display": "0", "num_branches": 14, "num_partial_branches": 0, "covered_branches": 0, "missing_branches": 14, "percent_branches_covered": 0.0, "percent_branches_covered_display": "0"}, "missing_lines": [333, 334, 335, 336, 337, 339, 340, 341, 342, 344, 345, 346, 353, 354, 355, 356, 357, 358, 359, 360, 361, 363, 364, 365, 366, 367, 368, 369, 371, 372, 373, 376, 377, 378, 379, 380, 381, 382, 383, 410, 411, 412, 413, 414, 415, 416, 417, 419, 420, 422, 423, 424, 425, 426, 428, 429, 430, 431, 433, 434, 435, 436, 437, 438, 439, 440, 441, 442, 443], "excluded_lines": [], "start_line": 332, "executed_branches": [], "missing_branches": [[334, 335], [334, 336], [336, 337], [336, 339], [353, 354], [353, 363], [367, 368], [367, 379], [372, 373], [372, 379], [412, 413], [412, 443], [437, 438], [437, 441]]}, "generate_recovery_advice": {"executed_lines": [], "summary": {"covered_lines": 0, "num_statements": 49, "percent_covered": 0.0, "percent_covered_display": "0", "missing_lines": 49, "excluded_lines": 0, "percent_statements_covered": 0.0, "percent_statements_covered_display": "0", "num_branches": 10, "num_partial_branches": 0, "covered_branches": 0, "missing_branches": 10, "percent_branches_covered": 0.0, "percent_branches_covered_display": "0"}, "missing_lines": [455, 457, 458, 459, 460, 461, 463, 464, 465, 466, 467, 468, 469, 470, 471, 472, 473, 475, 476, 477, 480, 481, 482, 483, 484, 506, 507, 508, 509, 510, 511, 512, 514, 515, 517, 518, 519, 520, 522, 523, 524, 525, 527, 528, 529, 530, 531, 532, 533], "excluded_lines": [], "start_line": 449, "executed_branches": [], "missing_branches": [[458, 459], [458, 460], [460, 461], [460, 463], [471, 472], [471, 483], [476, 477], [476, 483], [508, 509], [508, 533]]}, "_generate_fallback_training_advice": {"executed_lines": [], "summary": {"covered_lines": 0, "num_statements": 6, "percent_covered": 0.0, "percent_covered_display": "0", "missing_lines": 6, "excluded_lines": 0, "percent_statements_covered": 0.0, "percent_statements_covered_display": "0", "num_branches": 2, "num_partial_branches": 0, "covered_branches": 0, "missing_branches": 2, "percent_branches_covered": 0.0, "percent_branches_covered_display": "0"}, "missing_lines": [540, 541, 542, 543, 549, 556], "excluded_lines": [], "start_line": 539, "executed_branches": [], "missing_branches": [[541, 542], [541, 549]]}, "_generate_fallback_recovery_advice": {"executed_lines": [], "summary": {"covered_lines": 0, "num_statements": 7, "percent_covered": 0.0, "percent_covered_display": "0", "missing_lines": 7, "excluded_lines": 0, "percent_statements_covered": 0.0, "percent_statements_covered_display": "0", "num_branches": 2, "num_partial_branches": 0, "covered_branches": 0, "missing_branches": 2, "percent_branches_covered": 0.0, "percent_branches_covered_display": "0"}, "missing_lines": [560, 561, 562, 563, 565, 569, 576], "excluded_lines": [], "start_line": 559, "executed_branches": [], "missing_branches": [[562, 563], [562, 565]]}, "analyze_historical_trend": {"executed_lines": [], "summary": {"covered_lines": 0, "num_statements": 7, "percent_covered": 0.0, "percent_covered_display": "0", "missing_lines": 7, "excluded_lines": 0, "percent_statements_covered": 0.0, "percent_statements_covered_display": "0", "num_branches": 2, "num_partial_branches": 0, "covered_branches": 0, "missing_branches": 2, "percent_branches_covered": 0.0, "percent_branches_covered_display": "0"}, "missing_lines": [583, 584, 585, 587, 588, 589, 590], "excluded_lines": [], "start_line": 582, "executed_branches": [], "missing_branches": [[583, 584], [583, 585]]}, "get_fitness_state_explanation": {"executed_lines": [], "summary": {"covered_lines": 0, "num_statements": 10, "percent_covered": 0.0, "percent_covered_display": "0", "missing_lines": 10, "excluded_lines": 0, "percent_statements_covered": 0.0, "percent_statements_covered_display": "0", "num_branches": 2, "num_partial_branches": 0, "covered_branches": 0, "missing_branches": 2, "percent_branches_covered": 0.0, "percent_branches_covered_display": "0"}, "missing_lines": [598, 599, 601, 603, 605, 615, 616, 617, 618, 619], "excluded_lines": [], "start_line": 596, "executed_branches": [], "missing_branches": [[598, 599], [598, 601]]}, "get_fitness_state_explanation._get": {"executed_lines": [], "summary": {"covered_lines": 0, "num_statements": 5, "percent_covered": 0.0, "percent_covered_display": "0", "missing_lines": 5, "excluded_lines": 0, "percent_statements_covered": 0.0, "percent_statements_covered_display": "0", "num_branches": 2, "num_partial_branches": 0, "covered_branches": 0, "missing_branches": 2, "percent_branches_covered": 0.0, "percent_branches_covered_display": "0"}, "missing_lines": [606, 607, 608, 609, 610], "excluded_lines": [], "start_line": 605, "executed_branches": [], "missing_branches": [[608, 609], [608, 610]]}, "ai_coach_full": {"executed_lines": [], "summary": {"covered_lines": 0, "num_statements": 36, "percent_covered": 0.0, "percent_covered_display": "0", "missing_lines": 36, "excluded_lines": 0, "percent_statements_covered": 0.0, "percent_statements_covered_display": "0", "num_branches": 10, "num_partial_branches": 0, "covered_branches": 0, "missing_branches": 10, "percent_branches_covered": 0.0, "percent_branches_covered_display": "0"}, "missing_lines": [623, 625, 631, 633, 634, 635, 636, 637, 638, 639, 640, 641, 642, 643, 644, 645, 646, 647, 649, 650, 651, 652, 653, 654, 655, 656, 657, 658, 659, 660, 661, 662, 663, 664, 665, 666], "excluded_lines": [], "start_line": 622, "executed_branches": [], "missing_branches": [[643, 644], [643, 646], [646, 647], [646, 655], [651, 652], [651, 655], [655, 656], [655, 661], [664, 665], [664, 666]]}, "generate_training_plan": {"executed_lines": [], "summary": {"covered_lines": 0, "num_statements": 15, "percent_covered": 0.0, "percent_covered_display": "0", "missing_lines": 15, "excluded_lines": 0, "percent_statements_covered": 0.0, "percent_statements_covered_display": "0", "num_branches": 6, "num_partial_branches": 0, "covered_branches": 0, "missing_branches": 6, "percent_branches_covered": 0.0, "percent_branches_covered_display": "0"}, "missing_lines": [691, 698, 699, 700, 702, 703, 704, 705, 712, 713, 721, 729, 737, 738, 745], "excluded_lines": [], "start_line": 684, "executed_branches": [], "missing_branches": [[702, 703], [702, 729], [704, 705], [704, 712], [712, 713], [712, 721]]}, "analyze_anomalies": {"executed_lines": [], "summary": {"covered_lines": 0, "num_statements": 15, "percent_covered": 0.0, "percent_covered_display": "0", "missing_lines": 15, "excluded_lines": 0, "percent_statements_covered": 0.0, "percent_statements_covered_display": "0", "num_branches": 10, "num_partial_branches": 0, "covered_branches": 0, "missing_branches": 10, "percent_branches_covered": 0.0, "percent_branches_covered_display": "0"}, "missing_lines": [785, 786, 788, 789, 790, 791, 792, 793, 794, 802, 803, 804, 805, 806, 814], "excluded_lines": [], "start_line": 783, "executed_branches": [], "missing_branches": [[785, 786], [785, 788], [790, 791], [790, 802], [793, 794], [793, 802], [803, 804], [803, 814], [805, 806], [805, 814]]}, "chat_with_tools": {"executed_lines": [], "summary": {"covered_lines": 0, "num_statements": 25, "percent_covered": 0.0, "percent_covered_display": "0", "missing_lines": 25, "excluded_lines": 0, "percent_statements_covered": 0.0, "percent_statements_covered_display": "0", "num_branches": 6, "num_partial_branches": 0, "covered_branches": 0, "missing_branches": 6, "percent_branches_covered": 0.0, "percent_branches_covered_display": "0"}, "missing_lines": [836, 837, 839, 840, 841, 842, 844, 846, 848, 857, 896, 897, 898, 908, 909, 910, 928, 929, 931, 932, 934, 936, 945, 946, 947], "excluded_lines": [], "start_line": 817, "executed_branches": [], "missing_branches": [[836, 837], [836, 839], [908, 909], [908, 945], [931, 932], [931, 936]]}, "chat_with_tools._execute_tool_calls": {"executed_lines": [], "summary": {"covered_lines": 0, "num_statements": 18, "percent_covered": 0.0, "percent_covered_display": "0", "missing_lines": 18, "excluded_lines": 0, "percent_statements_covered": 0.0, "percent_statements_covered_display": "0", "num_branches": 6, "num_partial_branches": 0, "covered_branches": 0, "missing_branches": 6, "percent_branches_covered": 0.0, "percent_branches_covered_display": "0"}, "missing_lines": [858, 859, 860, 861, 862, 863, 864, 865, 866, 867, 868, 869, 870, 877, 878, 879, 887, 894], "excluded_lines": [], "start_line": 857, "executed_branches": [], "missing_branches": [[859, 860], [859, 894], [862, 863], [862, 867], [867, 868], [867, 887]]}, "": {"executed_lines": [3, 5, 6, 7, 8, 9, 10, 12, 22, 23, 24, 25, 27, 29, 30, 36, 37, 38, 40, 41, 43, 44, 47, 55, 60, 69, 78, 83, 148, 152, 176, 223, 260, 273, 294, 323, 332, 446, 449, 536, 539, 559, 579, 582, 593, 596, 622, 684, 748, 755, 770, 783, 817], "summary": {"covered_lines": 53, "num_statements": 53, "percent_covered": 100.0, "percent_covered_display": "100", "missing_lines": 0, "excluded_lines": 0, "percent_statements_covered": 100.0, "percent_statements_covered_display": "100", "num_branches": 0, "num_partial_branches": 0, "covered_branches": 0, "missing_branches": 0, "percent_branches_covered": 100.0, "percent_branches_covered_display": "100"}, "missing_lines": [], "excluded_lines": [], "start_line": 1, "executed_branches": [], "missing_branches": []}}, "classes": {"": {"executed_lines": [3, 5, 6, 7, 8, 9, 10, 12, 22, 23, 24, 25, 27, 29, 30, 36, 37, 38, 40, 41, 43, 44, 47, 55, 60, 69, 78, 83, 148, 152, 176, 223, 260, 273, 294, 323, 332, 446, 449, 536, 539, 559, 579, 582, 593, 596, 622, 684, 748, 755, 770, 783, 817], "summary": {"covered_lines": 53, "num_statements": 495, "percent_covered": 7.993966817496229, "percent_covered_display": "8", "missing_lines": 442, "excluded_lines": 0, "percent_statements_covered": 10.707070707070708, "percent_statements_covered_display": "11", "num_branches": 168, "num_partial_branches": 0, "covered_branches": 0, "missing_branches": 168, "percent_branches_covered": 0.0, "percent_branches_covered_display": "0"}, "missing_lines": [48, 49, 50, 51, 52, 56, 57, 61, 62, 63, 64, 65, 66, 70, 72, 73, 74, 75, 79, 80, 85, 86, 88, 89, 90, 91, 95, 97, 98, 99, 100, 101, 102, 103, 104, 105, 106, 107, 108, 109, 111, 112, 113, 115, 116, 117, 119, 126, 127, 128, 129, 130, 136, 137, 138, 140, 144, 145, 149, 154, 155, 156, 158, 161, 162, 163, 164, 165, 166, 167, 168, 169, 170, 171, 172, 173, 177, 178, 179, 181, 185, 186, 187, 188, 189, 190, 191, 192, 193, 194, 195, 196, 198, 199, 200, 201, 202, 203, 204, 206, 208, 209, 210, 211, 213, 216, 219, 220, 224, 225, 227, 231, 232, 233, 234, 235, 237, 238, 239, 240, 241, 242, 243, 245, 246, 248, 249, 250, 252, 253, 256, 257, 261, 262, 263, 264, 265, 267, 268, 269, 270, 274, 275, 283, 284, 285, 286, 287, 288, 289, 290, 291, 295, 296, 297, 298, 299, 300, 301, 302, 303, 304, 305, 306, 307, 308, 309, 310, 311, 312, 313, 314, 315, 316, 317, 318, 319, 320, 324, 329, 333, 334, 335, 336, 337, 339, 340, 341, 342, 344, 345, 346, 353, 354, 355, 356, 357, 358, 359, 360, 361, 363, 364, 365, 366, 367, 368, 369, 371, 372, 373, 376, 377, 378, 379, 380, 381, 382, 383, 410, 411, 412, 413, 414, 415, 416, 417, 419, 420, 422, 423, 424, 425, 426, 428, 429, 430, 431, 433, 434, 435, 436, 437, 438, 439, 440, 441, 442, 443, 455, 457, 458, 459, 460, 461, 463, 464, 465, 466, 467, 468, 469, 470, 471, 472, 473, 475, 476, 477, 480, 481, 482, 483, 484, 506, 507, 508, 509, 510, 511, 512, 514, 515, 517, 518, 519, 520, 522, 523, 524, 525, 527, 528, 529, 530, 531, 532, 533, 540, 541, 542, 543, 549, 556, 560, 561, 562, 563, 565, 569, 576, 583, 584, 585, 587, 588, 589, 590, 598, 599, 601, 603, 605, 606, 607, 608, 609, 610, 615, 616, 617, 618, 619, 623, 625, 631, 633, 634, 635, 636, 637, 638, 639, 640, 641, 642, 643, 644, 645, 646, 647, 649, 650, 651, 652, 653, 654, 655, 656, 657, 658, 659, 660, 661, 662, 663, 664, 665, 666, 691, 698, 699, 700, 702, 703, 704, 705, 712, 713, 721, 729, 737, 738, 745, 785, 786, 788, 789, 790, 791, 792, 793, 794, 802, 803, 804, 805, 806, 814, 836, 837, 839, 840, 841, 842, 844, 846, 848, 857, 858, 859, 860, 861, 862, 863, 864, 865, 866, 867, 868, 869, 870, 877, 878, 879, 887, 894, 896, 897, 898, 908, 909, 910, 928, 929, 931, 932, 934, 936, 945, 946, 947], "excluded_lines": [], "start_line": 1, "executed_branches": [], "missing_branches": [[62, 63], [62, 66], [64, 65], [64, 66], [72, 73], [72, 75], [85, 86], [85, 88], [97, 98], [97, 140], [99, 100], [99, 101], [101, 102], [101, 103], [103, 104], [103, 105], [105, 106], [105, 107], [108, 109], [108, 112], [112, 113], [112, 116], [116, 117], [116, 126], [154, 155], [154, 166], [161, 162], [161, 166], [167, 168], [167, 169], [170, 171], [170, 173], [185, 186], [185, 187], [187, 188], [187, 189], [189, 190], [189, 191], [191, 192], [191, 193], [193, 194], [193, 195], [195, 196], [195, 198], [200, 201], [200, 206], [202, 200], [202, 203], [209, 210], [209, 213], [231, 232], [231, 237], [232, 233], [232, 234], [234, 235], [234, 237], [239, 240], [239, 245], [241, 239], [241, 242], [249, 250], [249, 252], [262, 263], [262, 264], [264, 265], [264, 267], [268, 269], [268, 270], [283, 284], [283, 285], [285, 286], [285, 287], [287, 288], [287, 289], [289, 290], [289, 291], [296, 297], [296, 298], [298, 299], [298, 300], [300, 301], [300, 311], [303, 304], [303, 305], [305, 306], [305, 307], [307, 308], [307, 309], [309, 310], [309, 311], [311, 312], [311, 313], [315, 316], [315, 320], [317, 315], [317, 318], [334, 335], [334, 336], [336, 337], [336, 339], [353, 354], [353, 363], [367, 368], [367, 379], [372, 373], [372, 379], [412, 413], [412, 443], [437, 438], [437, 441], [458, 459], [458, 460], [460, 461], [460, 463], [471, 472], [471, 483], [476, 477], [476, 483], [508, 509], [508, 533], [541, 542], [541, 549], [562, 563], [562, 565], [583, 584], [583, 585], [598, 599], [598, 601], [608, 609], [608, 610], [643, 644], [643, 646], [646, 647], [646, 655], [651, 652], [651, 655], [655, 656], [655, 661], [664, 665], [664, 666], [702, 703], [702, 729], [704, 705], [704, 712], [712, 713], [712, 721], [785, 786], [785, 788], [790, 791], [790, 802], [793, 794], [793, 802], [803, 804], [803, 814], [805, 806], [805, 814], [836, 837], [836, 839], [859, 860], [859, 894], [862, 863], [862, 867], [867, 868], [867, 887], [908, 909], [908, 945], [931, 932], [931, 936]]}}}, "bike_analyzer\\backend\\analytics\\analytics.py": {"executed_lines": [3, 5, 6, 7, 9, 11, 12, 14, 15, 18, 36, 51, 55, 59, 92, 98, 127, 143, 155, 167, 181, 193, 213, 235], "summary": {"covered_lines": 24, "num_statements": 135, "percent_covered": 15.686274509803921, "percent_covered_display": "16", "missing_lines": 111, "excluded_lines": 0, "percent_statements_covered": 17.77777777777778, "percent_statements_covered_display": "18", "num_branches": 18, "num_partial_branches": 0, "covered_branches": 0, "missing_branches": 18, "percent_branches_covered": 0.0, "percent_branches_covered_display": "0"}, "missing_lines": [19, 20, 27, 37, 38, 52, 56, 60, 61, 62, 63, 64, 76, 77, 89, 93, 94, 95, 99, 100, 101, 112, 113, 124, 128, 129, 144, 145, 146, 147, 148, 149, 150, 151, 152, 156, 157, 158, 159, 160, 161, 162, 163, 164, 168, 169, 170, 171, 172, 173, 174, 175, 176, 177, 178, 182, 183, 184, 185, 186, 187, 188, 189, 190, 194, 195, 196, 197, 198, 199, 200, 201, 202, 203, 204, 206, 207, 208, 209, 210, 214, 215, 216, 217, 218, 219, 220, 221, 222, 223, 224, 225, 226, 228, 229, 230, 231, 232, 236, 237, 238, 239, 240, 241, 242, 243, 245, 246, 247, 248, 249], "excluded_lines": [], "executed_branches": [], "missing_branches": [[19, 20], [19, 27], [61, 62], [61, 63], [76, 77], [76, 89], [112, 113], [112, 124], [194, 195], [194, 196], [197, 198], [197, 199], [214, 215], [214, 216], [218, 219], [218, 221], [236, 237], [236, 238]], "functions": {"calculate_summary": {"executed_lines": [], "summary": {"covered_lines": 0, "num_statements": 3, "percent_covered": 0.0, "percent_covered_display": "0", "missing_lines": 3, "excluded_lines": 0, "percent_statements_covered": 0.0, "percent_statements_covered_display": "0", "num_branches": 2, "num_partial_branches": 0, "covered_branches": 0, "missing_branches": 2, "percent_branches_covered": 0.0, "percent_branches_covered_display": "0"}, "missing_lines": [19, 20, 27], "excluded_lines": [], "start_line": 18, "executed_branches": [], "missing_branches": [[19, 20], [19, 27]]}, "analyze_ride": {"executed_lines": [], "summary": {"covered_lines": 0, "num_statements": 2, "percent_covered": 0.0, "percent_covered_display": "0", "missing_lines": 2, "excluded_lines": 0, "percent_statements_covered": 0.0, "percent_statements_covered_display": "0", "num_branches": 0, "num_partial_branches": 0, "covered_branches": 0, "missing_branches": 0, "percent_branches_covered": 100.0, "percent_branches_covered_display": "100"}, "missing_lines": [37, 38], "excluded_lines": [], "start_line": 36, "executed_branches": [], "missing_branches": []}, "ride_to_json": {"executed_lines": [], "summary": {"covered_lines": 0, "num_statements": 1, "percent_covered": 0.0, "percent_covered_display": "0", "missing_lines": 1, "excluded_lines": 0, "percent_statements_covered": 0.0, "percent_statements_covered_display": "0", "num_branches": 0, "num_partial_branches": 0, "covered_branches": 0, "missing_branches": 0, "percent_branches_covered": 100.0, "percent_branches_covered_display": "100"}, "missing_lines": [52], "excluded_lines": [], "start_line": 51, "executed_branches": [], "missing_branches": []}, "rides_to_json": {"executed_lines": [], "summary": {"covered_lines": 0, "num_statements": 1, "percent_covered": 0.0, "percent_covered_display": "0", "missing_lines": 1, "excluded_lines": 0, "percent_statements_covered": 0.0, "percent_statements_covered_display": "0", "num_branches": 0, "num_partial_branches": 0, "covered_branches": 0, "missing_branches": 0, "percent_branches_covered": 100.0, "percent_branches_covered_display": "100"}, "missing_lines": [56], "excluded_lines": [], "start_line": 55, "executed_branches": [], "missing_branches": []}, "rides_to_csv": {"executed_lines": [], "summary": {"covered_lines": 0, "num_statements": 8, "percent_covered": 0.0, "percent_covered_display": "0", "missing_lines": 8, "excluded_lines": 0, "percent_statements_covered": 0.0, "percent_statements_covered_display": "0", "num_branches": 4, "num_partial_branches": 0, "covered_branches": 0, "missing_branches": 4, "percent_branches_covered": 0.0, "percent_branches_covered_display": "0"}, "missing_lines": [60, 61, 62, 63, 64, 76, 77, 89], "excluded_lines": [], "start_line": 59, "executed_branches": [], "missing_branches": [[61, 62], [61, 63], [76, 77], [76, 89]]}, "export_rides_json": {"executed_lines": [], "summary": {"covered_lines": 0, "num_statements": 3, "percent_covered": 0.0, "percent_covered_display": "0", "missing_lines": 3, "excluded_lines": 0, "percent_statements_covered": 0.0, "percent_statements_covered_display": "0", "num_branches": 0, "num_partial_branches": 0, "covered_branches": 0, "missing_branches": 0, "percent_branches_covered": 100.0, "percent_branches_covered_display": "100"}, "missing_lines": [93, 94, 95], "excluded_lines": [], "start_line": 92, "executed_branches": [], "missing_branches": []}, "export_rides_csv": {"executed_lines": [], "summary": {"covered_lines": 0, "num_statements": 6, "percent_covered": 0.0, "percent_covered_display": "0", "missing_lines": 6, "excluded_lines": 0, "percent_statements_covered": 0.0, "percent_statements_covered_display": "0", "num_branches": 2, "num_partial_branches": 0, "covered_branches": 0, "missing_branches": 2, "percent_branches_covered": 0.0, "percent_branches_covered_display": "0"}, "missing_lines": [99, 100, 101, 112, 113, 124], "excluded_lines": [], "start_line": 98, "executed_branches": [], "missing_branches": [[112, 113], [112, 124]]}, "generate_text_report": {"executed_lines": [], "summary": {"covered_lines": 0, "num_statements": 2, "percent_covered": 0.0, "percent_covered_display": "0", "missing_lines": 2, "excluded_lines": 0, "percent_statements_covered": 0.0, "percent_statements_covered_display": "0", "num_branches": 0, "num_partial_branches": 0, "covered_branches": 0, "missing_branches": 0, "percent_branches_covered": 100.0, "percent_branches_covered_display": "100"}, "missing_lines": [128, 129], "excluded_lines": [], "start_line": 127, "executed_branches": [], "missing_branches": []}, "create_speed_chart": {"executed_lines": [], "summary": {"covered_lines": 0, "num_statements": 9, "percent_covered": 0.0, "percent_covered_display": "0", "missing_lines": 9, "excluded_lines": 0, "percent_statements_covered": 0.0, "percent_statements_covered_display": "0", "num_branches": 0, "num_partial_branches": 0, "covered_branches": 0, "missing_branches": 0, "percent_branches_covered": 100.0, "percent_branches_covered_display": "100"}, "missing_lines": [144, 145, 146, 147, 148, 149, 150, 151, 152], "excluded_lines": [], "start_line": 143, "executed_branches": [], "missing_branches": []}, "create_elevation_chart": {"executed_lines": [], "summary": {"covered_lines": 0, "num_statements": 9, "percent_covered": 0.0, "percent_covered_display": "0", "missing_lines": 9, "excluded_lines": 0, "percent_statements_covered": 0.0, "percent_statements_covered_display": "0", "num_branches": 0, "num_partial_branches": 0, "covered_branches": 0, "missing_branches": 0, "percent_branches_covered": 100.0, "percent_branches_covered_display": "100"}, "missing_lines": [156, 157, 158, 159, 160, 161, 162, 163, 164], "excluded_lines": [], "start_line": 155, "executed_branches": [], "missing_branches": []}, "create_duration_chart": {"executed_lines": [], "summary": {"covered_lines": 0, "num_statements": 11, "percent_covered": 0.0, "percent_covered_display": "0", "missing_lines": 11, "excluded_lines": 0, "percent_statements_covered": 0.0, "percent_statements_covered_display": "0", "num_branches": 0, "num_partial_branches": 0, "covered_branches": 0, "missing_branches": 0, "percent_branches_covered": 100.0, "percent_branches_covered_display": "100"}, "missing_lines": [168, 169, 170, 171, 172, 173, 174, 175, 176, 177, 178], "excluded_lines": [], "start_line": 167, "executed_branches": [], "missing_branches": []}, "create_distance_chart": {"executed_lines": [], "summary": {"covered_lines": 0, "num_statements": 9, "percent_covered": 0.0, "percent_covered_display": "0", "missing_lines": 9, "excluded_lines": 0, "percent_statements_covered": 0.0, "percent_statements_covered_display": "0", "num_branches": 0, "num_partial_branches": 0, "covered_branches": 0, "missing_branches": 0, "percent_branches_covered": 100.0, "percent_branches_covered_display": "100"}, "missing_lines": [182, 183, 184, 185, 186, 187, 188, 189, 190], "excluded_lines": [], "start_line": 181, "executed_branches": [], "missing_branches": []}, "generate_speed_chart": {"executed_lines": [], "summary": {"covered_lines": 0, "num_statements": 16, "percent_covered": 0.0, "percent_covered_display": "0", "missing_lines": 16, "excluded_lines": 0, "percent_statements_covered": 0.0, "percent_statements_covered_display": "0", "num_branches": 4, "num_partial_branches": 0, "covered_branches": 0, "missing_branches": 4, "percent_branches_covered": 0.0, "percent_branches_covered_display": "0"}, "missing_lines": [194, 195, 196, 197, 198, 199, 200, 201, 202, 203, 204, 206, 207, 208, 209, 210], "excluded_lines": [], "start_line": 193, "executed_branches": [], "missing_branches": [[194, 195], [194, 196], [197, 198], [197, 199]]}, "generate_distance_chart": {"executed_lines": [], "summary": {"covered_lines": 0, "num_statements": 18, "percent_covered": 0.0, "percent_covered_display": "0", "missing_lines": 18, "excluded_lines": 0, "percent_statements_covered": 0.0, "percent_statements_covered_display": "0", "num_branches": 4, "num_partial_branches": 0, "covered_branches": 0, "missing_branches": 4, "percent_branches_covered": 0.0, "percent_branches_covered_display": "0"}, "missing_lines": [214, 215, 216, 217, 218, 219, 220, 221, 222, 223, 224, 225, 226, 228, 229, 230, 231, 232], "excluded_lines": [], "start_line": 213, "executed_branches": [], "missing_branches": [[214, 215], [214, 216], [218, 219], [218, 221]]}, "generate_time_chart": {"executed_lines": [], "summary": {"covered_lines": 0, "num_statements": 13, "percent_covered": 0.0, "percent_covered_display": "0", "missing_lines": 13, "excluded_lines": 0, "percent_statements_covered": 0.0, "percent_statements_covered_display": "0", "num_branches": 2, "num_partial_branches": 0, "covered_branches": 0, "missing_branches": 2, "percent_branches_covered": 0.0, "percent_branches_covered_display": "0"}, "missing_lines": [236, 237, 238, 239, 240, 241, 242, 243, 245, 246, 247, 248, 249], "excluded_lines": [], "start_line": 235, "executed_branches": [], "missing_branches": [[236, 237], [236, 238]]}, "": {"executed_lines": [3, 5, 6, 7, 9, 11, 12, 14, 15, 18, 36, 51, 55, 59, 92, 98, 127, 143, 155, 167, 181, 193, 213, 235], "summary": {"covered_lines": 24, "num_statements": 24, "percent_covered": 100.0, "percent_covered_display": "100", "missing_lines": 0, "excluded_lines": 0, "percent_statements_covered": 100.0, "percent_statements_covered_display": "100", "num_branches": 0, "num_partial_branches": 0, "covered_branches": 0, "missing_branches": 0, "percent_branches_covered": 100.0, "percent_branches_covered_display": "100"}, "missing_lines": [], "excluded_lines": [], "start_line": 1, "executed_branches": [], "missing_branches": []}}, "classes": {"": {"executed_lines": [3, 5, 6, 7, 9, 11, 12, 14, 15, 18, 36, 51, 55, 59, 92, 98, 127, 143, 155, 167, 181, 193, 213, 235], "summary": {"covered_lines": 24, "num_statements": 135, "percent_covered": 15.686274509803921, "percent_covered_display": "16", "missing_lines": 111, "excluded_lines": 0, "percent_statements_covered": 17.77777777777778, "percent_statements_covered_display": "18", "num_branches": 18, "num_partial_branches": 0, "covered_branches": 0, "missing_branches": 18, "percent_branches_covered": 0.0, "percent_branches_covered_display": "0"}, "missing_lines": [19, 20, 27, 37, 38, 52, 56, 60, 61, 62, 63, 64, 76, 77, 89, 93, 94, 95, 99, 100, 101, 112, 113, 124, 128, 129, 144, 145, 146, 147, 148, 149, 150, 151, 152, 156, 157, 158, 159, 160, 161, 162, 163, 164, 168, 169, 170, 171, 172, 173, 174, 175, 176, 177, 178, 182, 183, 184, 185, 186, 187, 188, 189, 190, 194, 195, 196, 197, 198, 199, 200, 201, 202, 203, 204, 206, 207, 208, 209, 210, 214, 215, 216, 217, 218, 219, 220, 221, 222, 223, 224, 225, 226, 228, 229, 230, 231, 232, 236, 237, 238, 239, 240, 241, 242, 243, 245, 246, 247, 248, 249], "excluded_lines": [], "start_line": 1, "executed_branches": [], "missing_branches": [[19, 20], [19, 27], [61, 62], [61, 63], [76, 77], [76, 89], [112, 113], [112, 124], [194, 195], [194, 196], [197, 198], [197, 199], [214, 215], [214, 216], [218, 219], [218, 221], [236, 237], [236, 238]]}}}, "bike_analyzer\\backend\\analytics\\analytics_trends.py": {"executed_lines": [13, 15, 16, 17, 20, 36, 47, 64, 69, 96, 108, 218, 292, 388, 456, 481], "summary": {"covered_lines": 16, "num_statements": 198, "percent_covered": 6.015037593984962, "percent_covered_display": "6", "missing_lines": 182, "excluded_lines": 0, "percent_statements_covered": 8.080808080808081, "percent_statements_covered_display": "8", "num_branches": 68, "num_partial_branches": 0, "covered_branches": 0, "missing_branches": 68, "percent_branches_covered": 0.0, "percent_branches_covered_display": "0"}, "missing_lines": [22, 23, 24, 26, 27, 28, 29, 30, 31, 32, 33, 38, 39, 40, 41, 42, 43, 44, 49, 50, 51, 52, 53, 54, 55, 56, 57, 58, 59, 60, 61, 65, 66, 71, 72, 73, 74, 76, 77, 78, 80, 81, 82, 84, 85, 87, 88, 89, 91, 93, 98, 99, 100, 101, 102, 103, 104, 105, 134, 136, 137, 154, 156, 157, 158, 159, 160, 161, 162, 164, 165, 181, 182, 183, 184, 186, 188, 189, 190, 191, 192, 194, 196, 198, 233, 234, 235, 246, 247, 248, 249, 250, 251, 257, 258, 259, 260, 261, 262, 263, 265, 267, 277, 278, 279, 280, 281, 283, 284, 285, 286, 287, 289, 313, 314, 315, 328, 329, 332, 334, 335, 337, 338, 339, 340, 341, 342, 343, 344, 345, 347, 348, 349, 351, 352, 353, 355, 356, 357, 358, 359, 361, 362, 363, 364, 365, 367, 368, 369, 370, 372, 373, 375, 407, 408, 409, 419, 420, 421, 422, 424, 425, 427, 428, 429, 431, 432, 433, 435, 436, 437, 438, 439, 441, 443, 461, 462, 473, 474, 475, 476, 477], "excluded_lines": [], "executed_branches": [], "missing_branches": [[22, 23], [22, 24], [24, 26], [24, 31], [31, 32], [31, 33], [38, 39], [38, 40], [50, 51], [50, 61], [51, 52], [51, 53], [59, 50], [59, 60], [72, 73], [72, 76], [87, 88], [87, 91], [98, 99], [98, 100], [101, 102], [101, 105], [136, 137], [136, 154], [158, 159], [158, 164], [160, 158], [160, 161], [164, 165], [164, 181], [189, 190], [189, 191], [191, 192], [191, 194], [234, 235], [234, 246], [247, 248], [247, 265], [250, 251], [250, 257], [262, 247], [262, 263], [277, 278], [277, 289], [314, 315], [314, 328], [337, 338], [337, 347], [339, 340], [339, 341], [342, 343], [342, 344], [344, 337], [344, 345], [357, 358], [357, 361], [363, 364], [363, 367], [408, 409], [408, 419], [436, 437], [436, 438], [438, 439], [438, 441], [473, 474], [473, 477], [475, 473], [475, 476]], "functions": {"_to_date": {"executed_lines": [], "summary": {"covered_lines": 0, "num_statements": 11, "percent_covered": 0.0, "percent_covered_display": "0", "missing_lines": 11, "excluded_lines": 0, "percent_statements_covered": 0.0, "percent_statements_covered_display": "0", "num_branches": 6, "num_partial_branches": 0, "covered_branches": 0, "missing_branches": 6, "percent_branches_covered": 0.0, "percent_branches_covered_display": "0"}, "missing_lines": [22, 23, 24, 26, 27, 28, 29, 30, 31, 32, 33], "excluded_lines": [], "start_line": 20, "executed_branches": [], "missing_branches": [[22, 23], [22, 24], [24, 26], [24, 31], [31, 32], [31, 33]]}, "_safe_float": {"executed_lines": [], "summary": {"covered_lines": 0, "num_statements": 7, "percent_covered": 0.0, "percent_covered_display": "0", "missing_lines": 7, "excluded_lines": 0, "percent_statements_covered": 0.0, "percent_statements_covered_display": "0", "num_branches": 2, "num_partial_branches": 0, "covered_branches": 0, "missing_branches": 2, "percent_branches_covered": 0.0, "percent_branches_covered_display": "0"}, "missing_lines": [38, 39, 40, 41, 42, 43, 44], "excluded_lines": [], "start_line": 36, "executed_branches": [], "missing_branches": [[38, 39], [38, 40]]}, "_filter_valid_rides": {"executed_lines": [], "summary": {"covered_lines": 0, "num_statements": 13, "percent_covered": 0.0, "percent_covered_display": "0", "missing_lines": 13, "excluded_lines": 0, "percent_statements_covered": 0.0, "percent_statements_covered_display": "0", "num_branches": 6, "num_partial_branches": 0, "covered_branches": 0, "missing_branches": 6, "percent_branches_covered": 0.0, "percent_branches_covered_display": "0"}, "missing_lines": [49, 50, 51, 52, 53, 54, 55, 56, 57, 58, 59, 60, 61], "excluded_lines": [], "start_line": 47, "executed_branches": [], "missing_branches": [[50, 51], [50, 61], [51, 52], [51, 53], [59, 50], [59, 60]]}, "_duration_hours": {"executed_lines": [], "summary": {"covered_lines": 0, "num_statements": 2, "percent_covered": 0.0, "percent_covered_display": "0", "missing_lines": 2, "excluded_lines": 0, "percent_statements_covered": 0.0, "percent_statements_covered_display": "0", "num_branches": 0, "num_partial_branches": 0, "covered_branches": 0, "missing_branches": 0, "percent_branches_covered": 100.0, "percent_branches_covered_display": "100"}, "missing_lines": [65, 66], "excluded_lines": [], "start_line": 64, "executed_branches": [], "missing_branches": []}, "_fit_linear": {"executed_lines": [], "summary": {"covered_lines": 0, "num_statements": 17, "percent_covered": 0.0, "percent_covered_display": "0", "missing_lines": 17, "excluded_lines": 0, "percent_statements_covered": 0.0, "percent_statements_covered_display": "0", "num_branches": 4, "num_partial_branches": 0, "covered_branches": 0, "missing_branches": 4, "percent_branches_covered": 0.0, "percent_branches_covered_display": "0"}, "missing_lines": [71, 72, 73, 74, 76, 77, 78, 80, 81, 82, 84, 85, 87, 88, 89, 91, 93], "excluded_lines": [], "start_line": 69, "executed_branches": [], "missing_branches": [[72, 73], [72, 76], [87, 88], [87, 91]]}, "_rolling_average": {"executed_lines": [], "summary": {"covered_lines": 0, "num_statements": 8, "percent_covered": 0.0, "percent_covered_display": "0", "missing_lines": 8, "excluded_lines": 0, "percent_statements_covered": 0.0, "percent_statements_covered_display": "0", "num_branches": 4, "num_partial_branches": 0, "covered_branches": 0, "missing_branches": 4, "percent_branches_covered": 0.0, "percent_branches_covered_display": "0"}, "missing_lines": [98, 99, 100, 101, 102, 103, 104, 105], "excluded_lines": [], "start_line": 96, "executed_branches": [], "missing_branches": [[98, 99], [98, 100], [101, 102], [101, 105]]}, "calculate_fitness_trends": {"executed_lines": [], "summary": {"covered_lines": 0, "num_statements": 26, "percent_covered": 0.0, "percent_covered_display": "0", "missing_lines": 26, "excluded_lines": 0, "percent_statements_covered": 0.0, "percent_statements_covered_display": "0", "num_branches": 12, "num_partial_branches": 0, "covered_branches": 0, "missing_branches": 12, "percent_branches_covered": 0.0, "percent_branches_covered_display": "0"}, "missing_lines": [134, 136, 137, 154, 156, 157, 158, 159, 160, 161, 162, 164, 165, 181, 182, 183, 184, 186, 188, 189, 190, 191, 192, 194, 196, 198], "excluded_lines": [], "start_line": 108, "executed_branches": [], "missing_branches": [[136, 137], [136, 154], [158, 159], [158, 164], [160, 158], [160, 161], [164, 165], [164, 181], [189, 190], [189, 191], [191, 192], [191, 194]]}, "calculate_monthly_progression": {"executed_lines": [], "summary": {"covered_lines": 0, "num_statements": 29, "percent_covered": 0.0, "percent_covered_display": "0", "missing_lines": 29, "excluded_lines": 0, "percent_statements_covered": 0.0, "percent_statements_covered_display": "0", "num_branches": 10, "num_partial_branches": 0, "covered_branches": 0, "missing_branches": 10, "percent_branches_covered": 0.0, "percent_branches_covered_display": "0"}, "missing_lines": [233, 234, 235, 246, 247, 248, 249, 250, 251, 257, 258, 259, 260, 261, 262, 263, 265, 267, 277, 278, 279, 280, 281, 283, 284, 285, 286, 287, 289], "excluded_lines": [], "start_line": 218, "executed_branches": [], "missing_branches": [[234, 235], [234, 246], [247, 248], [247, 265], [250, 251], [250, 257], [262, 247], [262, 263], [277, 278], [277, 289]]}, "calculate_period_comparison": {"executed_lines": [], "summary": {"covered_lines": 0, "num_statements": 36, "percent_covered": 0.0, "percent_covered_display": "0", "missing_lines": 36, "excluded_lines": 0, "percent_statements_covered": 0.0, "percent_statements_covered_display": "0", "num_branches": 14, "num_partial_branches": 0, "covered_branches": 0, "missing_branches": 14, "percent_branches_covered": 0.0, "percent_branches_covered_display": "0"}, "missing_lines": [313, 314, 315, 328, 329, 332, 334, 335, 337, 338, 339, 340, 341, 342, 343, 344, 345, 347, 351, 355, 356, 357, 358, 359, 361, 362, 363, 364, 365, 367, 368, 369, 370, 372, 373, 375], "excluded_lines": [], "start_line": 292, "executed_branches": [], "missing_branches": [[314, 315], [314, 328], [337, 338], [337, 347], [339, 340], [339, 341], [342, 343], [342, 344], [344, 337], [344, 345], [357, 358], [357, 361], [363, 364], [363, 367]]}, "calculate_period_comparison._avg": {"executed_lines": [], "summary": {"covered_lines": 0, "num_statements": 2, "percent_covered": 0.0, "percent_covered_display": "0", "missing_lines": 2, "excluded_lines": 0, "percent_statements_covered": 0.0, "percent_statements_covered_display": "0", "num_branches": 0, "num_partial_branches": 0, "covered_branches": 0, "missing_branches": 0, "percent_branches_covered": 100.0, "percent_branches_covered_display": "100"}, "missing_lines": [348, 349], "excluded_lines": [], "start_line": 347, "executed_branches": [], "missing_branches": []}, "calculate_period_comparison._sum": {"executed_lines": [], "summary": {"covered_lines": 0, "num_statements": 2, "percent_covered": 0.0, "percent_covered_display": "0", "missing_lines": 2, "excluded_lines": 0, "percent_statements_covered": 0.0, "percent_statements_covered_display": "0", "num_branches": 0, "num_partial_branches": 0, "covered_branches": 0, "missing_branches": 0, "percent_branches_covered": 100.0, "percent_branches_covered_display": "100"}, "missing_lines": [352, 353], "excluded_lines": [], "start_line": 351, "executed_branches": [], "missing_branches": []}, "calculate_training_volume_projection": {"executed_lines": [], "summary": {"covered_lines": 0, "num_statements": 22, "percent_covered": 0.0, "percent_covered_display": "0", "missing_lines": 22, "excluded_lines": 0, "percent_statements_covered": 0.0, "percent_statements_covered_display": "0", "num_branches": 6, "num_partial_branches": 0, "covered_branches": 0, "missing_branches": 6, "percent_branches_covered": 0.0, "percent_branches_covered_display": "0"}, "missing_lines": [407, 408, 409, 419, 420, 421, 422, 424, 425, 427, 428, 429, 431, 432, 433, 435, 436, 437, 438, 439, 441, 443], "excluded_lines": [], "start_line": 388, "executed_branches": [], "missing_branches": [[408, 409], [408, 419], [436, 437], [436, 438], [438, 439], [438, 441]]}, "get_ride_metrics": {"executed_lines": [], "summary": {"covered_lines": 0, "num_statements": 7, "percent_covered": 0.0, "percent_covered_display": "0", "missing_lines": 7, "excluded_lines": 0, "percent_statements_covered": 0.0, "percent_statements_covered_display": "0", "num_branches": 4, "num_partial_branches": 0, "covered_branches": 0, "missing_branches": 4, "percent_branches_covered": 0.0, "percent_branches_covered_display": "0"}, "missing_lines": [461, 462, 473, 474, 475, 476, 477], "excluded_lines": [], "start_line": 456, "executed_branches": [], "missing_branches": [[473, 474], [473, 477], [475, 473], [475, 476]]}, "": {"executed_lines": [13, 15, 16, 17, 20, 36, 47, 64, 69, 96, 108, 218, 292, 388, 456, 481], "summary": {"covered_lines": 16, "num_statements": 16, "percent_covered": 100.0, "percent_covered_display": "100", "missing_lines": 0, "excluded_lines": 0, "percent_statements_covered": 100.0, "percent_statements_covered_display": "100", "num_branches": 0, "num_partial_branches": 0, "covered_branches": 0, "missing_branches": 0, "percent_branches_covered": 100.0, "percent_branches_covered_display": "100"}, "missing_lines": [], "excluded_lines": [], "start_line": 1, "executed_branches": [], "missing_branches": []}}, "classes": {"": {"executed_lines": [13, 15, 16, 17, 20, 36, 47, 64, 69, 96, 108, 218, 292, 388, 456, 481], "summary": {"covered_lines": 16, "num_statements": 198, "percent_covered": 6.015037593984962, "percent_covered_display": "6", "missing_lines": 182, "excluded_lines": 0, "percent_statements_covered": 8.080808080808081, "percent_statements_covered_display": "8", "num_branches": 68, "num_partial_branches": 0, "covered_branches": 0, "missing_branches": 68, "percent_branches_covered": 0.0, "percent_branches_covered_display": "0"}, "missing_lines": [22, 23, 24, 26, 27, 28, 29, 30, 31, 32, 33, 38, 39, 40, 41, 42, 43, 44, 49, 50, 51, 52, 53, 54, 55, 56, 57, 58, 59, 60, 61, 65, 66, 71, 72, 73, 74, 76, 77, 78, 80, 81, 82, 84, 85, 87, 88, 89, 91, 93, 98, 99, 100, 101, 102, 103, 104, 105, 134, 136, 137, 154, 156, 157, 158, 159, 160, 161, 162, 164, 165, 181, 182, 183, 184, 186, 188, 189, 190, 191, 192, 194, 196, 198, 233, 234, 235, 246, 247, 248, 249, 250, 251, 257, 258, 259, 260, 261, 262, 263, 265, 267, 277, 278, 279, 280, 281, 283, 284, 285, 286, 287, 289, 313, 314, 315, 328, 329, 332, 334, 335, 337, 338, 339, 340, 341, 342, 343, 344, 345, 347, 348, 349, 351, 352, 353, 355, 356, 357, 358, 359, 361, 362, 363, 364, 365, 367, 368, 369, 370, 372, 373, 375, 407, 408, 409, 419, 420, 421, 422, 424, 425, 427, 428, 429, 431, 432, 433, 435, 436, 437, 438, 439, 441, 443, 461, 462, 473, 474, 475, 476, 477], "excluded_lines": [], "start_line": 1, "executed_branches": [], "missing_branches": [[
[...]
tial_branches": 0, "covered_branches": 0, "missing_branches": 12, "percent_branches_covered": 0.0, "percent_branches_covered_display": "0"}, "missing_lines": [29, 30, 31, 32, 33, 34, 52, 53, 55, 56, 57, 58, 63, 78, 79, 80], "excluded_lines": [], "executed_branches": [], "missing_branches": [[30, 31], [30, 32], [32, 33], [32, 34], [52, 53], [52, 55], [55, 56], [55, 63], [57, 58], [57, 63], [78, 79], [78, 80]], "functions": {"ValidatedGPSPoint.timestamp_not_in_future": {"executed_lines": [], "summary": {"covered_lines": 0, "num_statements": 6, "percent_covered": 0.0, "percent_covered_display": "0", "missing_lines": 6, "excluded_lines": 0, "percent_statements_covered": 0.0, "percent_statements_covered_display": "0", "num_branches": 4, "num_partial_branches": 0, "covered_branches": 0, "missing_branches": 4, "percent_branches_covered": 0.0, "percent_branches_covered_display": "0"}, "missing_lines": [29, 30, 31, 32, 33, 34], "excluded_lines": [], "start_line": 27, "executed_branches": [], "missing_branches": [[30, 31], [30, 32], [32, 33], [32, 34]]}, "ValidatedRide.validate_ride_consistency": {"executed_lines": [], "summary": {"covered_lines": 0, "num_statements": 7, "percent_covered": 0.0, "percent_covered_display": "0", "missing_lines": 7, "excluded_lines": 0, "percent_statements_covered": 0.0, "percent_statements_covered_display": "0", "num_branches": 6, "num_partial_branches": 0, "covered_branches": 0, "missing_branches": 6, "percent_branches_covered": 0.0, "percent_branches_covered_display": "0"}, "missing_lines": [52, 53, 55, 56, 57, 58, 63], "excluded_lines": [], "start_line": 51, "executed_branches": [], "missing_branches": [[52, 53], [52, 55], [55, 56], [55, 63], [57, 58], [57, 63]]}, "ValidatedAthleteProfile.realistic_weight": {"executed_lines": [], "summary": {"covered_lines": 0, "num_statements": 3, "percent_covered": 0.0, "percent_covered_display": "0", "missing_lines": 3, "excluded_lines": 0, "percent_statements_covered": 0.0, "percent_statements_covered_display": "0", "num_branches": 2, "num_partial_branches": 0, "covered_branches": 0, "missing_branches": 2, "percent_branches_covered": 0.0, "percent_branches_covered_display": "0"}, "missing_lines": [78, 79, 80], "excluded_lines": [], "start_line": 77, "executed_branches": [], "missing_branches": [[78, 79], [78, 80]]}, "": {"executed_lines": [8, 10, 12, 15, 16, 17, 18, 19, 20, 21, 22, 23, 25, 26, 27, 37, 38, 39, 40, 41, 42, 43, 44, 45, 46, 47, 48, 50, 51, 66, 67, 68, 69, 70, 71, 72, 73, 75, 76, 77], "summary": {"covered_lines": 40, "num_statements": 40, "percent_covered": 100.0, "percent_covered_display": "100", "missing_lines": 0, "excluded_lines": 0, "percent_statements_covered": 100.0, "percent_statements_covered_display": "100", "num_branches": 0, "num_partial_branches": 0, "covered_branches": 0, "missing_branches": 0, "percent_branches_covered": 100.0, "percent_branches_covered_display": "100"}, "missing_lines": [], "excluded_lines": [], "start_line": 1, "executed_branches": [], "missing_branches": []}}, "classes": {"ValidatedGPSPoint": {"executed_lines": [], "summary": {"covered_lines": 0, "num_statements": 6, "percent_covered": 0.0, "percent_covered_display": "0", "missing_lines": 6, "excluded_lines": 0, "percent_statements_covered": 0.0, "percent_statements_covered_display": "0", "num_branches": 4, "num_partial_branches": 0, "covered_branches": 0, "missing_branches": 4, "percent_branches_covered": 0.0, "percent_branches_covered_display": "0"}, "missing_lines": [29, 30, 31, 32, 33, 34], "excluded_lines": [], "start_line": 15, "executed_branches": [], "missing_branches": [[30, 31], [30, 32], [32, 33], [32, 34]]}, "ValidatedRide": {"executed_lines": [], "summary": {"covered_lines": 0, "num_statements": 7, "percent_covered": 0.0, "percent_covered_display": "0", "missing_lines": 7, "excluded_lines": 0, "percent_statements_covered": 0.0, "percent_statements_covered_display": "0", "num_branches": 6, "num_partial_branches": 0, "covered_branches": 0, "missing_branches": 6, "percent_branches_covered": 0.0, "percent_branches_covered_display": "0"}, "missing_lines": [52, 53, 55, 56, 57, 58, 63], "excluded_lines": [], "start_line": 37, "executed_branches": [], "missing_branches": [[52, 53], [52, 55], [55, 56], [55, 63], [57, 58], [57, 63]]}, "ValidatedAthleteProfile": {"executed_lines": [], "summary": {"covered_lines": 0, "num_statements": 3, "percent_covered": 0.0, "percent_covered_display": "0", "missing_lines": 3, "excluded_lines": 0, "percent_statements_covered": 0.0, "percent_statements_covered_display": "0", "num_branches": 2, "num_partial_branches": 0, "covered_branches": 0, "missing_branches": 2, "percent_branches_covered": 0.0, "percent_branches_covered_display": "0"}, "missing_lines": [78, 79, 80], "excluded_lines": [], "start_line": 66, "executed_branches": [], "missing_branches": [[78, 79], [78, 80]]}, "": {"executed_lines": [8, 10, 12, 15, 16, 17, 18, 19, 20, 21, 22, 23, 25, 26, 27, 37, 38, 39, 40, 41, 42, 43, 44, 45, 46, 47, 48, 50, 51, 66, 67, 68, 69, 70, 71, 72, 73, 75, 76, 77], "summary": {"covered_lines": 40, "num_statements": 40, "percent_covered": 100.0, "percent_covered_display": "100", "missing_lines": 0, "excluded_lines": 0, "percent_statements_covered": 100.0, "percent_statements_covered_display": "100", "num_branches": 0, "num_partial_branches": 0, "covered_branches": 0, "missing_branches": 0, "percent_branches_covered": 100.0, "percent_branches_covered_display": "100"}, "missing_lines": [], "excluded_lines": [], "start_line": 1, "executed_branches": [], "missing_branches": []}}}, "bike_analyzer\\core\\validators.py": {"executed_lines": [8, 10, 12, 14, 15, 16, 17, 24, 28, 36, 44, 60, 68, 73, 86, 104], "summary": {"covered_lines": 16, "num_statements": 51, "percent_covered": 28.07017543859649, "percent_covered_display": "28", "missing_lines": 35, "excluded_lines": 0, "percent_statements_covered": 31.372549019607842, "percent_statements_covered_display": "31", "num_branches": 6, "num_partial_branches": 0, "covered_branches": 0, "missing_branches": 6, "percent_branches_covered": 0.0, "percent_branches_covered_display": "0"}, "missing_lines": [29, 30, 31, 32, 33, 37, 38, 39, 40, 41, 45, 46, 47, 48, 49, 50, 51, 52, 53, 54, 55, 56, 57, 61, 62, 63, 64, 65, 69, 70, 74, 87, 88, 101, 105], "excluded_lines": [], "executed_branches": [], "missing_branches": [[45, 46], [45, 47], [49, 50], [49, 55], [55, 56], [55, 57]], "functions": {"validate_ride_for_analysis": {"executed_lines": [], "summary": {"covered_lines": 0, "num_statements": 5, "percent_covered": 0.0, "percent_covered_display": "0", "missing_lines": 5, "excluded_lines": 0, "percent_statements_covered": 0.0, "percent_statements_covered_display": "0", "num_branches": 0, "num_partial_branches": 0, "covered_branches": 0, "missing_branches": 0, "percent_branches_covered": 100.0, "percent_branches_covered_display": "100"}, "missing_lines": [29, 30, 31, 32, 33], "excluded_lines": [], "start_line": 28, "executed_branches": [], "missing_branches": []}, "validate_ride_for_import": {"executed_lines": [], "summary": {"covered_lines": 0, "num_statements": 5, "percent_covered": 0.0, "percent_covered_display": "0", "missing_lines": 5, "excluded_lines": 0, "percent_statements_covered": 0.0, "percent_statements_covered_display": "0", "num_branches": 0, "num_partial_branches": 0, "covered_branches": 0, "missing_branches": 0, "percent_branches_covered": 100.0, "percent_branches_covered_display": "100"}, "missing_lines": [37, 38, 39, 40, 41], "excluded_lines": [], "start_line": 36, "executed_branches": [], "missing_branches": []}, "validate_gps_points": {"executed_lines": [], "summary": {"covered_lines": 0, "num_statements": 13, "percent_covered": 0.0, "percent_covered_display": "0", "missing_lines": 13, "excluded_lines": 0, "percent_statements_covered": 0.0, "percent_statements_covered_display": "0", "num_branches": 6, "num_partial_branches": 0, "covered_branches": 0, "missing_branches": 6, "percent_branches_covered": 0.0, "percent_branches_covered_display": "0"}, "missing_lines": [45, 46, 47, 48, 49, 50, 51, 52, 53, 54, 55, 56, 57], "excluded_lines": [], "start_line": 44, "executed_branches": [], "missing_branches": [[45, 46], [45, 47], [49, 50], [49, 55], [55, 56], [55, 57]]}, "validate_athlete_profile": {"executed_lines": [], "summary": {"covered_lines": 0, "num_statements": 5, "percent_covered": 0.0, "percent_covered_display": "0", "missing_lines": 5, "excluded_lines": 0, "percent_statements_covered": 0.0, "percent_statements_covered_display": "0", "num_branches": 0, "num_partial_branches": 0, "covered_branches": 0, "missing_branches": 0, "percent_branches_covered": 100.0, "percent_branches_covered_display": "100"}, "missing_lines": [61, 62, 63, 64, 65], "excluded_lines": [], "start_line": 60, "executed_branches": [], "missing_branches": []}, "validate_athlete_profile_partial": {"executed_lines": [], "summary": {"covered_lines": 0, "num_statements": 2, "percent_covered": 0.0, "percent_covered_display": "0", "missing_lines": 2, "excluded_lines": 0, "percent_statements_covered": 0.0, "percent_statements_covered_display": "0", "num_branches": 0, "num_partial_branches": 0, "covered_branches": 0, "missing_branches": 0, "percent_branches_covered": 100.0, "percent_branches_covered_display": "100"}, "missing_lines": [69, 70], "excluded_lines": [], "start_line": 68, "executed_branches": [], "missing_branches": []}, "_to_domain_gps_point": {"executed_lines": [], "summary": {"covered_lines": 0, "num_statements": 1, "percent_covered": 0.0, "percent_covered_display": "0", "missing_lines": 1, "excluded_lines": 0, "percent_statements_covered": 0.0, "percent_statements_covered_display": "0", "num_branches": 0, "num_partial_branches": 0, "covered_branches": 0, "missing_branches": 0, "percent_branches_covered": 100.0, "percent_branches_covered_display": "100"}, "missing_lines": [74], "excluded_lines": [], "start_line": 73, "executed_branches": [], "missing_branches": []}, "_to_domain_ride": {"executed_lines": [], "summary": {"covered_lines": 0, "num_statements": 3, "percent_covered": 0.0, "percent_covered_display": "0", "missing_lines": 3, "excluded_lines": 0, "percent_statements_covered": 0.0, "percent_statements_covered_display": "0", "num_branches": 0, "num_partial_branches": 0, "covered_branches": 0, "missing_branches": 0, "percent_branches_covered": 100.0, "percent_branches_covered_display": "100"}, "missing_lines": [87, 88, 101], "excluded_lines": [], "start_line": 86, "executed_branches": [], "missing_branches": []}, "_to_domain_athlete": {"executed_lines": [], "summary": {"covered_lines": 0, "num_statements": 1, "percent_covered": 0.0, "percent_covered_display": "0", "missing_lines": 1, "excluded_lines": 0, "percent_statements_covered": 0.0, "percent_statements_covered_display": "0", "num_branches": 0, "num_partial_branches": 0, "covered_branches": 0, "missing_branches": 0, "percent_branches_covered": 100.0, "percent_branches_covered_display": "100"}, "missing_lines": [105], "excluded_lines": [], "start_line": 104, "executed_branches": [], "missing_branches": []}, "": {"executed_lines": [8, 10, 12, 14, 15, 16, 17, 24, 28, 36, 44, 60, 68, 73, 86, 104], "summary": {"covered_lines": 16, "num_statements": 16, "percent_covered": 100.0, "percent_covered_display": "100", "missing_lines": 0, "excluded_lines": 0, "percent_statements_covered": 100.0, "percent_statements_covered_display": "100", "num_branches": 0, "num_partial_branches": 0, "covered_branches": 0, "missing_branches": 0, "percent_branches_covered": 100.0, "percent_branches_covered_display": "100"}, "missing_lines": [], "excluded_lines": [], "start_line": 1, "executed_branches": [], "missing_branches": []}}, "classes": {"BusinessValidationError": {"executed_lines": [], "summary": {"covered_lines": 0, "num_statements": 0, "percent_covered": 100.0, "percent_covered_display": "100", "missing_lines": 0, "excluded_lines": 0, "percent_statements_covered": 100.0, "percent_statements_covered_display": "100", "num_branches": 0, "num_partial_branches": 0, "covered_branches": 0, "missing_branches": 0, "percent_branches_covered": 100.0, "percent_branches_covered_display": "100"}, "missing_lines": [], "excluded_lines": [], "start_line": 24, "executed_branches": [], "missing_branches": []}, "": {"executed_lines": [8, 10, 12, 14, 15, 16, 17, 24, 28, 36, 44, 60, 68, 73, 86, 104], "summary": {"covered_lines": 16, "num_statements": 51, "percent_covered": 28.07017543859649, "percent_covered_display": "28", "missing_lines": 35, "excluded_lines": 0, "percent_statements_covered": 31.372549019607842, "percent_statements_covered_display": "31", "num_branches": 6, "num_partial_branches": 0, "covered_branches": 0, "missing_branches": 6, "percent_branches_covered": 0.0, "percent_branches_covered_display": "0"}, "missing_lines": [29, 30, 31, 32, 33, 37, 38, 39, 40, 41, 45, 46, 47, 48, 49, 50, 51, 52, 53, 54, 55, 56, 57, 61, 62, 63, 64, 65, 69, 70, 74, 87, 88, 101, 105], "excluded_lines": [], "start_line": 1, "executed_branches": [], "missing_branches": [[45, 46], [45, 47], [49, 50], [49, 55], [55, 56], [55, 57]]}}}, "bike_analyzer\\frontend\\__init__.py": {"executed_lines": [], "summary": {"covered_lines": 0, "num_statements": 0, "percent_covered": 100.0, "percent_covered_display": "100", "missing_lines": 0, "excluded_lines": 0, "percent_statements_covered": 100.0, "percent_statements_covered_display": "100", "num_branches": 0, "num_partial_branches": 0, "covered_branches": 0, "missing_branches": 0, "percent_branches_covered": 100.0, "percent_branches_covered_display": "100"}, "missing_lines": [], "excluded_lines": [], "executed_branches": [], "missing_branches": [], "functions": {"": {"executed_lines": [], "summary": {"covered_lines": 0, "num_statements": 0, "percent_covered": 100.0, "percent_covered_display": "100", "missing_lines": 0, "excluded_lines": 0, "percent_statements_covered": 100.0, "percent_statements_covered_display": "100", "num_branches": 0, "num_partial_branches": 0, "covered_branches": 0, "missing_branches": 0, "percent_branches_covered": 100.0, "percent_branches_covered_display": "100"}, "missing_lines": [], "excluded_lines": [], "start_line": 1, "executed_branches": [], "missing_branches": []}}, "classes": {"": {"executed_lines": [], "summary": {"covered_lines": 0, "num_statements": 0, "percent_covered": 100.0, "percent_covered_display": "100", "missing_lines": 0, "excluded_lines": 0, "percent_statements_covered": 100.0, "percent_statements_covered_display": "100", "num_branches": 0, "num_partial_branches": 0, "covered_branches": 0, "missing_branches": 0, "percent_branches_covered": 100.0, "percent_branches_covered_display": "100"}, "missing_lines": [], "excluded_lines": [], "start_line": 1, "executed_branches": [], "missing_branches": []}}}, "bike_analyzer\\frontend\\dashboard.py": {"executed_lines": [3, 5, 112, 118], "summary": {"covered_lines": 4, "num_statements": 9, "percent_covered": 45.45454545454545, "percent_covered_display": "45", "missing_lines": 5, "excluded_lines": 0, "percent_statements_covered": 44.44444444444444, "percent_statements_covered_display": "44", "num_branches": 2, "num_partial_branches": 1, "covered_branches": 1, "missing_branches": 1, "percent_branches_covered": 50.0, "percent_branches_covered_display": "50"}, "missing_lines": [113, 114, 115, 119, 120], "excluded_lines": [], "executed_branches": [[118, -1]], "missing_branches": [[118, 119]], "functions": {"generate_dashboard_html": {"executed_lines": [], "summary": {"covered_lines": 0, "num_statements": 3, "percent_covered": 0.0, "percent_covered_display": "0", "missing_lines": 3, "excluded_lines": 0, "percent_statements_covered": 0.0, "percent_statements_covered_display": "0", "num_branches": 0, "num_partial_branches": 0, "covered_branches": 0, "missing_branches": 0, "percent_branches_covered": 100.0, "percent_branches_covered_display": "100"}, "missing_lines": [113, 114, 115], "excluded_lines": [], "start_line": 112, "executed_branches": [], "missing_branches": []}, "": {"executed_lines": [3, 5, 112, 118], "summary": {"covered_lines": 4, "num_statements": 6, "percent_covered": 62.5, "percent_covered_display": "62", "missing_lines": 2, "excluded_lines": 0, "percent_statements_covered": 66.66666666666667, "percent_statements_covered_display": "67", "num_branches": 2, "num_partial_branches": 1, "covered_branches": 1, "missing_branches": 1, "percent_branches_covered": 50.0, "percent_branches_covered_display": "50"}, "missing_lines": [119, 120], "excluded_lines": [], "start_line": 1, "executed_branches": [[118, -1]], "missing_branches": [[118, 119]]}}, "classes": {"": {"executed_lines": [3, 5, 112, 118], "summary": {"covered_lines": 4, "num_statements": 9, "percent_covered": 45.45454545454545, "percent_covered_display": "45", "missing_lines": 5, "excluded_lines": 0, "percent_statements_covered": 44.44444444444444, "percent_statements_covered_display": "44", "num_branches": 2, "num_partial_branches": 1, "covered_branches": 1, "missing_branches": 1, "percent_branches_covered": 50.0, "percent_branches_covered_display": "50"}, "missing_lines": [113, 114, 115, 119, 120], "excluded_lines": [], "start_line": 1, "executed_branches": [[118, -1]], "missing_branches": [[118, 119]]}}}, "bike_analyzer\\main.py": {"executed_lines": [3, 4, 7, 40], "summary": {"covered_lines": 4, "num_statements": 8, "percent_covered": 50.0, "percent_covered_display": "50", "missing_lines": 4, "excluded_lines": 0, "percent_statements_covered": 50.0, "percent_statements_covered_display": "50", "num_branches": 2, "num_partial_branches": 1, "covered_branches": 1, "missing_branches": 1, "percent_branches_covered": 50.0, "percent_branches_covered_display": "50"}, "missing_lines": [8, 30, 31, 41], "excluded_lines": [], "executed_branches": [[40, -1]], "missing_branches": [[40, 41]], "functions": {"main": {"executed_lines": [], "summary": {"covered_lines": 0, "num_statements": 3, "percent_covered": 0.0, "percent_covered_display": "0", "missing_lines": 3, "excluded_lines": 0, "percent_statements_covered": 0.0, "percent_statements_covered_display": "0", "num_branches": 0, "num_partial_branches": 0, "covered_branches": 0, "missing_branches": 0, "percent_branches_covered": 100.0, "percent_branches_covered_display": "100"}, "missing_lines": [8, 30, 31], "excluded_lines": [], "start_line": 7, "executed_branches": [], "missing_branches": []}, "": {"executed_lines": [3, 4, 7, 40], "summary": {"covered_lines": 4, "num_statements": 5, "percent_covered": 71.42857142857143, "percent_covered_display": "71", "missing_lines": 1, "excluded_lines": 0, "percent_statements_covered": 80.0, "percent_statements_covered_display": "80", "num_branches": 2, "num_partial_branches": 1, "covered_branches": 1, "missing_branches": 1, "percent_branches_covered": 50.0, "percent_branches_covered_display": "50"}, "missing_lines": [41], "excluded_lines": [], "start_line": 1, "executed_branches": [[40, -1]], "missing_branches": [[40, 41]]}}, "classes": {"": {"executed_lines": [3, 4, 7, 40], "summary": {"covered_lines": 4, "num_statements": 8, "percent_covered": 50.0, "percent_covered_display": "50", "missing_lines": 4, "excluded_lines": 0, "percent_statements_covered": 50.0, "percent_statements_covered_display": "50", "num_branches": 2, "num_partial_branches": 1, "covered_branches": 1, "missing_branches": 1, "percent_branches_covered": 50.0, "percent_branches_covered_display": "50"}, "missing_lines": [8, 30, 31, 41], "excluded_lines": [], "start_line": 1, "executed_branches": [[40, -1]], "missing_branches": [[40, 41]]}}}}, "totals": {"covered_lines": 2059, "num_statements": 8347, "percent_covered": 19.689612491669045, "percent_covered_display": "20", "missing_lines": 6288, "excluded_lines": 2, "percent_statements_covered": 24.667545225829638, "percent_statements_covered_display": "25", "num_branches": 2156, "num_partial_branches": 9, "covered_branches": 9, "missing_branches": 2147, "percent_branches_covered": 0.4174397031539889, "percent_branches_covered_display": "1"}}