{"meta": {"format": 3, "version": "7.13.4", "timestamp": "2026-06-22T19:35:18.040551", "branch_coverage": false, "show_contexts": false}, "files": {"bike_analyzer\\__init__.py": {"executed_lines": [3, 5, 7, 31, 39], "summary": {"covered_lines": 5, "num_statements": 10, "percent_covered": 50.0, "percent_covered_display": "50", "missing_lines": 5, "excluded_lines": 0, "percent_statements_covered": 50.0, "percent_statements_covered_display": "50"}, "missing_lines": [32, 33, 34, 35, 36], "excluded_lines": [], "functions": {"__getattr__": {"executed_lines": [], "summary": {"covered_lines": 0, "num_statements": 5, "percent_covered": 0.0, "percent_covered_display": "0", "missing_lines": 5, "excluded_lines": 0, "percent_statements_covered": 0.0, "percent_statements_covered_display": "0"}, "missing_lines": [32, 33, 34, 35, 36], "excluded_lines": [], "start_line": 31}, "": {"executed_lines": [3, 5, 7, 31, 39], "summary": {"covered_lines": 5, "num_statements": 5, "percent_covered": 100.0, "percent_covered_display": "100", "missing_lines": 0, "excluded_lines": 0, "percent_statements_covered": 100.0, "percent_statements_covered_display": "100"}, "missing_lines": [], "excluded_lines": [], "start_line": 1}}, "classes": {"": {"executed_lines": [3, 5, 7, 31, 39], "summary": {"covered_lines": 5, "num_statements": 10, "percent_covered": 50.0, "percent_covered_display": "50", "missing_lines": 5, "excluded_lines": 0, "percent_statements_covered": 50.0, "percent_statements_covered_display": "50"}, "missing_lines": [32, 33, 34, 35, 36], "excluded_lines": [], "start_line": 1}}}, "bike_analyzer\\backend\\__init__.py": {"executed_lines": [], "summary": {"covered_lines": 0, "num_statements": 0, "percent_covered": 100.0, "percent_covered_display": "100", "missing_lines": 0, "excluded_lines": 0, "percent_statements_covered": 100.0, "percent_statements_covered_display": "100"}, "missing_lines": [], "excluded_lines": [], "functions": {"": {"executed_lines": [], "summary": {"covered_lines": 0, "num_statements": 0, "percent_covered": 100.0, "percent_covered_display": "100", "missing_lines": 0, "excluded_lines": 0, "percent_statements_covered": 100.0, "percent_statements_covered_display": "100"}, "missing_lines": [], "excluded_lines": [], "start_line": 1}}, "classes": {"": {"executed_lines": [], "summary": {"covered_lines": 0, "num_statements": 0, "percent_covered": 100.0, "percent_covered_display": "100", "missing_lines": 0, "excluded_lines": 0, "percent_statements_covered": 100.0, "percent_statements_covered_display": "100"}, "missing_lines": [], "excluded_lines": [], "start_line": 1}}}, "bike_analyzer\\backend\\analytics\\__init__.py": {"executed_lines": [], "summary": {"covered_lines": 0, "num_statements": 0, "percent_covered": 100.0, "percent_covered_display": "100", "missing_lines": 0, "excluded_lines": 0, "percent_statements_covered": 100.0, "percent_statements_covered_display": "100"}, "missing_lines": [], "excluded_lines": [], "functions": {"": {"executed_lines": [], "summary": {"covered_lines": 0, "num_statements": 0, "percent_covered": 100.0, "percent_covered_display": "100", "missing_lines": 0, "excluded_lines": 0, "percent_statements_covered": 100.0, "percent_statements_covered_display": "100"}, "missing_lines": [], "excluded_lines": [], "start_line": 1}}, "classes": {"": {"executed_lines": [], "summary": {"covered_lines": 0, "num_statements": 0, "percent_covered": 100.0, "percent_covered_display": "100", "missing_lines": 0, "excluded_lines": 0, "percent_statements_covered": 100.0, "percent_statements_covered_display": "100"}, "missing_lines": [], "excluded_lines": [], "start_line": 1}}}, "bike_analyzer\\backend\\analytics\\advanced.py": {"executed_lines": [20, 22, 23, 25, 27, 28, 30, 39, 40, 44, 45, 46, 50, 51, 53, 65, 73, 74, 77, 78, 81, 82, 83, 91, 92, 93, 94, 95, 96, 101, 102, 103, 104, 105, 119, 126, 127, 128, 129, 130, 138, 139, 144, 145, 146, 147, 148, 149, 150, 151, 152, 153, 154, 155, 158, 170, 171, 172, 173, 174, 175, 184, 187, 188, 189, 190, 191, 192, 193, 195, 197, 198, 203, 211, 212, 214, 219, 220, 221, 222, 223, 230, 232, 233, 240, 253, 254, 256, 257, 258, 259, 260, 263, 264, 265, 266, 267, 268, 277, 278, 283, 290, 315, 316, 317, 323, 324, 325, 326, 327, 328, 329, 336, 337, 338, 339, 340, 341, 342, 343, 344, 345, 346, 351, 362, 365, 367, 368, 369, 370, 371, 373, 374, 375, 377, 379, 380, 381, 382, 383, 384, 385, 386, 387, 388, 389, 390, 391, 392, 393, 394, 395, 396, 398, 399, 400, 401, 402, 403, 405, 406, 416, 417, 426, 427, 428, 429, 430, 431, 432, 434, 435, 438, 441, 442, 443, 445, 446, 451, 452, 453, 454, 455, 456, 457, 458, 459, 460, 461, 462, 470, 473, 500, 501, 502, 503, 506, 509, 514, 515, 520, 521, 523, 525, 526, 529, 538, 541, 543, 544, 545, 546, 547, 548, 549, 556, 559, 570, 574], "summary": {"covered_lines": 219, "num_statements": 280, "percent_covered": 78.21428571428571, "percent_covered_display": "78", "missing_lines": 61, "excluded_lines": 0, "percent_statements_covered": 78.21428571428571, "percent_statements_covered_display": "78"}, "missing_lines": [47, 49, 84, 97, 98, 100, 157, 181, 194, 196, 199, 200, 202, 213, 231, 234, 235, 236, 237, 239, 255, 269, 270, 271, 272, 273, 274, 276, 291, 292, 293, 299, 300, 301, 302, 303, 304, 305, 306, 330, 347, 348, 350, 366, 376, 397, 433, 437, 444, 522, 524, 528, 542, 561, 562, 563, 564, 565, 566, 567, 571], "excluded_lines": [], "functions": {"_get_climb_color": {"executed_lines": [78], "summary": {"covered_lines": 1, "num_statements": 1, "percent_covered": 100.0, "percent_covered_display": "100", "missing_lines": 0, "excluded_lines": 0, "percent_statements_covered": 100.0, "percent_statements_covered_display": "100"}, "missing_lines": [], "excluded_lines": [], "start_line": 77}, "calculate_pace_consistency": {"executed_lines": [82, 83, 91, 92, 93, 94, 95, 96, 101, 102, 103, 104, 105], "summary": {"covered_lines": 13, "num_statements": 17, "percent_covered": 76.47058823529412, "percent_covered_display": "76", "missing_lines": 4, "excluded_lines": 0, "percent_statements_covered": 76.47058823529412, "percent_statements_covered_display": "76"}, "missing_lines": [84, 97, 98, 100], "excluded_lines": [], "start_line": 81}, "calculate_power_estimate": {"executed_lines": [126, 127, 128, 129, 130, 138, 139, 144, 145, 146, 147, 148, 149, 150, 151, 152, 153, 154, 155, 158], "summary": {"covered_lines": 20, "num_statements": 21, "percent_covered": 95.23809523809524, "percent_covered_display": "95", "missing_lines": 1, "excluded_lines": 0, "percent_statements_covered": 95.23809523809524, "percent_statements_covered_display": "95"}, "missing_lines": [157], "excluded_lines": [], "start_line": 119}, "classify_climb": {"executed_lines": [171, 172, 173, 174, 175], "summary": {"covered_lines": 5, "num_statements": 6, "percent_covered": 83.33333333333333, "percent_covered_display": "83", "missing_lines": 1, "excluded_lines": 0, "percent_statements_covered": 83.33333333333333, "percent_statements_covered_display": "83"}, "missing_lines": [181], "excluded_lines": [], "start_line": 170}, "estimate_vo2max": {"executed_lines": [187, 188, 189, 190, 191, 192, 193, 195, 197, 198, 203], "summary": {"covered_lines": 11, "num_statements": 16, "percent_covered": 68.75, "percent_covered_display": "69", "missing_lines": 5, "excluded_lines": 0, "percent_statements_covered": 68.75, "percent_statements_covered_display": "69"}, "missing_lines": [194, 196, 199, 200, 202], "excluded_lines": [], "start_line": 184}, "classify_ride_difficulty": {"executed_lines": [212, 214, 219, 220, 221, 222, 223, 230, 232, 233, 240], "summary": {"covered_lines": 11, "num_statements": 18, "percent_covered": 61.111111111111114, "percent_covered_display": "61", "missing_lines": 7, "excluded_lines": 0, "percent_statements_covered": 61.111111111111114, "percent_statements_covered_display": "61"}, "missing_lines": [213, 231, 234, 235, 236, 237, 239], "excluded_lines": [], "start_line": 211}, "analyze_elevation_profile": {"executed_lines": [254, 256, 257, 258, 259, 260, 263, 264, 265, 266, 267, 268, 277, 278, 283], "summary": {"covered_lines": 15, "num_statements": 23, "percent_covered": 65.21739130434783, "percent_covered_display": "65", "missing_lines": 8, "excluded_lines": 0, "percent_statements_covered": 65.21739130434783, "percent_statements_covered_display": "65"}, "missing_lines": [255, 269, 270, 271, 272, 273, 274, 276], "excluded_lines": [], "start_line": 253}, "analyze_speed_profile": {"executed_lines": [], "summary": {"covered_lines": 0, "num_statements": 11, "percent_covered": 0.0, "percent_covered_display": "0", "missing_lines": 11, "excluded_lines": 0, "percent_statements_covered": 0.0, "percent_statements_covered_display": "0"}, "missing_lines": [291, 292, 293, 299, 300, 301, 302, 303, 304, 305, 306], "excluded_lines": [], "start_line": 290}, "calculate_progress_trend": {"executed_lines": [316, 317, 323, 324, 325, 326, 327, 328, 329, 336, 337, 338, 339, 340, 341, 342, 343, 344, 345, 346, 351], "summary": {"covered_lines": 21, "num_statements": 25, "percent_covered": 84.0, "percent_covered_display": "84", "missing_lines": 4, "excluded_lines": 0, "percent_statements_covered": 84.0, "percent_statements_covered_display": "84"}, "missing_lines": [330, 347, 348, 350], "excluded_lines": [], "start_line": 315}, "calculate_training_stress_balance": {"executed_lines": [365, 367, 368, 369, 370, 371, 373, 374, 375, 377, 379, 380, 381, 382, 383, 384, 385, 386, 387, 388, 389, 390, 391, 392, 393, 394, 395, 396, 398, 399, 400, 401, 402, 403, 405, 406, 416, 417], "summary": {"covered_lines": 38, "num_statements": 41, "percent_covered": 92.6829268292683, "percent_covered_display": "93", "missing_lines": 3, "excluded_lines": 0, "percent_statements_covered": 92.6829268292683, "percent_statements_covered_display": "93"}, "missing_lines": [366, 376, 397], "excluded_lines": [], "start_line": 362}, "estimate_ideal_weight": {"executed_lines": [427, 428, 429, 430, 431, 432, 434, 435, 438], "summary": {"covered_lines": 9, "num_statements": 11, "percent_covered": 81.81818181818181, "percent_covered_display": "82", "missing_lines": 2, "excluded_lines": 0, "percent_statements_covered": 81.81818181818181, "percent_statements_covered_display": "82"}, "missing_lines": [433, 437], "excluded_lines": [], "start_line": 426}, "calculate_garmin_power_factor": {"executed_lines": [442, 443, 445, 446, 451, 452, 453, 454, 455, 456, 457, 458, 459, 460, 461, 462], "summary": {"covered_lines": 16, "num_statements": 17, "percent_covered": 94.11764705882354, "percent_covered_display": "94", "missing_lines": 1, "excluded_lines": 0, "percent_statements_covered": 94.11764705882354, "percent_statements_covered_display": "94"}, "missing_lines": [444], "excluded_lines": [], "start_line": 441}, "calculate_heart_rate_zones": {"executed_lines": [473, 500, 501, 502, 503], "summary": {"covered_lines": 5, "num_statements": 5, "percent_covered": 100.0, "percent_covered_display": "100", "missing_lines": 0, "excluded_lines": 0, "percent_statements_covered": 100.0, "percent_statements_covered_display": "100"}, "missing_lines": [], "excluded_lines": [], "start_line": 470}, "calculate_ride_recommendation_score": {"executed_lines": [509, 514, 515, 520, 521, 523, 525, 526, 529], "summary": {"covered_lines": 9, "num_statements": 12, "percent_covered": 75.0, "percent_covered_display": "75", "missing_lines": 3, "excluded_lines": 0, "percent_statements_covered": 75.0, "percent_statements_covered_display": "75"}, "missing_lines": [522, 524, 528], "excluded_lines": [], "start_line": 506}, "detect_speed_surges": {"executed_lines": [541, 543, 544, 545, 546, 547, 548, 549, 556], "summary": {"covered_lines": 9, "num_statements": 10, "percent_covered": 90.0, "percent_covered_display": "90", "missing_lines": 1, "excluded_lines": 0, "percent_statements_covered": 90.0, "percent_statements_covered_display": "90"}, "missing_lines": [542], "excluded_lines": [], "start_line": 538}, "compute_ctl_atl_tsb_external": {"executed_lines": [], "summary": {"covered_lines": 0, "num_statements": 6, "percent_covered": 0.0, "percent_covered_display": "0", "missing_lines": 6, "excluded_lines": 0, "percent_statements_covered": 0.0, "percent_statements_covered_display": "0"}, "missing_lines": [562, 563, 564, 565, 566, 567], "excluded_lines": [], "start_line": 561}, "": {"executed_lines": [20, 22, 23, 25, 27, 28, 30, 39, 40, 44, 45, 46, 50, 51, 53, 65, 73, 74, 77, 81, 119, 170, 184, 211, 253, 290, 315, 362, 426, 441, 470, 506, 538, 559, 570, 574], "summary": {"covered_lines": 36, "num_statements": 40, "percent_covered": 90.0, "percent_covered_display": "90", "missing_lines": 4, "excluded_lines": 0, "percent_statements_covered": 90.0, "percent_statements_covered_display": "90"}, "missing_lines": [47, 49, 561, 571], "excluded_lines": [], "start_line": 1}}, "classes": {"": {"executed_lines": [20, 22, 23, 25, 27, 28, 30, 39, 40, 44, 45, 46, 50, 51, 53, 65, 73, 74, 77, 78, 81, 82, 83, 91, 92, 93, 94, 95, 96, 101, 102, 103, 104, 105, 119, 126, 127, 128, 129, 130, 138, 139, 144, 145, 146, 147, 148, 149, 150, 151, 152, 153, 154, 155, 158, 170, 171, 172, 173, 174, 175, 184, 187, 188, 189, 190, 191, 192, 193, 195, 197, 198, 203, 211, 212, 214, 219, 220, 221, 222, 223, 230, 232, 233, 240, 253, 254, 256, 257, 258, 259, 260, 263, 264, 265, 266, 267, 268, 277, 278, 283, 290, 315, 316, 317, 323, 324, 325, 326, 327, 328, 329, 336, 337, 338, 339, 340, 341, 342, 343, 344, 345, 346, 351, 362, 365, 367, 368, 369, 370, 371, 373, 374, 375, 377, 379, 380, 381, 382, 383, 384, 385, 386, 387, 388, 389, 390, 391, 392, 393, 394, 395, 396, 398, 399, 400, 401, 402, 403, 405, 406, 416, 417, 426, 427, 428, 429, 430, 431, 432, 434, 435, 438, 441, 442, 443, 445, 446, 451, 452, 453, 454, 455, 456, 457, 458, 459, 460, 461, 462, 470, 473, 500, 501, 502, 503, 506, 509, 514, 515, 520, 521, 523, 525, 526, 529, 538, 541, 543, 544, 545, 546, 547, 548, 549, 556, 559, 570, 574], "summary": {"covered_lines": 219, "num_statements": 280, "percent_covered": 78.21428571428571, "percent_covered_display": "78", "missing_lines": 61, "excluded_lines": 0, "percent_statements_covered": 78.21428571428571, "percent_statements_covered_display": "78"}, "missing_lines": [47, 49, 84, 97, 98, 100, 157, 181, 194, 196, 199, 200, 202, 213, 231, 234, 235, 236, 237, 239, 255, 269, 270, 271, 272, 273, 274, 276, 291, 292, 293, 299, 300, 301, 302, 303, 304, 305, 306, 330, 347, 348, 350, 366, 376, 397, 433, 437, 444, 522, 524, 528, 542, 561, 562, 563, 564, 565, 566, 567, 571], "excluded_lines": [], "start_line": 1}}}, "bike_analyzer\\backend\\analytics\\ai_coach.py": {"executed_lines": [3, 5, 6, 7, 8, 9, 11, 21, 22, 23, 24, 26, 28, 29, 35, 36, 37, 39, 40, 42, 43, 46, 47, 48, 49, 50, 51, 54, 55, 56, 59, 60, 61, 62, 63, 64, 68, 69, 71, 72, 73, 74, 77, 78, 79, 82, 84, 87, 88, 89, 90, 91, 93, 94, 95, 96, 97, 99, 101, 103, 104, 105, 107, 108, 109, 111, 123, 124, 136, 140, 141, 144, 145, 148, 150, 162, 163, 165, 166, 167, 168, 169, 172, 173, 174, 175, 177, 181, 183, 185, 187, 189, 191, 192, 194, 195, 196, 197, 198, 199, 200, 202, 204, 205, 206, 207, 220, 223, 226, 229, 230, 232, 236, 237, 239, 242, 243, 244, 245, 246, 247, 248, 250, 251, 253, 254, 255, 261, 265, 268, 271, 272, 273, 274, 275, 276, 278, 279, 280, 281, 284, 285, 286, 294, 295, 296, 297, 298, 300, 302, 305, 306, 307, 313, 317, 328, 329, 330, 331, 332, 337, 340, 341, 346, 349, 352, 353, 354, 355, 356, 358, 359, 360, 361, 363, 364, 365, 375, 385, 386, 387, 388, 389, 401, 402, 403, 404, 407, 434, 435, 436, 437, 438, 439, 441, 442, 444, 445, 446, 447, 449, 450, 451, 452, 454, 455, 456, 457, 458, 462, 465, 468, 474, 476, 477, 478, 479, 480, 558, 561, 562, 563, 564, 565, 578, 581, 603, 606, 607, 608, 609, 611, 612, 613, 614, 619, 622, 624, 627, 630, 632, 638, 640, 641, 642, 643, 644, 645, 646, 647, 648, 649, 650, 651, 652, 653, 662, 668, 669, 670, 671, 672, 673, 691, 698, 705, 706, 707, 709, 710, 711, 712, 744, 745, 752, 755, 762, 777, 790, 792, 795, 796, 797, 798, 799, 800, 801, 807, 808, 809, 810, 817, 820, 835, 836], "summary": {"covered_lines": 295, "num_statements": 454, "percent_covered": 64.97797356828194, "percent_covered_display": "65", "missing_lines": 159, "excluded_lines": 0, "percent_statements_covered": 64.97797356828194, "percent_statements_covered_display": "65"}, "missing_lines": [65, 85, 98, 100, 102, 112, 113, 115, 122, 125, 126, 132, 133, 134, 151, 152, 154, 157, 158, 159, 160, 161, 164, 182, 184, 186, 188, 190, 212, 216, 238, 240, 257, 299, 301, 308, 314, 318, 319, 320, 321, 322, 323, 324, 325, 326, 327, 333, 334, 335, 336, 376, 377, 378, 379, 380, 381, 382, 383, 390, 391, 393, 394, 395, 398, 399, 400, 459, 460, 461, 482, 483, 484, 485, 486, 491, 492, 493, 494, 495, 496, 498, 499, 500, 503, 504, 505, 506, 509, 531, 532, 533, 534, 535, 537, 538, 540, 541, 542, 543, 545, 546, 547, 548, 550, 551, 552, 553, 554, 571, 584, 585, 586, 587, 589, 593, 600, 654, 656, 657, 658, 659, 660, 661, 663, 664, 665, 666, 667, 719, 720, 728, 736, 793, 811, 838, 839, 840, 841, 843, 845, 847, 848, 853, 855, 856, 857, 858, 859, 860, 861, 863, 864, 866, 868, 869, 870, 871, 872], "excluded_lines": [], "functions": {"_clean_ai_output": {"executed_lines": [47, 48, 49, 50, 51], "summary": {"covered_lines": 5, "num_statements": 5, "percent_covered": 100.0, "percent_covered_display": "100", "missing_lines": 0, "excluded_lines": 0, "percent_statements_covered": 100.0, "percent_statements_covered_display": "100"}, "missing_lines": [], "excluded_lines": [], "start_line": 46}, "_coach_mode": {"executed_lines": [55, 56], "summary": {"covered_lines": 2, "num_statements": 2, "percent_covered": 100.0, "percent_covered_display": "100", "missing_lines": 0, "excluded_lines": 0, "percent_statements_covered": 100.0, "percent_statements_covered_display": "100"}, "missing_lines": [], "excluded_lines": [], "start_line": 54}, "_provider_order": {"executed_lines": [60, 61, 62, 63, 64], "summary": {"covered_lines": 5, "num_statements": 6, "percent_covered": 83.33333333333333, "percent_covered_display": "83", "missing_lines": 1, "excluded_lines": 0, "percent_statements_covered": 83.33333333333333, "percent_statements_covered_display": "83"}, "missing_lines": [65], "excluded_lines": [], "start_line": 59}, "_ban_provider": {"executed_lines": [69, 71, 72, 73, 74], "summary": {"covered_lines": 5, "num_statements": 5, "percent_covered": 100.0, "percent_covered_display": "100", "missing_lines": 0, "excluded_lines": 0, "percent_statements_covered": 100.0, "percent_statements_covered_display": "100"}, "missing_lines": [], "excluded_lines": [], "start_line": 68}, "_is_recoverable_provider_error": {"executed_lines": [78, 79], "summary": {"covered_lines": 2, "num_statements": 2, "percent_covered": 100.0, "percent_covered_display": "100", "missing_lines": 0, "excluded_lines": 0, "percent_statements_covered": 100.0, "percent_statements_covered_display": "100"}, "missing_lines": [], "excluded_lines": [], "start_line": 77}, "get_ai_coach_client": {"executed_lines": [84, 87, 88, 89, 90, 91, 93, 94, 95, 96, 97, 99, 101, 103, 104, 105, 107, 108, 109, 111, 123, 124, 136, 140, 141], "summary": {"covered_lines": 25, "num_statements": 38, "percent_covered": 65.78947368421052, "percent_covered_display": "66", "missing_lines": 13, "excluded_lines": 0, "percent_statements_covered": 65.78947368421052, "percent_statements_covered_display": "66"}, "missing_lines": [85, 98, 100, 102, 112, 113, 115, 122, 125, 126, 132, 133, 134], "excluded_lines": [], "start_line": 82}, "_use_local_coach": {"executed_lines": [145], "summary": {"covered_lines": 1, "num_statements": 1, "percent_covered": 100.0, "percent_covered_display": "100", "missing_lines": 0, "excluded_lines": 0, "percent_statements_covered": 100.0, "percent_statements_covered_display": "100"}, "missing_lines": [], "excluded_lines": [], "start_line": 144}, "_kb": {"executed_lines": [150, 162, 163, 165, 166, 167, 168, 169], "summary": {"covered_lines": 8, "num_statements": 17, "percent_covered": 47.05882352941177, "percent_covered_display": "47", "missing_lines": 9, "excluded_lines": 0, "percent_statements_covered": 47.05882352941177, "percent_statements_covered_display": "47"}, "missing_lines": [151, 152, 154, 157, 158, 159, 160, 161, 164], "excluded_lines": [], "start_line": 148}, "_generate_local_training_advice": {"executed_lines": [173, 174, 175, 177, 181, 183, 185, 187, 189, 191, 192, 194, 195, 196, 197, 198, 199, 200, 202, 204, 205, 206, 207, 220, 223], "summary": {"covered_lines": 25, "num_statements": 32, "percent_covered": 78.125, "percent_covered_display": "78", "missing_lines": 7, "excluded_lines": 0, "percent_statements_covered": 78.125, "percent_statements_covered_display": "78"}, "missing_lines": [182, 184, 186, 188, 190, 212, 216], "excluded_lines": [], "start_line": 172}, "_generate_local_recovery_advice": {"executed_lines": [229, 230, 232, 236, 237, 239, 242, 243, 244, 245, 246, 247, 248, 250, 251, 253, 254, 255, 261, 265, 268], "summary": {"covered_lines": 21, "num_statements": 24, "percent_covered": 87.5, "percent_covered_display": "88", "missing_lines": 3, "excluded_lines": 0, "percent_statements_covered": 87.5, "percent_statements_covered_display": "88"}, "missing_lines": [238, 240, 257], "excluded_lines": [], "start_line": 226}, "validate_athlete_profile": {"executed_lines": [272, 273, 274, 275, 276, 278, 279, 280, 281], "summary": {"covered_lines": 9, "num_statements": 9, "percent_covered": 100.0, "percent_covered_display": "100", "missing_lines": 0, "excluded_lines": 0, "percent_statements_covered": 100.0, "percent_statements_covered_display": "100"}, "missing_lines": [], "excluded_lines": [], "start_line": 271}, "_build_athlete_context": {"executed_lines": [285, 286, 294, 295, 296, 297, 298, 300, 302], "summary": {"covered_lines": 9, "num_statements": 11, "percent_covered": 81.81818181818181, "percent_covered_display": "82", "missing_lines": 2, "excluded_lines": 0, "percent_statements_covered": 81.81818181818181, "percent_statements_covered_display": "82"}, "missing_lines": [299, 301], "excluded_lines": [], "start_line": 284}, "_build_rag_context": {"executed_lines": [306, 307, 313, 317, 328, 329, 330, 331, 332, 337], "summary": {"covered_lines": 10, "num_statements": 26, "percent_covered": 38.46153846153846, "percent_covered_display": "38", "missing_lines": 16, "excluded_lines": 0, "percent_statements_covered": 38.46153846153846, "percent_statements_covered_display": "38"}, "missing_lines": [308, 314, 318, 319, 320, 321, 322, 323, 324, 325, 326, 327, 333, 334, 335, 336], "excluded_lines": [], "start_line": 305}, "_chat_completion_text": {"executed_lines": [341, 346], "summary": {"covered_lines": 2, "num_statements": 2, "percent_covered": 100.0, "percent_covered_display": "100", "missing_lines": 0, "excluded_lines": 0, "percent_statements_covered": 100.0, "percent_statements_covered_display": "100"}, "missing_lines": [], "excluded_lines": [], "start_line": 340}, "generate_training_advice": {"executed_lines": [352, 353, 354, 355, 356, 358, 359, 360, 361, 363, 364, 365, 375, 385, 386, 387, 388, 389, 401, 402, 403, 404, 407, 434, 435, 436, 437, 438, 439, 441, 442, 444, 445, 446, 447, 449, 450, 451, 452, 454, 455, 456, 457, 458, 462], "summary": {"covered_lines": 45, "num_statements": 64, "percent_covered": 70.3125, "percent_covered_display": "70", "missing_lines": 19, "excluded_lines": 0, "percent_statements_covered": 70.3125, "percent_statements_covered_display": "70"}, "missing_lines": [376, 377, 378, 379, 380, 381, 382, 383, 390, 391, 393, 394, 395, 398, 399, 400, 459, 460, 461], "excluded_lines": [], "start_line": 349}, "generate_recovery_advice": {"executed_lines": [474, 476, 477, 478, 479, 480], "summary": {"covered_lines": 6, "num_statements": 45, "percent_covered": 13.333333333333334, "percent_covered_display": "13", "missing_lines": 39, "excluded_lines": 0, "percent_statements_covered": 13.333333333333334, "percent_statements_covered_display": "13"}, "missing_lines": [482, 483, 484, 485, 486, 491, 492, 493, 494, 495, 496, 498, 499, 500, 503, 504, 505, 506, 509, 531, 532, 533, 534, 535, 537, 538, 540, 541, 542, 543, 545, 546, 547, 548, 550, 551, 552, 553, 554], "excluded_lines": [], "start_line": 468}, "_generate_fallback_training_advice": {"executed_lines": [562, 563, 564, 565, 578], "summary": {"covered_lines": 5, "num_statements": 6, "percent_covered": 83.33333333333333, "percent_covered_display": "83", "missing_lines": 1, "excluded_lines": 0, "percent_statements_covered": 83.33333333333333, "percent_statements_covered_display": "83"}, "missing_lines": [571], "excluded_lines": [], "start_line": 561}, "_generate_fallback_recovery_advice": {"executed_lines": [], "summary": {"covered_lines": 0, "num_statements": 7, "percent_covered": 0.0, "percent_covered_display": "0", "missing_lines": 7, "excluded_lines": 0, "percent_statements_covered": 0.0, "percent_statements_covered_display": "0"}, "missing_lines": [584, 585, 586, 587, 589, 593, 600], "excluded_lines": [], "start_line": 581}, "analyze_historical_trend": {"executed_lines": [607, 608, 609, 611, 612, 613, 614], "summary": {"covered_lines": 7, "num_statements": 7, "percent_covered": 100.0, "percent_covered_display": "100", "missing_lines": 0, "excluded_lines": 0, "percent_statements_covered": 100.0, "percent_statements_covered_display": "100"}, "missing_lines": [], "excluded_lines": [], "start_line": 606}, "get_fitness_state_explanation": {"executed_lines": [624], "summary": {"covered_lines": 1, "num_statements": 1, "percent_covered": 100.0, "percent_covered_display": "100", "missing_lines": 0, "excluded_lines": 0, "percent_statements_covered": 100.0, "percent_statements_covered_display": "100"}, "missing_lines": [], "excluded_lines": [], "start_line": 622}, "ai_coach_full": {"executed_lines": [630, 632, 638, 640, 641, 642, 643, 644, 645, 646, 647, 648, 649, 650, 651, 652, 653, 662, 668, 669, 670, 671, 672, 673], "summary": {"covered_lines": 24, "num_statements": 36, "percent_covered": 66.66666666666667, "percent_covered_display": "67", "missing_lines": 12, "excluded_lines": 0, "percent_statements_covered": 66.66666666666667, "percent_statements_covered_display": "67"}, "missing_lines": [654, 656, 657, 658, 659, 660, 661, 663, 664, 665, 666, 667], "excluded_lines": [], "start_line": 627}, "generate_training_plan": {"executed_lines": [698, 705, 706, 707, 709, 710, 711, 712, 744, 745, 752], "summary": {"covered_lines": 11, "num_statements": 15, "percent_covered": 73.33333333333333, "percent_covered_display": "73", "missing_lines": 4, "excluded_lines": 0, "percent_statements_covered": 73.33333333333333, "percent_statements_covered_display": "73"}, "missing_lines": [719, 720, 728, 736], "excluded_lines": [], "start_line": 691}, "analyze_anomalies": {"executed_lines": [792, 795, 796, 797, 798, 799, 800, 801, 807, 808, 809, 810, 817], "summary": {"covered_lines": 13, "num_statements": 15, "percent_covered": 86.66666666666667, "percent_covered_display": "87", "missing_lines": 2, "excluded_lines": 0, "percent_statements_covered": 86.66666666666667, "percent_statements_covered_display": "87"}, "missing_lines": [793, 811], "excluded_lines": [], "start_line": 790}, "chat_with_tools": {"executed_lines": [835, 836], "summary": {"covered_lines": 2, "num_statements": 26, "percent_covered": 7.6923076923076925, "percent_covered_display": "8", "missing_lines": 24, "excluded_lines": 0, "percent_statements_covered": 7.6923076923076925, "percent_statements_covered_display": "8"}, "missing_lines": [838, 839, 840, 841, 843, 845, 847, 848, 853, 855, 856, 857, 858, 859, 860, 861, 863, 864, 866, 868, 869, 870, 871, 872], "excluded_lines": [], "start_line": 820}, "": {"executed_lines": [3, 5, 6, 7, 8, 9, 11, 21, 22, 23, 24, 26, 28, 29, 35, 36, 37, 39, 40, 42, 43, 46, 54, 59, 68, 77, 82, 144, 148, 172, 226, 271, 284, 305, 340, 349, 465, 468, 558, 561, 581, 603, 606, 619, 622, 627, 691, 755, 762, 777, 790, 820], "summary": {"covered_lines": 52, "num_statements": 52, "percent_covered": 100.0, "percent_covered_display": "100", "missing_lines": 0, "excluded_lines": 0, "percent_statements_covered": 100.0, "percent_statements_covered_display": "100"}, "missing_lines": [], "excluded_lines": [], "start_line": 1}}, "classes": {"": {"executed_lines": [3, 5, 6, 7, 8, 9, 11, 21, 22, 23, 24, 26, 28, 29, 35, 36, 37, 39, 40, 42, 43, 46, 47, 48, 49, 50, 51, 54, 55, 56, 59, 60, 61, 62, 63, 64, 68, 69, 71, 72, 73, 74, 77, 78, 79, 82, 84, 87, 88, 89, 90, 91, 93, 94, 95, 96, 97, 99, 101, 103, 104, 105, 107, 108, 109, 111, 123, 124, 136, 140, 141, 144, 145, 148, 150, 162, 163, 165, 166, 167, 168, 169, 172, 173, 174, 175, 177, 181, 183, 185, 187, 189, 191, 192, 194, 195, 196, 197, 198, 199, 200, 202, 204, 205, 206, 207, 220, 223, 226, 229, 230, 232, 236, 237, 239, 242, 243, 244, 245, 246, 247, 248, 250, 251, 253, 254, 255, 261, 265, 268, 271, 272, 273, 274, 275, 276, 278, 279, 280, 281, 284, 285, 286, 294, 295, 296, 297, 298, 300, 302, 305, 306, 307, 313, 317, 328, 329, 330, 331, 332, 337, 340, 341, 346, 349, 352, 353, 354, 355, 356, 358, 359, 360, 361, 363, 364, 365, 375, 385, 386, 387, 388, 389, 401, 402, 403, 404, 407, 434, 435, 436, 437, 438, 439, 441, 442, 444, 445, 446, 447, 449, 450, 451, 452, 454, 455, 456, 457, 458, 462, 465, 468, 474, 476, 477, 478, 479, 480, 558, 561, 562, 563, 564, 565, 578, 581, 603, 606, 607, 608, 609, 611, 612, 613, 614, 619, 622, 624, 627, 630, 632, 638, 640, 641, 642, 643, 644, 645, 646, 647, 648, 649, 650, 651, 652, 653, 662, 668, 669, 670, 671, 672, 673, 691, 698, 705, 706, 707, 709, 710, 711, 712, 744, 745, 752, 755, 762, 777, 790, 792, 795, 796, 797, 798, 799, 800, 801, 807, 808, 809, 810, 817, 820, 835, 836], "summary": {"covered_lines": 295, "num_statements": 454, "percent_covered": 64.97797356828194, "percent_covered_display": "65", "missing_lines": 159, "excluded_lines": 0, "percent_statements_covered": 64.97797356828194, "percent_statements_covered_display": "65"}, "missing_lines": [65, 85, 98, 100, 102, 112, 113, 115, 122, 125, 126, 132, 133, 134, 151, 152, 154, 157, 158, 159, 160, 161, 164, 182, 184, 186, 188, 190, 212, 216, 238, 240, 257, 299, 301, 308, 314, 318, 319, 320, 321, 322, 323, 324, 325, 326, 327, 333, 334, 335, 336, 376, 377, 378, 379, 380, 381, 382, 383, 390, 391, 393, 394, 395, 398, 399, 400, 459, 460, 461, 482, 483, 484, 485, 486, 491, 492, 493, 494, 495, 496, 498, 499, 500, 503, 504, 505, 506, 509, 531, 532, 533, 534, 535, 537, 538, 540, 541, 542, 543, 545, 546, 547, 548, 550, 551, 552, 553, 554, 571, 584, 585, 586, 587, 589, 593, 600, 654, 656, 657, 658, 659, 660, 661, 663, 664, 665, 666, 667, 719, 720, 728, 736, 793, 811, 838, 839, 840, 841, 843, 845, 847, 848, 853, 855, 856, 857, 858, 859, 860, 861, 863, 864, 866, 868, 869, 870, 871, 872], "excluded_lines": [], "start_line": 1}}}, "bike_analyzer\\backend\\analytics\\analytics.py": {"executed_lines": [3, 5, 6, 7, 9, 11, 12, 18, 19, 22, 23, 24, 31, 40, 41, 42, 55, 56, 59, 60, 63, 64, 65, 66, 67, 68, 80, 81, 93, 96, 97, 98, 99, 102, 103, 104, 105, 116, 117, 128, 131, 132, 133, 147, 148, 149, 150, 151, 152, 153, 154, 155, 156, 159, 162, 163, 164, 165, 166, 167, 168, 169, 170, 173, 174, 175, 176, 177, 178, 179, 180, 181, 182, 183, 184, 187, 188, 189, 190, 191, 192, 193, 194, 195, 196, 199, 200, 201, 202, 203, 204, 218, 221, 222, 243, 244, 245], "summary": {"covered_lines": 97, "num_statements": 135, "percent_covered": 71.85185185185185, "percent_covered_display": "72", "missing_lines": 38, "excluded_lines": 0, "percent_statements_covered": 71.85185185185185, "percent_statements_covered_display": "72"}, "missing_lines": [205, 206, 207, 208, 209, 210, 211, 212, 213, 214, 215, 223, 224, 225, 226, 229, 230, 231, 232, 233, 234, 235, 236, 237, 238, 239, 240, 246, 247, 248, 249, 250, 251, 252, 253, 254, 255, 256], "excluded_lines": [], "functions": {"calculate_summary": {"executed_lines": [23, 24, 31], "summary": {"covered_lines": 3, "num_statements": 3, "percent_covered": 100.0, "percent_covered_display": "100", "missing_lines": 0, "excluded_lines": 0, "percent_statements_covered": 100.0, "percent_statements_covered_display": "100"}, "missing_lines": [], "excluded_lines": [], "start_line": 22}, "analyze_ride": {"executed_lines": [41, 42], "summary": {"covered_lines": 2, "num_statements": 2, "percent_covered": 100.0, "percent_covered_display": "100", "missing_lines": 0, "excluded_lines": 0, "percent_statements_covered": 100.0, "percent_statements_covered_display": "100"}, "missing_lines": [], "excluded_lines": [], "start_line": 40}, "ride_to_json": {"executed_lines": [56], "summary": {"covered_lines": 1, "num_statements": 1, "percent_covered": 100.0, "percent_covered_display": "100", "missing_lines": 0, "excluded_lines": 0, "percent_statements_covered": 100.0, "percent_statements_covered_display": "100"}, "missing_lines": [], "excluded_lines": [], "start_line": 55}, "rides_to_json": {"executed_lines": [60], "summary": {"covered_lines": 1, "num_statements": 1, "percent_covered": 100.0, "percent_covered_display": "100", "missing_lines": 0, "excluded_lines": 0, "percent_statements_covered": 100.0, "percent_statements_covered_display": "100"}, "missing_lines": [], "excluded_lines": [], "start_line": 59}, "rides_to_csv": {"executed_lines": [64, 65, 66, 67, 68, 80, 81, 93], "summary": {"covered_lines": 8, "num_statements": 8, "percent_covered": 100.0, "percent_covered_display": "100", "missing_lines": 0, "excluded_lines": 0, "percent_statements_covered": 100.0, "percent_statements_covered_display": "100"}, "missing_lines": [], "excluded_lines": [], "start_line": 63}, "export_rides_json": {"executed_lines": [97, 98, 99], "summary": {"covered_lines": 3, "num_statements": 3, "percent_covered": 100.0, "percent_covered_display": "100", "missing_lines": 0, "excluded_lines": 0, "percent_statements_covered": 100.0, "percent_statements_covered_display": "100"}, "missing_lines": [], "excluded_lines": [], "start_line": 96}, "export_rides_csv": {"executed_lines": [103, 104, 105, 116, 117, 128], "summary": {"covered_lines": 6, "num_statements": 6, "percent_covered": 100.0, "percent_covered_display": "100", "missing_lines": 0, "excluded_lines": 0, "percent_statements_covered": 100.0, "percent_statements_covered_display": "100"}, "missing_lines": [], "excluded_lines": [], "start_line": 102}, "generate_text_report": {"executed_lines": [132, 133], "summary": {"covered_lines": 2, "num_statements": 2, "percent_covered": 100.0, "percent_covered_display": "100", "missing_lines": 0, "excluded_lines": 0, "percent_statements_covered": 100.0, "percent_statements_covered_display": "100"}, "missing_lines": [], "excluded_lines": [], "start_line": 131}, "create_speed_chart": {"executed_lines": [148, 149, 150, 151, 152, 153, 154, 155, 156], "summary": {"covered_lines": 9, "num_statements": 9, "percent_covered": 100.0, "percent_covered_display": "100", "missing_lines": 0, "excluded_lines": 0, "percent_statements_covered": 100.0, "percent_statements_covered_display": "100"}, "missing_lines": [], "excluded_lines": [], "start_line": 147}, "create_elevation_chart": {"executed_lines": [162, 163, 164, 165, 166, 167, 168, 169, 170], "summary": {"covered_lines": 9, "num_statements": 9, "percent_covered": 100.0, "percent_covered_display": "100", "missing_lines": 0, "excluded_lines": 0, "percent_statements_covered": 100.0, "percent_statements_covered_display": "100"}, "missing_lines": [], "excluded_lines": [], "start_line": 159}, "create_duration_chart": {"executed_lines": [174, 175, 176, 177, 178, 179, 180, 181, 182, 183, 184], "summary": {"covered_lines": 11, "num_statements": 11, "percent_covered": 100.0, "percent_covered_display": "100", "missing_lines": 0, "excluded_lines": 0, "percent_statements_covered": 100.0, "percent_statements_covered_display": "100"}, "missing_lines": [], "excluded_lines": [], "start_line": 173}, "create_distance_chart": {"executed_lines": [188, 189, 190, 191, 192, 193, 194, 195, 196], "summary": {"covered_lines": 9, "num_statements": 9, "percent_covered": 100.0, "percent_covered_display": "100", "missing_lines": 0, "excluded_lines": 0, "percent_statements_covered": 100.0, "percent_statements_covered_display": "100"}, "missing_lines": [], "excluded_lines": [], "start_line": 187}, "generate_speed_chart": {"executed_lines": [200, 201, 202, 203, 204], "summary": {"covered_lines": 5, "num_statements": 16, "percent_covered": 31.25, "percent_covered_display": "31", "missing_lines": 11, "excluded_lines": 0, "percent_statements_covered": 31.25, "percent_statements_covered_display": "31"}, "missing_lines": [205, 206, 207, 208, 209, 210, 211, 212, 213, 214, 215], "excluded_lines": [], "start_line": 199}, "generate_distance_chart": {"executed_lines": [221, 222], "summary": {"covered_lines": 2, "num_statements": 18, "percent_covered": 11.11111111111111, "percent_covered_display": "11", "missing_lines": 16, "excluded_lines": 0, "percent_statements_covered": 11.11111111111111, "percent_statements_covered_display": "11"}, "missing_lines": [223, 224, 225, 226, 229, 230, 231, 232, 233, 234, 235, 236, 237, 238, 239, 240], "excluded_lines": [], "start_line": 218}, "generate_time_chart": {"executed_lines": [244, 245], "summary": {"covered_lines": 2, "num_statements": 13, "percent_covered": 15.384615384615385, "percent_covered_display": "15", "missing_lines": 11, "excluded_lines": 0, "percent_statements_covered": 15.384615384615385, "percent_statements_covered_display": "15"}, "missing_lines": [246, 247, 248, 249, 250, 251, 252, 253, 254, 255, 256], "excluded_lines": [], "start_line": 243}, "": {"executed_lines": [3, 5, 6, 7, 9, 11, 12, 18, 19, 22, 40, 55, 59, 63, 96, 102, 131, 147, 159, 173, 187, 199, 218, 243], "summary": {"covered_lines": 24, "num_statements": 24, "percent_covered": 100.0, "percent_covered_display": "100", "missing_lines": 0, "excluded_lines": 0, "percent_statements_covered": 100.0, "percent_statements_covered_display": "100"}, "missing_lines": [], "excluded_lines": [], "start_line": 1}}, "classes": {"": {"executed_lines": [3, 5, 6, 7, 9, 11, 12, 18, 19, 22, 23, 24, 31, 40, 41, 42, 55, 56, 59, 60, 63, 64, 65, 66, 67, 68, 80, 81, 93, 96, 97, 98, 99, 102, 103, 104, 105, 116, 117, 128, 131, 132, 133, 147, 148, 149, 150, 151, 152, 153, 154, 155, 156, 159, 162, 163, 164, 165, 166, 167, 168, 169, 170, 173, 174, 175, 176, 177, 178, 179, 180, 181, 182, 183, 184, 187, 188, 189, 190, 191, 192, 193, 194, 195, 196, 199, 200, 201, 202, 203, 204, 218, 221, 222, 243, 244, 245], "summary": {"covered_lines": 97, "num_statements": 135, "percent_covered": 71.85185185185185, "percent_covered_display": "72", "missing_lines": 38, "excluded_lines": 0, "percent_statements_covered": 71.85185185185185, "percent_statements_covered_display": "72"}, "missing_lines": [205, 206, 207, 208, 209, 210, 211, 212, 213, 214, 215, 223, 224, 225, 226, 229, 230, 231, 232, 233, 234, 235, 236, 237, 238, 239, 240, 246, 247, 248, 249, 250, 251, 252, 253, 254, 255, 256], "excluded_lines": [], "start_line": 1}}}, "bike_analyzer\\backend\\analytics\\analytics_trends.py": {"executed_lines": [13, 15, 16, 17, 20, 22, 23, 24, 26, 27, 28, 29, 30, 31, 33, 36, 38, 39, 40, 41, 42, 43, 44, 47, 49, 50, 51, 52, 53, 54, 55, 56, 57, 58, 61, 62, 63, 66, 67, 68, 71, 73, 74, 75, 76, 78, 79, 80, 82, 83, 84, 86, 87, 89, 90, 91, 95, 98, 100, 101, 102, 103, 104, 105, 106, 107, 110, 138, 140, 141, 158, 160, 161, 162, 163, 164, 165, 166, 168, 185, 186, 187, 188, 190, 192, 193, 194, 195, 196, 200, 202, 222, 237, 238, 239, 250, 251, 252, 253, 254, 255, 261, 262, 263, 264, 265, 266, 267, 269, 271, 281, 282, 283, 284, 285, 287, 288, 291, 292, 293, 297, 300, 321, 322, 323, 336, 337, 340, 342, 343, 345, 346, 347, 349, 350, 351, 352, 353, 355, 356, 357, 359, 360, 361, 363, 364, 365, 366, 367, 369, 370, 371, 372, 373, 375, 376, 377, 378, 380, 381, 383, 396, 415, 416, 417, 427, 428, 429, 430, 432, 433, 435, 436, 437, 439, 440, 441, 443, 444, 446, 449, 451, 464, 469, 470, 481, 482, 483, 484, 485, 489], "summary": {"covered_lines": 191, "num_statements": 198, "percent_covered": 96.46464646464646, "percent_covered_display": "96", "missing_lines": 7, "excluded_lines": 0, "percent_statements_covered": 96.46464646464646, "percent_statements_covered_display": "96"}, "missing_lines": [32, 93, 169, 198, 348, 445, 447], "excluded_lines": [], "functions": {"_to_date": {"executed_lines": [22, 23, 24, 26, 27, 28, 29, 30, 31, 33], "summary": {"covered_lines": 10, "num_statements": 11, "percent_covered": 90.9090909090909, "percent_covered_display": "91", "missing_lines": 1, "excluded_lines": 0, "percent_statements_covered": 90.9090909090909, "percent_statements_covered_display": "91"}, "missing_lines": [32], "excluded_lines": [], "start_line": 20}, "_safe_float": {"executed_lines": [38, 39, 40, 41, 42, 43, 44], "summary": {"covered_lines": 7, "num_statements": 7, "percent_covered": 100.0, "percent_covered_display": "100", "missing_lines": 0, "excluded_lines": 0, "percent_statements_covered": 100.0, "percent_statements_covered_display": "100"}, "missing_lines": [], "excluded_lines": [], "start_line": 36}, "_filter_valid_rides": {"executed_lines": [49, 50, 51, 52, 53, 54, 55, 56, 57, 58, 61, 62, 63], "summary": {"covered_lines": 13, "num_statements": 13, "percent_covered": 100.0, "percent_covered_display": "100", "missing_lines": 0, "excluded_lines": 0, "percent_statements_covered": 100.0, "percent_statements_covered_display": "100"}, "missing_lines": [], "excluded_lines": [], "start_line": 47}, "_duration_hours": {"executed_lines": [67, 68], "summary": {"covered_lines": 2, "num_statements": 2, "percent_covered": 100.0, "percent_covered_display": "100", "missing_lines": 0, "excluded_lines": 0, "percent_statements_covered": 100.0, "percent_statements_covered_display": "100"}, "missing_lines": [], "excluded_lines": [], "start_line": 66}, "_fit_linear": {"executed_lines": [73, 74, 75, 76, 78, 79, 80, 82, 83, 84, 86, 87, 89, 90, 91, 95], "summary": {"covered_lines": 16, "num_statements": 17, "percent_covered": 94.11764705882354, "percent_covered_display": "94", "missing_lines": 1, "excluded_lines": 0, "percent_statements_covered": 94.11764705882354, "percent_statements_covered_display": "94"}, "missing_lines": [93], "excluded_lines": [], "start_line": 71}, "_rolling_average": {"executed_lines": [100, 101, 102, 103, 104, 105, 106, 107], "summary": {"covered_lines": 8, "num_statements": 8, "percent_covered": 100.0, "percent_covered_display": "100", "missing_lines": 0, "excluded_lines": 0, "percent_statements_covered": 100.0, "percent_statements_covered_display": "100"}, "missing_lines": [], "excluded_lines": [], "start_line": 98}, "calculate_fitness_trends": {"executed_lines": [138, 140, 141, 158, 160, 161, 162, 163, 164, 165, 166, 168, 185, 186, 187, 188, 190, 192, 193, 194, 195, 196, 200, 202], "summary": {"covered_lines": 24, "num_statements": 26, "percent_covered": 92.3076923076923, "percent_covered_display": "92", "missing_lines": 2, "excluded_lines": 0, "percent_statements_covered": 92.3076923076923, "percent_statements_covered_display": "92"}, "missing_lines": [169, 198], "excluded_lines": [], "start_line": 110}, "calculate_monthly_progression": {"executed_lines": [237, 238, 239, 250, 251, 252, 253, 254, 255, 261, 262, 263, 264, 265, 266, 267, 269, 271, 281, 282, 283, 284, 285, 287, 288, 291, 292, 293, 297], "summary": {"covered_lines": 29, "num_statements": 29, "percent_covered": 100.0, "percent_covered_display": "100", "missing_lines": 0, "excluded_lines": 0, "percent_statements_covered": 100.0, "percent_statements_covered_display": "100"}, "missing_lines": [], "excluded_lines": [], "start_line": 222}, "calculate_period_comparison": {"executed_lines": [321, 322, 323, 336, 337, 340, 342, 343, 345, 346, 347, 349, 350, 351, 352, 353, 355, 359, 363, 364, 365, 366, 367, 369, 370, 371, 372, 373, 375, 376, 377, 378, 380, 381, 383], "summary": {"covered_lines": 35, "num_statements": 36, "percent_covered": 97.22222222222223, "percent_covered_display": "97", "missing_lines": 1, "excluded_lines": 0, "percent_statements_covered": 97.22222222222223, "percent_statements_covered_display": "97"}, "missing_lines": [348], "excluded_lines": [], "start_line": 300}, "calculate_period_comparison._avg": {"executed_lines": [356, 357], "summary": {"covered_lines": 2, "num_statements": 2, "percent_covered": 100.0, "percent_covered_display": "100", "missing_lines": 0, "excluded_lines": 0, "percent_statements_covered": 100.0, "percent_statements_covered_display": "100"}, "missing_lines": [], "excluded_lines": [], "start_line": 355}, "calculate_period_comparison._sum": {"executed_lines": [360, 361], "summary": {"covered_lines": 2, "num_statements": 2, "percent_covered": 100.0, "percent_covered_display": "100", "missing_lines": 0, "excluded_lines": 0, "percent_statements_covered": 100.0, "percent_statements_covered_display": "100"}, "missing_lines": [], "excluded_lines": [], "start_line": 359}, "calculate_training_volume_projection": {"executed_lines": [415, 416, 417, 427, 428, 429, 430, 432, 433, 435, 436, 437, 439, 440, 441, 443, 444, 446, 449, 451], "summary": {"covered_lines": 20, "num_statements": 22, "percent_covered": 90.9090909090909, "percent_covered_display": "91", "missing_lines": 2, "excluded_lines": 0, "percent_statements_covered": 90.9090909090909, "percent_statements_covered_display": "91"}, "missing_lines": [445, 447], "excluded_lines": [], "start_line": 396}, "get_ride_metrics": {"executed_lines": [469, 470, 481, 482, 483, 484, 485], "summary": {"covered_lines": 7, "num_statements": 7, "percent_covered": 100.0, "percent_covered_display": "100", "missing_lines": 0, "excluded_lines": 0, "percent_statements_covered": 100.0, "percent_statements_covered_display": "100"}, "missing_lines": [], "excluded_lines": [], "start_line": 464}, "": {"executed_lines": [13, 15, 16, 17, 20, 36, 47, 66, 71, 98, 110, 222, 300, 396, 464, 489], "summary": {"covered_lines": 16, "num_statements": 16, "percent_covered": 100.0, "percent_covered_display": "100", "missing_lines": 0, "excluded_lines": 0, "percent_statements_covered": 100.0, "percent_statements_covered_display": "100"}, "missing_lines": [], "excluded_lines": [], "start_line": 1}}, "classes": {"": {"executed_lines": [13, 15, 16, 17, 20, 22, 23, 24, 26, 27, 28, 29, 30, 31, 33, 36, 38, 39, 40, 41, 42, 43, 44, 47, 49, 50, 51, 52, 53, 54, 55, 56, 57, 58, 61, 62, 63, 66, 67, 68, 71, 73, 74, 75, 76, 78, 79, 80, 82, 83, 84, 86, 87, 89, 90, 91, 95, 98, 100, 101, 102, 103, 104, 105, 106, 107, 110, 138, 140, 141, 158, 160, 161, 162, 163, 164, 165, 166, 168, 185, 186, 187, 188, 190, 192, 193, 194, 195, 196, 200, 202, 222, 237, 238, 239, 250, 251, 252, 253, 254, 255, 261, 262, 263, 264, 265, 266, 267, 269, 271, 281, 282, 283, 284, 285, 287, 288, 291, 292, 293, 297, 300, 321, 322, 323, 336, 337, 340, 342, 343, 345, 346, 347, 349, 350, 351, 352, 353, 355, 356, 357, 359, 360, 361, 363, 364, 365, 366, 367, 369, 370, 371, 372, 373, 375, 376, 377, 378, 380, 381, 383, 396, 415, 416, 417, 427, 428, 429, 430, 432, 433, 435, 436, 437, 439, 440, 441, 443, 444, 446, 449, 451, 464, 469, 470, 481, 482, 483, 484, 485, 489], "summary": {"covered_lines": 191, "num_statements": 198, "percent_covered": 96.46464646464646, "percent_covered_display": "96", "missing_lines": 7, "excluded_lines": 0, "percent_statements_covered": 96.46464646464646, "percent_statements_covered_display": "96"}, "missing_lines": [32, 93, 169, 198, 348, 445, 447], "excluded_lines": [], "start_line": 1}}}, "bike_analyzer\\backend\\analytics\\badges.py": {"executed_lines": [3, 5, 7, 107, 109, 110, 111, 113, 114, 115, 116, 118, 120, 121, 122, 123, 125, 126, 127, 128, 129, 130, 131, 132, 133, 134, 135, 136, 137, 139, 140, 141, 142, 143, 145, 158, 161, 163, 164, 165, 166, 167, 169, 170, 171, 172, 173, 174, 175, 176, 177, 178, 181, 184, 186, 187, 188, 189, 190, 191, 193, 194, 200, 201, 202, 203, 204, 205, 207, 209, 210, 211, 218, 221], "summary": {"covered_lines": 74, "num_statements": 76, "percent_covered": 97.36842105263158, "percent_covered_display": "97", "missing_lines": 2, "excluded_lines": 0, "percent_statements_covered": 97.36842105263158, "percent_statements_covered_display": "97"}, "missing_lines": [179, 180], "excluded_lines": [], "functions": {"calculate_badges": {"executed_lines": [109, 110, 111, 113, 114, 115, 116, 118, 120, 121, 122, 123, 125, 126, 127, 128, 129, 130, 131, 132, 133, 134, 135, 136, 137, 139, 140, 141, 142, 143, 145, 158], "summary": {"covered_lines": 32, "num_statements": 32, "percent_covered": 100.0, "percent_covered_display": "100", "missing_lines": 0, "excluded_lines": 0, "percent_statements_covered": 100.0, "percent_statements_covered_display": "100"}, "missing_lines": [], "excluded_lines": [], "start_line": 107}, "calculate_streak": {"executed_lines": [163, 164, 165, 166, 167, 169, 170, 171, 172, 173, 174, 175, 176, 177, 178, 181], "summary": {"covered_lines": 16, "num_statements": 18, "percent_covered": 88.88888888888889, "percent_covered_display": "89", "missing_lines": 2, "excluded_lines": 0, "percent_statements_covered": 88.88888888888889, "percent_statements_covered_display": "89"}, "missing_lines": [179, 180], "excluded_lines": [], "start_line": 161}, "get_heatmap_points": {"executed_lines": [186, 187, 188, 189, 190, 191, 193, 194, 200, 201, 202, 203, 204, 205, 207, 209, 210, 211, 218], "summary": {"covered_lines": 19, "num_statements": 19, "percent_covered": 100.0, "percent_covered_display": "100", "missing_lines": 0, "excluded_lines": 0, "percent_statements_covered": 100.0, "percent_statements_covered_display": "100"}, "missing_lines": [], "excluded_lines": [], "start_line": 184}, "": {"executed_lines": [3, 5, 7, 107, 161, 184, 221], "summary": {"covered_lines": 7, "num_statements": 7, "percent_covered": 100.0, "percent_covered_display": "100", "missing_lines": 0, "excluded_lines": 0, "percent_statements_covered": 100.0, "percent_statements_covered_display": "100"}, "missing_lines": [], "excluded_lines": [], "start_line": 1}}, "classes": {"": {"executed_lines": [3, 5, 7, 107, 109, 110, 111, 113, 114, 115, 116, 118, 120, 121, 122, 123, 125, 126, 127, 128, 129, 130, 131, 132, 133, 134, 135, 136, 137, 139, 140, 141, 142, 143, 145, 158, 161, 163, 164, 165, 166, 167, 169, 170, 171, 172, 173, 174, 175, 176, 177, 178, 181, 184, 186, 187, 188, 189, 190, 191, 193, 194, 200, 201, 202, 203, 204, 205, 207, 209, 210, 211, 218, 221], "summary": {"covered_lines": 74, "num_statements": 76, "percent_covered": 97.36842105263158, "percent_covered_display": "97", "missing_lines": 2, "excluded_lines": 0, "percent_statements_covered": 97.36842105263158, "percent_statements_covered_display": "97"}, "missing_lines": [179, 180], "excluded_lines": [], "start_line": 1}}}, "bike_analyzer\\backend\\analytics\\benchmark.py": {"executed_lines": [3, 5, 7, 15, 22, 23, 32, 35, 36, 38, 39, 47, 57, 67, 75, 78, 79, 80, 81, 85, 86, 87, 88, 92, 93, 94, 95, 99, 100, 101, 102, 103, 104, 105], "summary": {"covered_lines": 34, "num_statements": 38, "percent_covered": 89.47368421052632, "percent_covered_display": "89", "missing_lines": 4, "excluded_lines": 0, "percent_statements_covered": 89.47368421052632, "percent_statements_covered_display": "89"}, "missing_lines": [37, 82, 89, 96], "excluded_lines": [], "functions": {"compare_athlete_to_benchmark": {"executed_lines": [35, 36, 38, 39, 47, 57, 67], "summary": {"covered_lines": 7, "num_statements": 8, "percent_covered": 87.5, "percent_covered_display": "88", "missing_lines": 1, "excluded_lines": 0, "percent_statements_covered": 87.5, "percent_statements_covered_display": "88"}, "missing_lines": [37], "excluded_lines": [], "start_line": 32}, "get_age_category": {"executed_lines": [79, 80, 81], "summary": {"covered_lines": 3, "num_statements": 4, "percent_covered": 75.0, "percent_covered_display": "75", "missing_lines": 1, "excluded_lines": 0, "percent_statements_covered": 75.0, "percent_statements_covered_display": "75"}, "missing_lines": [82], "excluded_lines": [], "start_line": 78}, "get_weight_category": {"executed_lines": [86, 87, 88], "summary": {"covered_lines": 3, "num_statements": 4, "percent_covered": 75.0, "percent_covered_display": "75", "missing_lines": 1, "excluded_lines": 0, "percent_statements_covered": 75.0, "percent_statements_covered_display": "75"}, "missing_lines": [89], "excluded_lines": [], "start_line": 85}, "get_experience_category": {"executed_lines": [93, 94, 95], "summary": {"covered_lines": 3, "num_statements": 4, "percent_covered": 75.0, "percent_covered_display": "75", "missing_lines": 1, "excluded_lines": 0, "percent_statements_covered": 75.0, "percent_statements_covered_display": "75"}, "missing_lines": [96], "excluded_lines": [], "start_line": 92}, "generate_benchmark_report": {"executed_lines": [100, 101, 102, 103, 104, 105], "summary": {"covered_lines": 6, "num_statements": 6, "percent_covered": 100.0, "percent_covered_display": "100", "missing_lines": 0, "excluded_lines": 0, "percent_statements_covered": 100.0, "percent_statements_covered_display": "100"}, "missing_lines": [], "excluded_lines": [], "start_line": 99}, "": {"executed_lines": [3, 5, 7, 15, 22, 23, 32, 75, 78, 85, 92, 99], "summary": {"covered_lines": 12, "num_statements": 12, "percent_covered": 100.0, "percent_covered_display": "100", "missing_lines": 0, "excluded_lines": 0, "percent_statements_covered": 100.0, "percent_statements_covered_display": "100"}, "missing_lines": [], "excluded_lines": [], "start_line": 1}}, "classes": {"": {"executed_lines": [3, 5, 7, 15, 22, 23, 32, 35, 36, 38, 39, 47, 57, 67, 75, 78, 79, 80, 81, 85, 86, 87, 88, 92, 93, 94, 95, 99, 100, 101, 102, 103, 104, 105], "summary": {"covered_lines": 34, "num_statements": 38, "percent_covered": 89.47368421052632, "percent_covered_display": "89", "missing_lines": 4, "excluded_lines": 0, "percent_statements_covered": 89.47368421052632, "percent_statements_covered_display": "89"}, "missing_lines": [37, 82, 89, 96], "excluded_lines": [], "start_line": 1}}}, "bike_analyzer\\backend\\analytics\\calculators\\__init__.py": {"executed_lines": [], "summary": {"covered_lines": 0, "num_statements": 0, "percent_covered": 100.0, "percent_covered_display": "100", "missing_lines": 0, "excluded_lines": 0, "percent_statements_covered": 100.0, "percent_statements_covered_display": "100"}, "missing_lines": [], "excluded_lines": [], "functions": {"": {"executed_lines": [], "summary": {"covered_lines": 0, "num_statements": 0, "percent_covered": 100.0, "percent_covered_display": "100", "missing_lines": 0, "excluded_lines": 0, "percent_statements_covered": 100.0, "percent_statements_covered_display": "100"}, "missing_lines": [], "excluded_lines": [], "start_line": 1}}, "classes": {"": {"executed_lines": [], "summary": {"covered_lines": 0, "num_statements": 0, "percent_covered": 100.0, "percent_covered_display": "100", "missing_lines": 0, "excluded_lines": 0, "percent_statements_covered": 100.0, "percent_statements_covered_display": "100"}, "missing_lines": [], "excluded_lines": [], "start_line": 1}}}, "bike_analyzer\\backend\\analytics\\calculators\\calories.py": {"executed_lines": [3, 5, 8, 9, 10, 19, 22, 23, 24, 25, 26, 27, 28, 33, 34, 35, 36, 39, 40, 43], "summary": {"covered_lines": 20, "num_statements": 21, "percent_covered": 95.23809523809524, "percent_covered_display": "95", "missing_lines": 1, "excluded_lines": 0, "percent_statements_covered": 95.23809523809524, "percent_statements_covered_display": "95"}, "missing_lines": [44], "excluded_lines": [], "functions": {"calories_met": {"executed_lines": [9, 10, 19], "summary": {"covered_lines": 3, "num_statements": 3, "percent_covered": 100.0, "percent_covered_display": "100", "missing_lines": 0, "excluded_lines": 0, "percent_statements_covered": 100.0, "percent_statements_covered_display": "100"}, "missing_lines": [], "excluded_lines": [], "start_line": 8}, "calories_physics": {"executed_lines": [23, 24, 25, 26, 27, 28, 33, 34, 35, 36], "summary": {"covered_lines": 10, "num_statements": 10, "percent_covered": 100.0, "percent_covered_display": "100", "missing_lines": 0, "excluded_lines": 0, "percent_statements_covered": 100.0, "percent_statements_covered_display": "100"}, "missing_lines": [], "excluded_lines": [], "start_line": 22}, "estimate": {"executed_lines": [40], "summary": {"covered_lines": 1, "num_statements": 1, "percent_covered": 100.0, "percent_covered_display": "100", "missing_lines": 0, "excluded_lines": 0, "percent_statements_covered": 100.0, "percent_statements_covered_display": "100"}, "missing_lines": [], "excluded_lines": [], "start_line": 39}, "per_km": {"executed_lines": [], "summary": {"covered_lines": 0, "num_statements": 1, "percent_covered": 0.0, "percent_covered_display": "0", "missing_lines": 1, "excluded_lines": 0, "percent_statements_covered": 0.0, "percent_statements_covered_display": "0"}, "missing_lines": [44], "excluded_lines": [], "start_line": 43}, "": {"executed_lines": [3, 5, 8, 22, 39, 43], "summary": {"covered_lines": 6, "num_statements": 6, "percent_covered": 100.0, "percent_covered_display": "100", "missing_lines": 0, "excluded_lines": 0, "percent_statements_covered": 100.0, "percent_statements_covered_display": "100"}, "missing_lines": [], "excluded_lines": [], "start_line": 1}}, "classes": {"": {"executed_lines": [3, 5, 8, 9, 10, 19, 22, 23, 24, 25, 26, 27, 28, 33, 34, 35, 36, 39, 40, 43], "summary": {"covered_lines": 20, "num_statements": 21, "percent_covered": 95.23809523809524, "percent_covered_display": "95", "missing_lines": 1, "excluded_lines": 0, "percent_statements_covered": 95.23809523809524, "percent_statements_covered_display": "95"}, "missing_lines": [44], "excluded_lines": [], "start_line": 1}}}, "bike_analyzer\\backend\\analytics\\calculators\\fatigue.py": {"executed_lines": [3, 5, 8, 9, 10, 11, 12, 13, 14, 22, 23, 24, 29, 30, 43, 44, 45, 46, 47, 48, 49, 50, 53, 54, 55, 56, 57, 58, 59, 60, 61, 62], "summary": {"covered_lines": 32, "num_statements": 32, "percent_covered": 100.0, "percent_covered_display": "100", "missing_lines": 0, "excluded_lines": 0, "percent_statements_covered": 100.0, "percent_statements_covered_display": "100"}, "missing_lines": [], "excluded_lines": [], "functions": {"calculate_fatigue_score": {"executed_lines": [9, 10, 11, 12, 13, 14, 22, 23, 24, 29, 30], "summary": {"covered_lines": 11, "num_statements": 11, "percent_covered": 100.0, "percent_covered_display": "100", "missing_lines": 0, "excluded_lines": 0, "percent_statements_covered": 100.0, "percent_statements_covered_display": "100"}, "missing_lines": [], "excluded_lines": [], "start_line": 8}, "estimate_recovery_hours": {"executed_lines": [44, 45, 46, 47, 48, 49, 50], "summary": {"covered_lines": 7, "num_statements": 7, "percent_covered": 100.0, "percent_covered_display": "100", "missing_lines": 0, "excluded_lines": 0, "percent_statements_covered": 100.0, "percent_statements_covered_display": "100"}, "missing_lines": [], "excluded_lines": [], "start_line": 43}, "get_recovery_recommendation": {"executed_lines": [54, 55, 56, 57, 58, 59, 60, 61, 62], "summary": {"covered_lines": 9, "num_statements": 9, "percent_covered": 100.0, "percent_covered_display": "100", "missing_lines": 0, "excluded_lines": 0, "percent_statements_covered": 100.0, "percent_statements_covered_display": "100"}, "missing_lines": [], "excluded_lines": [], "start_line": 53}, "": {"executed_lines": [3, 5, 8, 43, 53], "summary": {"covered_lines": 5, "num_statements": 5, "percent_covered": 100.0, "percent_covered_display": "100", "missing_lines": 0, "excluded_lines": 0, "percent_statements_covered": 100.0, "percent_statements_covered_display": "100"}, "missing_lines": [], "excluded_lines": [], "start_line": 1}}, "classes": {"": {"executed_lines": [3, 5, 8, 9, 10, 11, 12, 13, 14, 22, 23, 24, 29, 30, 43, 44, 45, 46, 47, 48, 49, 50, 53, 54, 55, 56, 57, 58, 59, 60, 61, 62], "summary": {"covered_lines": 32, "num_statements": 32, "percent_covered": 100.0, "percent_covered_display": "100", "missing_lines": 0, "excluded_lines": 0, "percent_statements_covered": 100.0, "percent_statements_covered_display": "100"}, "missing_lines": [], "excluded_lines": [], "start_line": 1}}}, "bike_analyzer\\backend\\analytics\\calculators\\performance.py": {"executed_lines": [3, 5, 8, 9, 10, 11, 12, 15, 26, 32, 33, 34, 35, 36, 37, 38, 41], "summary": {"covered_lines": 17, "num_statements": 32, "percent_covered": 53.125, "percent_covered_display": "53", "missing_lines": 15, "excluded_lines": 0, "percent_statements_covered": 53.125, "percent_statements_covered_display": "53"}, "missing_lines": [16, 17, 18, 19, 20, 21, 22, 23, 27, 28, 29, 42, 43, 44, 45], "excluded_lines": [], "functions": {"performance_score": {"executed_lines": [9, 10, 11, 12], "summary": {"covered_lines": 4, "num_statements": 4, "percent_covered": 100.0, "percent_covered_display": "100", "missing_lines": 0, "excluded_lines": 0, "percent_statements_covered": 100.0, "percent_statements_covered_display": "100"}, "missing_lines": [], "excluded_lines": [], "start_line": 8}, "endurance_score": {"executed_lines": [], "summary": {"covered_lines": 0, "num_statements": 8, "percent_covered": 0.0, "percent_covered_display": "0", "missing_lines": 8, "excluded_lines": 0, "percent_statements_covered": 0.0, "percent_statements_covered_display": "0"}, "missing_lines": [16, 17, 18, 19, 20, 21, 22, 23], "excluded_lines": [], "start_line": 15}, "recovery_score": {"executed_lines": [], "summary": {"covered_lines": 0, "num_statements": 3, "percent_covered": 0.0, "percent_covered_display": "0", "missing_lines": 3, "excluded_lines": 0, "percent_statements_covered": 0.0, "percent_statements_covered_display": "0"}, "missing_lines": [27, 28, 29], "excluded_lines": [], "start_line": 26}, "efficiency_score": {"executed_lines": [33, 34, 35, 36, 37, 38], "summary": {"covered_lines": 6, "num_statements": 6, "percent_covered": 100.0, "percent_covered_display": "100", "missing_lines": 0, "excluded_lines": 0, "percent_statements_covered": 100.0, "percent_statements_covered_display": "100"}, "missing_lines": [], "excluded_lines": [], "start_line": 32}, "monthly_scores": {"executed_lines": [], "summary": {"covered_lines": 0, "num_statements": 4, "percent_covered": 0.0, "percent_covered_display": "0", "missing_lines": 4, "excluded_lines": 0, "percent_statements_covered": 0.0, "percent_statements_covered_display": "0"}, "missing_lines": [42, 43, 44, 45], "excluded_lines": [], "start_line": 41}, "": {"executed_lines": [3, 5, 8, 15, 26, 32, 41], "summary": {"covered_lines": 7, "num_statements": 7, "percent_covered": 100.0, "percent_covered_display": "100", "missing_lines": 0, "excluded_lines": 0, "percent_statements_covered": 100.0, "percent_statements_covered_display": "100"}, "missing_lines": [], "excluded_lines": [], "start_line": 1}}, "classes": {"": {"executed_lines": [3, 5, 8, 9, 10, 11, 12, 15, 26, 32, 33, 34, 35, 36, 37, 38, 41], "summary": {"covered_lines": 17, "num_statements": 32, "percent_covered": 53.125, "percent_covered_display": "53", "missing_lines": 15, "excluded_lines": 0, "percent_statements_covered": 53.125, "percent_statements_covered_display": "53"}, "missing_lines": [16, 17, 18, 19, 20, 21, 22, 23, 27, 28, 29, 42, 43, 44, 45], "excluded_lines": [], "start_line": 1}}}, "bike_analyzer\\backend\\analytics\\calculators\\power.py": {"executed_lines": [3, 5, 8, 9, 11, 14, 15, 16, 18, 21, 22, 23, 24, 25, 26, 27], "summary": {"covered_lines": 16, "num_statements": 18, "percent_covered": 88.88888888888889, "percent_covered_display": "89", "missing_lines": 2, "excluded_lines": 0, "percent_statements_covered": 88.88888888888889, "percent_statements_covered_display": "89"}, "missing_lines": [10, 17], "excluded_lines": [], "functions": {"normalized_power_approx": {"executed_lines": [9, 11], "summary": {"covered_lines": 2, "num_statements": 3, "percent_covered": 66.66666666666667, "percent_covered_display": "67", "missing_lines": 1, "excluded_lines": 0, "percent_statements_covered": 66.66666666666667, "percent_statements_covered_display": "67"}, "missing_lines": [10], "excluded_lines": [], "start_line": 8}, "intensity_factor": {"executed_lines": [15, 16, 18], "summary": {"covered_lines": 3, "num_statements": 4, "percent_covered": 75.0, "percent_covered_display": "75", "missing_lines": 1, "excluded_lines": 0, "percent_statements_covered": 75.0, "percent_statements_covered_display": "75"}, "missing_lines": [17], "excluded_lines": [], "start_line": 14}, "training_stress_score": {"executed_lines": [22, 23, 24, 25, 26, 27], "summary": {"covered_lines": 6, "num_statements": 6, "percent_covered": 100.0, "percent_covered_display": "100", "missing_lines": 0, "excluded_lines": 0, "percent_statements_covered": 100.0, "percent_statements_covered_display": "100"}, "missing_lines": [], "excluded_lines": [], "start_line": 21}, "": {"executed_lines": [3, 5, 8, 14, 21], "summary": {"covered_lines": 5, "num_statements": 5, "percent_covered": 100.0, "percent_covered_display": "100", "missing_lines": 0, "excluded_lines": 0, "percent_statements_covered": 100.0, "percent_statements_covered_display": "100"}, "missing_lines": [], "excluded_lines": [], "start_line": 1}}, "classes": {"": {"executed_lines": [3, 5, 8, 9, 11, 14, 15, 16, 18, 21, 22, 23, 24, 25, 26, 27], "summary": {"covered_lines": 16, "num_statements": 18, "percent_covered": 88.88888888888889, "percent_covered_display": "89", "missing_lines": 2, "excluded_lines": 0, "percent_statements_covered": 88.88888888888889, "percent_statements_covered_display": "89"}, "missing_lines": [10, 17], "excluded_lines": [], "start_line": 1}}}, "bike_analyzer\\backend\\analytics\\calculators\\stress.py": {"executed_lines": [3, 6, 7, 9, 10, 11, 12, 13], "summary": {"covered_lines": 8, "num_statements": 9, "percent_covered": 88.88888888888889, "percent_covered_display": "89", "missing_lines": 1, "excluded_lines": 0, "percent_statements_covered": 88.88888888888889, "percent_statements_covered_display": "89"}, "missing_lines": [8], "excluded_lines": [], "functions": {"ewma": {"executed_lines": [7, 9, 10, 11, 12, 13], "summary": {"covered_lines": 6, "num_statements": 7, "percent_covered": 85.71428571428571, "percent_covered_display": "86", "missing_lines": 1, "excluded_lines": 0, "percent_statements_covered": 85.71428571428571, "percent_statements_covered_display": "86"}, "missing_lines": [8], "excluded_lines": [], "start_line": 6}, "": {"executed_lines": [3, 6], "summary": {"covered_lines": 2, "num_statements": 2, "percent_covered": 100.0, "percent_covered_display": "100", "missing_lines": 0, "excluded_lines": 0, "percent_statements_covered": 100.0, "percent_statements_covered_display": "100"}, "missing_lines": [], "excluded_lines": [], "start_line": 1}}, "classes": {"": {"executed_lines": [3, 6, 7, 9, 10, 11, 12, 13], "summary": {"covered_lines": 8, "num_statements": 9, "percent_covered": 88.88888888888889, "percent_covered_display": "89", "missing_lines": 1, "excluded_lines": 0, "percent_statements_covered": 88.88888888888889, "percent_statements_covered_display": "89"}, "missing_lines": [8], "excluded_lines": [], "start_line": 1}}}, "bike_analyzer\\backend\\analytics\\calories.py": {"executed_lines": [3, 5, 6, 9, 13, 17, 18, 21, 22], "summary": {"covered_lines": 9, "num_statements": 11, "percent_covered": 81.81818181818181, "percent_covered_display": "82", "missing_lines": 2, "excluded_lines": 0, "percent_statements_covered": 81.81818181818181, "percent_statements_covered_display": "82"}, "missing_lines": [10, 14], "excluded_lines": [], "functions": {"calculate_calories_met": {"executed_lines": [], "summary": {"covered_lines": 0, "num_statements": 1, "percent_covered": 0.0, "percent_covered_display": "0", "missing_lines": 1, "excluded_lines": 0, "percent_statements_covered": 0.0, "percent_statements_covered_display": "0"}, "missing_lines": [10], "excluded_lines": [], "start_line": 9}, "calculate_calories_physics": {"executed_lines": [], "summary": {"covered_lines": 0, "num_statements": 1, "percent_covered": 0.0, "percent_covered_display": "0", "missing_lines": 1, "excluded_lines": 0, "percent_statements_covered": 0.0, "percent_statements_covered_display": "0"}, "missing_lines": [14], "excluded_lines": [], "start_line": 13}, "estimate_calories": {"executed_lines": [18], "summary": {"covered_lines": 1, "num_statements": 1, "percent_covered": 100.0, "percent_covered_display": "100", "missing_lines": 0, "excluded_lines": 0, "percent_statements_covered": 100.0, "percent_statements_covered_display": "100"}, "missing_lines": [], "excluded_lines": [], "start_line": 17}, "calories_per_km": {"executed_lines": [22], "summary": {"covered_lines": 1, "num_statements": 1, "percent_covered": 100.0, "percent_covered_display": "100", "missing_lines": 0, "excluded_lines": 0, "percent_statements_covered": 100.0, "percent_statements_covered_display": "100"}, "missing_lines": [], "excluded_lines": [], "start_line": 21}, "": {"executed_lines": [3, 5, 6, 9, 13, 17, 21], "summary": {"covered_lines": 7, "num_statements": 7, "percent_covered": 100.0, "percent_covered_display": "100", "missing_lines": 0, "excluded_lines": 0, "percent_statements_covered": 100.0, "percent_statements_covered_display": "100"}, "missing_lines": [], "excluded_lines": [], "start_line": 1}}, "classes": {"": {"executed_lines": [3, 5, 6, 9, 13, 17, 18, 21, 22], "summary": {"covered_lines": 9, "num_statements": 11, "percent_covered": 81.81818181818181, "percent_covered_display": "82", "missing_lines": 2, "excluded_lines": 0, "percent_statements_covered": 81.81818181818181, "percent_statements_covered_display": "82"}, "missing_lines": [10, 14], "excluded_lines": [], "start_line": 1}}}, "bike_analyzer\\backend\\analytics\\dashboard.py": {"executed_lines": [3, 5, 7, 8, 17, 18, 19, 28, 37, 40, 41], "summary": {"covered_lines": 11, "num_statements": 11, "percent_covered": 100.0, "percent_covered_display": "100", "missing_lines": 0, "excluded_lines": 0, "percent_statements_covered": 100.0, "percent_statements_covered_display": "100"}, "missing_lines": [], "excluded_lines": [], "functions": {"create_score_dashboard": {"executed_lines": [18, 19, 28, 37], "summary": {"covered_lines": 4, "num_statements": 4, "percent_covered": 100.0, "percent_covered_display": "100", "missing_lines": 0, "excluded_lines": 0, "percent_statements_covered": 100.0, "percent_statements_covered_display": "100"}, "missing_lines": [], "excluded_lines": [], "start_line": 17}, "get_score_breakdown": {"executed_lines": [41], "summary": {"covered_lines": 1, "num_statements": 1, "percent_covered": 100.0, "percent_covered_display": "100", "missing_lines": 0, "excluded_lines": 0, "percent_statements_covered": 100.0, "percent_statements_covered_display": "100"}, "missing_lines": [], "excluded_lines": [], "start_line": 40}, "": {"executed_lines": [3, 5, 7, 8, 17, 40], "summary": {"covered_lines": 6, "num_statements": 6, "percent_covered": 100.0, "percent_covered_display": "100", "missing_lines": 0, "excluded_lines": 0, "percent_statements_covered": 100.0, "percent_statements_covered_display": "100"}, "missing_lines": [], "excluded_lines": [], "start_line": 1}}, "classes": {"": {"executed_lines": [3, 5, 7, 8, 17, 18, 19, 28, 37, 40, 41], "summary": {"covered_lines": 11, "num_statements": 11, "percent_covered": 100.0, "percent_covered_display": "100", "missing_lines": 0, "excluded_lines": 0, "percent_statements_covered": 100.0, "percent_statements_covered_display": "100"}, "missing_lines": [], "excluded_lines": [], "start_line": 1}}}, "bike_analyzer\\backend\\analytics\\fatigue.py": {"executed_lines": [3, 5, 11], "summary": {"covered_lines": 3, "num_statements": 3, "percent_covered": 100.0, "percent_covered_display": "100", "missing_lines": 0, "excluded_lines": 0, "percent_statements_covered": 100.0, "percent_statements_covered_display": "100"}, "missing_lines": [], "excluded_lines": [], "functions": {"": {"executed_lines": [3, 5, 11], "summary": {"covered_lines": 3, "num_statements": 3, "percent_covered": 100.0, "percent_covered_display": "100", "missing_lines": 0, "excluded_lines": 0, "percent_statements_covered": 100.0, "percent_statements_covered_display": "100"}, "missing_lines": [], "excluded_lines": [], "start_line": 1}}, "classes": {"": {"executed_lines": [3, 5, 11], "summary": {"covered_lines": 3, "num_statements": 3, "percent_covered": 100.0, "percent_covered_display": "100", "missing_lines": 0, "excluded_lines": 0, "percent_statements_covered": 100.0, "percent_statements_covered_display": "100"}, "missing_lines": [], "excluded_lines": [], "start_line": 1}}}, "bike_analyzer\\backend\\analytics\\granfondo_planner.py": {"executed_lines": [3, 5, 6, 9, 10, 11, 12, 13, 14, 15, 16, 19, 28, 29, 31, 46, 47, 48, 49, 50, 51, 52, 53, 54, 56, 57, 58, 59, 60, 61, 62, 63, 74, 75, 86, 89, 91, 92, 93, 95, 97, 98, 100, 103], "summary": {"covered_lines": 44, "num_statements": 44, "percent_covered": 100.0, "percent_covered_display": "100", "missing_lines": 0, "excluded_lines": 0, "percent_statements_covered": 100.0, "percent_statements_covered_display": "100"}, "missing_lines": [], "excluded_lines": [], "functions": {"generate_granfondo_plan": {"executed_lines": [28, 29, 31, 46, 56, 57, 58, 59, 60, 61, 62, 63, 74, 75, 86], "summary": {"covered_lines": 15, "num_statements": 15, "percent_covered": 100.0, "percent_covered_display": "100", "missing_lines": 0, "excluded_lines": 0, "percent_statements_covered": 100.0, "percent_statements_covered_display": "100"}, "missing_lines": [], "excluded_lines": [], "start_line": 19}, "generate_granfondo_plan.get_taper_multiplier": {"executed_lines": [47, 48, 49, 50, 51, 52, 53, 54], "summary": {"covered_lines": 8, "num_statements": 8, "percent_covered": 100.0, "percent_covered_display": "100", "missing_lines": 0, "excluded_lines": 0, "percent_statements_covered": 100.0, "percent_statements_covered_display": "100"}, "missing_lines": [], "excluded_lines": [], "start_line": 46}, "calculate_granfondo_workouts_from_goal": {"executed_lines": [91, 92, 93, 95, 97, 98, 100], "summary": {"covered_lines": 7, "num_statements": 7, "percent_covered": 100.0, "percent_covered_display": "100", "missing_lines": 0, "excluded_lines": 0, "percent_statements_covered": 100.0, "percent_statements_covered_display": "100"}, "missing_lines": [], "excluded_lines": [], "start_line": 89}, "": {"executed_lines": [3, 5, 6, 9, 10, 11, 12, 13, 14, 15, 16, 19, 89, 103], "summary": {"covered_lines": 14, "num_statements": 14, "percent_covered": 100.0, "percent_covered_display": "100", "missing_lines": 0, "excluded_lines": 0, "percent_statements_covered": 100.0, "percent_statements_covered_display": "100"}, "missing_lines": [], "excluded_lines": [], "start_line": 1}}, "classes": {"PlannedWorkout": {"executed_lines": [], "summary": {"covered_lines": 0, "num_statements": 0, "percent_covered": 100.0, "percent_covered_display": "100", "missing_lines": 0, "excluded_lines": 0, "percent_statements_covered": 100.0, "percent_statements_covered_display": "100"}, "missing_lines": [], "excluded_lines": [], "start_line": 10}, "": {"executed_lines": [3, 5, 6, 9, 10, 11, 12, 13, 14, 15, 16, 19, 28, 29, 31, 46, 47, 48, 49, 50, 51, 52, 53, 54, 56, 57, 58, 59, 60, 61, 62, 63, 74, 75, 86, 89, 91, 92, 93, 95, 97, 98, 100, 103], "summary": {"covered_lines": 44, "num_statements": 44, "percent_covered": 100.0, "percent_covered_display": "100", "missing_lines": 0, "excluded_lines": 0, "percent_statements_covered": 100.0, "percent_statements_covered_display": "100"}, "missing_lines": [], "excluded_lines": [], "start_line": 1}}}, "bike_analyzer\\backend\\analytics\\knowledge_base.py": {"executed_lines": [9, 11, 12, 13, 14, 15, 16, 17, 19, 20, 22, 24, 25, 26, 27, 29, 185, 187, 188, 191, 193, 194, 195, 196, 197, 198, 199, 200, 201, 202, 203, 204, 205, 206, 207, 208, 209, 210, 211, 212, 213, 214, 216, 219, 220, 222, 223, 224, 225, 226, 227, 228, 229, 230, 231, 232, 243, 246, 247, 248, 249, 250, 251, 254, 267, 268, 269, 270, 278, 285, 286, 287, 288, 289, 290, 291, 292, 293, 294, 295, 296, 299, 301, 302, 303, 304, 305, 307, 308, 309, 310, 311, 312, 313, 314, 316, 317, 318, 319, 327, 345, 346, 349, 350, 351, 353, 355, 356, 357, 358, 359, 361, 363, 364, 365, 366, 367, 368, 369, 370, 371, 372, 380, 382, 384, 387, 389, 390, 391, 392, 393, 394, 395, 396, 397, 398, 411, 416, 417, 418, 419, 420, 421, 422, 423, 424, 425, 426, 427, 430, 432, 433, 434, 441, 469, 471, 472, 476, 478, 480, 481, 483, 484, 489, 490, 493, 495, 496, 498, 499, 500, 501, 502, 507, 509, 510, 511, 512, 514, 522, 531, 539, 540, 542, 543, 574, 575, 577, 578, 581, 583, 613, 614, 617, 649], "summary": {"covered_lines": 195, "num_statements": 287, "percent_covered": 67.94425087108014, "percent_covered_display": "68", "missing_lines": 92, "excluded_lines": 0, "percent_statements_covered": 67.94425087108014, "percent_statements_covered_display": "68"}, "missing_lines": [215, 347, 383, 446, 447, 448, 449, 451, 452, 453, 454, 455, 456, 473, 479, 488, 503, 504, 513, 524, 525, 526, 527, 528, 544, 545, 546, 547, 552, 553, 554, 555, 556, 557, 568, 569, 570, 571, 572, 579, 593, 594, 595, 596, 597, 610, 611, 612, 622, 623, 624, 625, 626, 627, 628, 630, 640, 641, 642, 643, 644, 645, 646, 654, 655, 656, 657, 659, 660, 662, 663, 665, 666, 667, 668, 669, 671, 672, 673, 674, 675, 676, 684, 685, 686, 687, 688, 690, 692, 693, 699, 700], "excluded_lines": [], "functions": {"_tokenize": {"executed_lines": [187, 188], "summary": {"covered_lines": 2, "num_statements": 2, "percent_covered": 100.0, "percent_covered_display": "100", "missing_lines": 0, "excluded_lines": 0, "percent_statements_covered": 100.0, "percent_statements_covered_display": "100"}, "missing_lines": [], "excluded_lines": [], "start_line": 185}, "_split_text": {"executed_lines": [193, 194, 195, 196, 197, 198, 199, 200, 201, 202, 203, 204, 205, 206, 207, 208, 209, 210, 211, 212, 213, 214, 216], "summary": {"covered_lines": 23, "num_statements": 24, "percent_covered": 95.83333333333333, "percent_covered_display": "96", "missing_lines": 1, "excluded_lines": 0, "percent_statements_covered": 95.83333333333333, "percent_statements_covered_display": "96"}, "missing_lines": [215], "excluded_lines": [], "start_line": 191}, "_cached_load": {"executed_lines": [222, 223, 224, 225, 226, 227, 228, 229, 230, 231, 232, 243], "summary": {"covered_lines": 12, "num_statements": 12, "percent_covered": 100.0, "percent_covered_display": "100", "missing_lines": 0, "excluded_lines": 0, "percent_statements_covered": 100.0, "percent_statements_covered_display": "100"}, "missing_lines": [], "excluded_lines": [], "start_line": 220}, "_extract_heading": {"executed_lines": [247, 248, 249, 250, 251], "summary": {"covered_lines": 5, "num_statements": 5, "percent_covered": 100.0, "percent_covered_display": "100", "missing_lines": 0, "excluded_lines": 0, "percent_statements_covered": 100.0, "percent_statements_covered_display": "100"}, "missing_lines": [], "excluded_lines": [], "start_line": 246}, "load_chunks": {"executed_lines": [267, 268, 269, 270], "summary": {"covered_lines": 4, "num_statements": 4, "percent_covered": 100.0, "percent_covered_display": "100", "missing_lines": 0, "excluded_lines": 0, "percent_statements_covered": 100.0, "percent_statements_covered_display": "100"}, "missing_lines": [], "excluded_lines": [], "start_line": 254}, "_bm25_score": {"executed_lines": [285, 286, 287, 288, 289, 290, 291, 292, 293, 294, 295, 296], "summary": {"covered_lines": 12, "num_statements": 12, "percent_covered": 100.0, "percent_covered_display": "100", "missing_lines": 0, "excluded_lines": 0, "percent_statements_covered": 100.0, "percent_statements_covered_display": "100"}, "missing_lines": [], "excluded_lines": [], "start_line": 278}, "_build_bm25_index": {"executed_lines": [301, 302, 303, 304, 305, 307, 308, 309, 310, 311, 312, 313, 314, 316, 317, 318, 319], "summary": {"covered_lines": 17, "num_statements": 17, "percent_covered": 100.0, "percent_covered_display": "100", "missing_lines": 0, "excluded_lines": 0, "percent_statements_covered": 100.0, "percent_statements_covered_display": "100"}, "missing_lines": [], "excluded_lines": [], "start_line": 299}, "search_knowledge_base":
[...]
atements_covered_display": "100"}, "missing_lines": [], "excluded_lines": [], "start_line": 1}}, "classes": {"EngineResult": {"executed_lines": [], "summary": {"covered_lines": 0, "num_statements": 0, "percent_covered": 100.0, "percent_covered_display": "100", "missing_lines": 0, "excluded_lines": 0, "percent_statements_covered": 100.0, "percent_statements_covered_display": "100"}, "missing_lines": [], "excluded_lines": [], "start_line": 25}, "AnalysisEngine": {"executed_lines": [41, 42, 43, 44, 47, 48, 49, 52, 55, 64, 65, 66, 69, 70, 71, 72, 75, 76, 77, 85, 86, 87, 88, 91, 92, 93, 108, 109, 111, 112, 113, 114, 118, 119, 134, 135, 136, 138, 139, 141, 146, 147, 151, 152, 153, 154], "summary": {"covered_lines": 46, "num_statements": 62, "percent_covered": 74.19354838709677, "percent_covered_display": "74", "missing_lines": 16, "excluded_lines": 0, "percent_statements_covered": 74.19354838709677, "percent_statements_covered_display": "74"}, "missing_lines": [53, 54, 78, 79, 80, 89, 90, 96, 97, 98, 99, 100, 101, 102, 115, 116], "excluded_lines": [], "start_line": 32}, "": {"executed_lines": [10, 12, 13, 14, 15, 17, 18, 19, 21, 24, 25, 26, 27, 28, 29, 32, 40, 46, 57, 74, 82, 95, 104, 143], "summary": {"covered_lines": 24, "num_statements": 24, "percent_covered": 100.0, "percent_covered_display": "100", "missing_lines": 0, "excluded_lines": 0, "percent_statements_covered": 100.0, "percent_statements_covered_display": "100"}, "missing_lines": [], "excluded_lines": [], "start_line": 1}}}, "bike_analyzer\\core\\fitness_state.py": {"executed_lines": [3, 5, 6, 9, 10, 11, 12, 13, 14, 15, 18, 19, 20, 21, 22, 23, 24, 25, 26, 27, 28, 29, 30, 31, 32, 33, 34, 36, 37, 38, 40, 41, 42, 44, 45, 46, 48, 49], "summary": {"covered_lines": 38, "num_statements": 38, "percent_covered": 100.0, "percent_covered_display": "100", "missing_lines": 0, "excluded_lines": 0, "percent_statements_covered": 100.0, "percent_statements_covered_display": "100"}, "missing_lines": [], "excluded_lines": [], "functions": {"FitnessStateVector.is_overtraining_risk": {"executed_lines": [38], "summary": {"covered_lines": 1, "num_statements": 1, "percent_covered": 100.0, "percent_covered_display": "100", "missing_lines": 0, "excluded_lines": 0, "percent_statements_covered": 100.0, "percent_statements_covered_display": "100"}, "missing_lines": [], "excluded_lines": [], "start_line": 37}, "FitnessStateVector.is_fresh": {"executed_lines": [42], "summary": {"covered_lines": 1, "num_statements": 1, "percent_covered": 100.0, "percent_covered_display": "100", "missing_lines": 0, "excluded_lines": 0, "percent_statements_covered": 100.0, "percent_statements_covered_display": "100"}, "missing_lines": [], "excluded_lines": [], "start_line": 41}, "FitnessStateVector.is_ready_for_hard_effort": {"executed_lines": [46], "summary": {"covered_lines": 1, "num_statements": 1, "percent_covered": 100.0, "percent_covered_display": "100", "missing_lines": 0, "excluded_lines": 0, "percent_statements_covered": 100.0, "percent_statements_covered_display": "100"}, "missing_lines": [], "excluded_lines": [], "start_line": 45}, "FitnessStateVector.to_dict": {"executed_lines": [49], "summary": {"covered_lines": 1, "num_statements": 1, "percent_covered": 100.0, "percent_covered_display": "100", "missing_lines": 0, "excluded_lines": 0, "percent_statements_covered": 100.0, "percent_statements_covered_display": "100"}, "missing_lines": [], "excluded_lines": [], "start_line": 48}, "": {"executed_lines": [3, 5, 6, 9, 10, 11, 12, 13, 14, 15, 18, 19, 20, 21, 22, 23, 24, 25, 26, 27, 28, 29, 30, 31, 32, 33, 34, 36, 37, 40, 41, 44, 45, 48], "summary": {"covered_lines": 34, "num_statements": 34, "percent_covered": 100.0, "percent_covered_display": "100", "missing_lines": 0, "excluded_lines": 0, "percent_statements_covered": 100.0, "percent_statements_covered_display": "100"}, "missing_lines": [], "excluded_lines": [], "start_line": 1}}, "classes": {"TrainingStressDay": {"executed_lines": [], "summary": {"covered_lines": 0, "num_statements": 0, "percent_covered": 100.0, "percent_covered_display": "100", "missing_lines": 0, "excluded_lines": 0, "percent_statements_covered": 100.0, "percent_statements_covered_display": "100"}, "missing_lines": [], "excluded_lines": [], "start_line": 10}, "FitnessStateVector": {"executed_lines": [38, 42, 46, 49], "summary": {"covered_lines": 4, "num_statements": 4, "percent_covered": 100.0, "percent_covered_display": "100", "missing_lines": 0, "excluded_lines": 0, "percent_statements_covered": 100.0, "percent_statements_covered_display": "100"}, "missing_lines": [], "excluded_lines": [], "start_line": 19}, "": {"executed_lines": [3, 5, 6, 9, 10, 11, 12, 13, 14, 15, 18, 19, 20, 21, 22, 23, 24, 25, 26, 27, 28, 29, 30, 31, 32, 33, 34, 36, 37, 40, 41, 44, 45, 48], "summary": {"covered_lines": 34, "num_statements": 34, "percent_covered": 100.0, "percent_covered_display": "100", "missing_lines": 0, "excluded_lines": 0, "percent_statements_covered": 100.0, "percent_statements_covered_display": "100"}, "missing_lines": [], "excluded_lines": [], "start_line": 1}}}, "bike_analyzer\\core\\models.py": {"executed_lines": [7, 9, 10, 11, 13, 16, 34, 35, 36, 37, 38, 39, 40, 41, 42, 43, 45, 49, 50, 51, 52, 53, 54, 55, 56, 57, 60, 61, 62, 63, 64, 67, 68, 69, 70, 71, 72, 73, 74, 75, 76, 77, 80, 81, 82, 83, 84, 85, 86, 87, 88, 89, 90, 91, 92, 93, 94, 95, 96, 98, 99, 100, 102, 103, 116, 117, 130, 133, 134, 135, 136, 137, 138, 139, 140, 141, 142, 143, 144, 145, 146, 147, 148, 149, 150, 151, 152, 153, 155, 179, 180, 181, 182, 183, 184, 185, 186, 187, 188, 189, 191], "summary": {"covered_lines": 101, "num_statements": 108, "percent_covered": 93.51851851851852, "percent_covered_display": "94", "missing_lines": 7, "excluded_lines": 0, "percent_statements_covered": 93.51851851851852, "percent_statements_covered_display": "94"}, "missing_lines": [19, 20, 21, 22, 46, 156, 192], "excluded_lines": [], "functions": {"haversine_distance_m": {"executed_lines": [], "summary": {"covered_lines": 0, "num_statements": 4, "percent_covered": 0.0, "percent_covered_display": "0", "missing_lines": 4, "excluded_lines": 0, "percent_statements_covered": 0.0, "percent_statements_covered_display": "0"}, "missing_lines": [19, 20, 21, 22], "excluded_lines": [], "start_line": 16}, "GPSPoint.distance_to": {"executed_lines": [], "summary": {"covered_lines": 0, "num_statements": 1, "percent_covered": 0.0, "percent_covered_display": "0", "missing_lines": 1, "excluded_lines": 0, "percent_statements_covered": 0.0, "percent_statements_covered_display": "0"}, "missing_lines": [46], "excluded_lines": [], "start_line": 45}, "Ride.duration_hours": {"executed_lines": [100], "summary": {"covered_lines": 1, "num_statements": 1, "percent_covered": 100.0, "percent_covered_display": "100", "missing_lines": 0, "excluded_lines": 0, "percent_statements_covered": 100.0, "percent_statements_covered_display": "100"}, "missing_lines": [], "excluded_lines": [], "start_line": 99}, "Ride.to_dict": {"executed_lines": [103, 116, 117, 130], "summary": {"covered_lines": 4, "num_statements": 4, "percent_covered": 100.0, "percent_covered_display": "100", "missing_lines": 0, "excluded_lines": 0, "percent_statements_covered": 100.0, "percent_statements_covered_display": "100"}, "missing_lines": [], "excluded_lines": [], "start_line": 102}, "AthleteProfile.to_dict": {"executed_lines": [], "summary": {"covered_lines": 0, "num_statements": 1, "percent_covered": 0.0, "percent_covered_display": "0", "missing_lines": 1, "excluded_lines": 0, "percent_statements_covered": 0.0, "percent_statements_covered_display": "0"}, "missing_lines": [156], "excluded_lines": [], "start_line": 155}, "CalendarEvent.to_dict": {"executed_lines": [], "summary": {"covered_lines": 0, "num_statements": 1, "percent_covered": 0.0, "percent_covered_display": "0", "missing_lines": 1, "excluded_lines": 0, "percent_statements_covered": 0.0, "percent_statements_covered_display": "0"}, "missing_lines": [192], "excluded_lines": [], "start_line": 191}, "": {"executed_lines": [7, 9, 10, 11, 13, 16, 34, 35, 36, 37, 38, 39, 40, 41, 42, 43, 45, 49, 50, 51, 52, 53, 54, 55, 56, 57, 60, 61, 62, 63, 64, 67, 68, 69, 70, 71, 72, 73, 74, 75, 76, 77, 80, 81, 82, 83, 84, 85, 86, 87, 88, 89, 90, 91, 92, 93, 94, 95, 96, 98, 99, 102, 133, 134, 135, 136, 137, 138, 139, 140, 141, 142, 143, 144, 145, 146, 147, 148, 149, 150, 151, 152, 153, 155, 179, 180, 181, 182, 183, 184, 185, 186, 187, 188, 189, 191], "summary": {"covered_lines": 96, "num_statements": 96, "percent_covered": 100.0, "percent_covered_display": "100", "missing_lines": 0, "excluded_lines": 0, "percent_statements_covered": 100.0, "percent_statements_covered_display": "100"}, "missing_lines": [], "excluded_lines": [], "start_line": 1}}, "classes": {"GPSPoint": {"executed_lines": [], "summary": {"covered_lines": 0, "num_statements": 1, "percent_covered": 0.0, "percent_covered_display": "0", "missing_lines": 1, "excluded_lines": 0, "percent_statements_covered": 0.0, "percent_statements_covered_display": "0"}, "missing_lines": [46], "excluded_lines": [], "start_line": 35}, "Segment": {"executed_lines": [], "summary": {"covered_lines": 0, "num_statements": 0, "percent_covered": 100.0, "percent_covered_display": "100", "missing_lines": 0, "excluded_lines": 0, "percent_statements_covered": 100.0, "percent_statements_covered_display": "100"}, "missing_lines": [], "excluded_lines": [], "start_line": 50}, "Pause": {"executed_lines": [], "summary": {"covered_lines": 0, "num_statements": 0, "percent_covered": 100.0, "percent_covered_display": "100", "missing_lines": 0, "excluded_lines": 0, "percent_statements_covered": 100.0, "percent_statements_covered_display": "100"}, "missing_lines": [], "excluded_lines": [], "start_line": 61}, "RouteStatistics": {"executed_lines": [], "summary": {"covered_lines": 0, "num_statements": 0, "percent_covered": 100.0, "percent_covered_display": "100", "missing_lines": 0, "excluded_lines": 0, "percent_statements_covered": 100.0, "percent_statements_covered_display": "100"}, "missing_lines": [], "excluded_lines": [], "start_line": 68}, "Ride": {"executed_lines": [100, 103, 116, 117, 130], "summary": {"covered_lines": 5, "num_statements": 5, "percent_covered": 100.0, "percent_covered_display": "100", "missing_lines": 0, "excluded_lines": 0, "percent_statements_covered": 100.0, "percent_statements_covered_display": "100"}, "missing_lines": [], "excluded_lines": [], "start_line": 81}, "AthleteProfile": {"executed_lines": [], "summary": {"covered_lines": 0, "num_statements": 1, "percent_covered": 0.0, "percent_covered_display": "0", "missing_lines": 1, "excluded_lines": 0, "percent_statements_covered": 0.0, "percent_statements_covered_display": "0"}, "missing_lines": [156], "excluded_lines": [], "start_line": 134}, "CalendarEvent": {"executed_lines": [], "summary": {"covered_lines": 0, "num_statements": 1, "percent_covered": 0.0, "percent_covered_display": "0", "missing_lines": 1, "excluded_lines": 0, "percent_statements_covered": 0.0, "percent_statements_covered_display": "0"}, "missing_lines": [192], "excluded_lines": [], "start_line": 180}, "": {"executed_lines": [7, 9, 10, 11, 13, 16, 34, 35, 36, 37, 38, 39, 40, 41, 42, 43, 45, 49, 50, 51, 52, 53, 54, 55, 56, 57, 60, 61, 62, 63, 64, 67, 68, 69, 70, 71, 72, 73, 74, 75, 76, 77, 80, 81, 82, 83, 84, 85, 86, 87, 88, 89, 90, 91, 92, 93, 94, 95, 96, 98, 99, 102, 133, 134, 135, 136, 137, 138, 139, 140, 141, 142, 143, 144, 145, 146, 147, 148, 149, 150, 151, 152, 153, 155, 179, 180, 181, 182, 183, 184, 185, 186, 187, 188, 189, 191], "summary": {"covered_lines": 96, "num_statements": 100, "percent_covered": 96.0, "percent_covered_display": "96", "missing_lines": 4, "excluded_lines": 0, "percent_statements_covered": 96.0, "percent_statements_covered_display": "96"}, "missing_lines": [19, 20, 21, 22], "excluded_lines": [], "start_line": 1}}}, "bike_analyzer\\core\\pipeline.py": {"executed_lines": [3, 5, 7, 10, 11, 12, 13, 14, 15, 18, 19, 20, 22, 27, 28, 29, 30, 32, 33, 34, 35, 36, 37, 38, 40, 41, 42, 43, 44, 46, 47], "summary": {"covered_lines": 31, "num_statements": 34, "percent_covered": 91.17647058823529, "percent_covered_display": "91", "missing_lines": 3, "excluded_lines": 0, "percent_statements_covered": 91.17647058823529, "percent_statements_covered_display": "91"}, "missing_lines": [23, 24, 25], "excluded_lines": [], "functions": {"AnalysisPipeline.__init__": {"executed_lines": [20], "summary": {"covered_lines": 1, "num_statements": 1, "percent_covered": 100.0, "percent_covered_display": "100", "missing_lines": 0, "excluded_lines": 0, "percent_statements_covered": 100.0, "percent_statements_covered_display": "100"}, "missing_lines": [], "excluded_lines": [], "start_line": 19}, "AnalysisPipeline.run": {"executed_lines": [], "summary": {"covered_lines": 0, "num_statements": 3, "percent_covered": 0.0, "percent_covered_display": "0", "missing_lines": 3, "excluded_lines": 0, "percent_statements_covered": 0.0, "percent_statements_covered_display": "0"}, "missing_lines": [23, 24, 25], "excluded_lines": [], "start_line": 22}, "AnalysisPipeline.run_sync": {"executed_lines": [28, 29, 30], "summary": {"covered_lines": 3, "num_statements": 3, "percent_covered": 100.0, "percent_covered_display": "100", "missing_lines": 0, "excluded_lines": 0, "percent_statements_covered": 100.0, "percent_statements_covered_display": "100"}, "missing_lines": [], "excluded_lines": [], "start_line": 27}, "AnalysisPipeline._process_gps": {"executed_lines": [33, 34, 35, 36, 37, 38], "summary": {"covered_lines": 6, "num_statements": 6, "percent_covered": 100.0, "percent_covered_display": "100", "missing_lines": 0, "excluded_lines": 0, "percent_statements_covered": 100.0, "percent_statements_covered_display": "100"}, "missing_lines": [], "excluded_lines": [], "start_line": 32}, "AnalysisPipeline._compute_metrics": {"executed_lines": [41, 42, 43, 44, 46, 47], "summary": {"covered_lines": 6, "num_statements": 6, "percent_covered": 100.0, "percent_covered_display": "100", "missing_lines": 0, "excluded_lines": 0, "percent_statements_covered": 100.0, "percent_statements_covered_display": "100"}, "missing_lines": [], "excluded_lines": [], "start_line": 40}, "": {"executed_lines": [3, 5, 7, 10, 11, 12, 13, 14, 15, 18, 19, 22, 27, 32, 40], "summary": {"covered_lines": 15, "num_statements": 15, "percent_covered": 100.0, "percent_covered_display": "100", "missing_lines": 0, "excluded_lines": 0, "percent_statements_covered": 100.0, "percent_statements_covered_display": "100"}, "missing_lines": [], "excluded_lines": [], "start_line": 1}}, "classes": {"PipelineResult": {"executed_lines": [], "summary": {"covered_lines": 0, "num_statements": 0, "percent_covered": 100.0, "percent_covered_display": "100", "missing_lines": 0, "excluded_lines": 0, "percent_statements_covered": 100.0, "percent_statements_covered_display": "100"}, "missing_lines": [], "excluded_lines": [], "start_line": 11}, "AnalysisPipeline": {"executed_lines": [20, 28, 29, 30, 33, 34, 35, 36, 37, 38, 41, 42, 43, 44, 46, 47], "summary": {"covered_lines": 16, "num_statements": 19, "percent_covered": 84.21052631578948, "percent_covered_display": "84", "missing_lines": 3, "excluded_lines": 0, "percent_statements_covered": 84.21052631578948, "percent_statements_covered_display": "84"}, "missing_lines": [23, 24, 25], "excluded_lines": [], "start_line": 18}, "": {"executed_lines": [3, 5, 7, 10, 11, 12, 13, 14, 15, 18, 19, 22, 27, 32, 40], "summary": {"covered_lines": 15, "num_statements": 15, "percent_covered": 100.0, "percent_covered_display": "100", "missing_lines": 0, "excluded_lines": 0, "percent_statements_covered": 100.0, "percent_statements_covered_display": "100"}, "missing_lines": [], "excluded_lines": [], "start_line": 1}}}, "bike_analyzer\\frontend\\__init__.py": {"executed_lines": [], "summary": {"covered_lines": 0, "num_statements": 0, "percent_covered": 100.0, "percent_covered_display": "100", "missing_lines": 0, "excluded_lines": 0, "percent_statements_covered": 100.0, "percent_statements_covered_display": "100"}, "missing_lines": [], "excluded_lines": [], "functions": {"": {"executed_lines": [], "summary": {"covered_lines": 0, "num_statements": 0, "percent_covered": 100.0, "percent_covered_display": "100", "missing_lines": 0, "excluded_lines": 0, "percent_statements_covered": 100.0, "percent_statements_covered_display": "100"}, "missing_lines": [], "excluded_lines": [], "start_line": 1}}, "classes": {"": {"executed_lines": [], "summary": {"covered_lines": 0, "num_statements": 0, "percent_covered": 100.0, "percent_covered_display": "100", "missing_lines": 0, "excluded_lines": 0, "percent_statements_covered": 100.0, "percent_statements_covered_display": "100"}, "missing_lines": [], "excluded_lines": [], "start_line": 1}}}, "bike_analyzer\\frontend\\dashboard.py": {"executed_lines": [2, 4, 110, 111, 112, 113, 115], "summary": {"covered_lines": 7, "num_statements": 9, "percent_covered": 77.77777777777777, "percent_covered_display": "78", "missing_lines": 2, "excluded_lines": 0, "percent_statements_covered": 77.77777777777777, "percent_statements_covered_display": "78"}, "missing_lines": [116, 117], "excluded_lines": [], "functions": {"generate_dashboard_html": {"executed_lines": [111, 112, 113], "summary": {"covered_lines": 3, "num_statements": 3, "percent_covered": 100.0, "percent_covered_display": "100", "missing_lines": 0, "excluded_lines": 0, "percent_statements_covered": 100.0, "percent_statements_covered_display": "100"}, "missing_lines": [], "excluded_lines": [], "start_line": 110}, "": {"executed_lines": [2, 4, 110, 115], "summary": {"covered_lines": 4, "num_statements": 6, "percent_covered": 66.66666666666667, "percent_covered_display": "67", "missing_lines": 2, "excluded_lines": 0, "percent_statements_covered": 66.66666666666667, "percent_statements_covered_display": "67"}, "missing_lines": [116, 117], "excluded_lines": [], "start_line": 1}}, "classes": {"": {"executed_lines": [2, 4, 110, 111, 112, 113, 115], "summary": {"covered_lines": 7, "num_statements": 9, "percent_covered": 77.77777777777777, "percent_covered_display": "78", "missing_lines": 2, "excluded_lines": 0, "percent_statements_covered": 77.77777777777777, "percent_statements_covered_display": "78"}, "missing_lines": [116, 117], "excluded_lines": [], "start_line": 1}}}, "bike_analyzer\\main.py": {"executed_lines": [2, 3, 6, 7, 15, 16, 24], "summary": {"covered_lines": 7, "num_statements": 8, "percent_covered": 87.5, "percent_covered_display": "88", "missing_lines": 1, "excluded_lines": 0, "percent_statements_covered": 87.5, "percent_statements_covered_display": "88"}, "missing_lines": [25], "excluded_lines": [], "functions": {"main": {"executed_lines": [7, 15, 16], "summary": {"covered_lines": 3, "num_statements": 3, "percent_covered": 100.0, "percent_covered_display": "100", "missing_lines": 0, "excluded_lines": 0, "percent_statements_covered": 100.0, "percent_statements_covered_display": "100"}, "missing_lines": [], "excluded_lines": [], "start_line": 6}, "": {"executed_lines": [2, 3, 6, 24], "summary": {"covered_lines": 4, "num_statements": 5, "percent_covered": 80.0, "percent_covered_display": "80", "missing_lines": 1, "excluded_lines": 0, "percent_statements_covered": 80.0, "percent_statements_covered_display": "80"}, "missing_lines": [25], "excluded_lines": [], "start_line": 1}}, "classes": {"": {"executed_lines": [2, 3, 6, 7, 15, 16, 24], "summary": {"covered_lines": 7, "num_statements": 8, "percent_covered": 87.5, "percent_covered_display": "88", "missing_lines": 1, "excluded_lines": 0, "percent_statements_covered": 87.5, "percent_statements_covered_display": "88"}, "missing_lines": [25], "excluded_lines": [], "start_line": 1}}}}, "totals": {"covered_lines": 5558, "num_statements": 7502, "percent_covered": 74.08691015729138, "percent_covered_display": "74", "missing_lines": 1944, "excluded_lines": 2, "percent_statements_covered": 74.08691015729138, "percent_statements_covered_display": "74"}}