<?xml version="1.0" encoding="utf-8"?><testsuites name="pytest tests"><testsuite name="pytest" errors="0" failures="27" skipped="2" tests="2767" time="417.877" timestamp="2026-07-23T21:51:25.726857+02:00" hostname="LAPTOP-BUT44BRL"><testcase classname="tests.test_analytics_engine" name="test_export_rides_csv" time="0.032" /><testcase classname="tests.test_async_db.TestMakeAsyncUrl" name="test_sqlite_prefix" time="0.015" /><testcase classname="tests.test_adaptation_rules" name="test_missing_volume_out_of_range" time="0.018" /><testcase classname="tests.test_bm2_metabolism_agent" name="test_from_ride_with_integer_unix_timestamp" time="0.018" /><testcase classname="tests.test_async_db.TestMakeAsyncUrl" name="test_bare_file_path" time="0.008" /><testcase classname="tests.test_bm2_metabolism_agent" name="test_from_ride_with_float_unix_timestamp" time="0.007" /><testcase classname="tests.test_adaptation_rules" name="test_missing_volume_returns_target" time="0.008" /><testcase classname="tests.test_analytics_engine" name="test_generate_text_report" time="0.010" /><testcase classname="tests.test_async_db.TestMakeAsyncUrl" name="test_bare_path_with_slash" time="0.009" /><testcase classname="tests.test_adaptation_rules" name="test_available_future_workouts_excludes_recovery_and_locked" time="0.007" /><testcase classname="tests.test_bm2_metabolism_agent" name="test_from_ride_with_invalid_timestamp_fallback_to_date" time="0.009" /><testcase classname="tests.test_async_db.TestMakeAsyncUrl" name="test_passthrough_unknown_scheme" time="0.009" /><testcase classname="tests.test_analytics_engine" name="test_create_speed_chart" time="0.017" /><testcase classname="tests.test_bm2_metabolism_agent" name="test_from_ride_without_gps_points_uses_points_key" time="0.012" /><testcase classname="tests.test_adaptation_rules" name="test_available_future_workouts_empty_when_none" time="0.009" /><testcase classname="tests.test_async_db.TestMakeAsyncUrl" name="test_strips_whitespace" time="0.011" /><testcase classname="tests.test_bm2_metabolism_agent" name="test_from_ride_with_no_points_or_gps_points" time="0.009" /><testcase classname="tests.test_analytics_engine" name="test_create_elevation_chart" time="0.020" /><testcase classname="tests.test_adaptation_rules" name="test_distribute_volume_evenly_capacity_aware" time="0.006" /><testcase classname="tests.test_async_db.TestEngineUnconfigured" name="test_get_engine_returns_none_when_no_url" time="0.015" /><testcase classname="tests.test_adaptation_rules" name="test_distribute_volume_evenly_empty" time="0.008" /><testcase classname="tests.test_bm2_models" name="test_athlete_from_raw_with_validation" time="0.008" /><testcase classname="tests.test_analytics_engine" name="test_create_duration_chart" time="0.016" /><testcase classname="tests.test_async_db.TestEngineUnconfigured" name="test_get_session_factory_raises_without_url" time="0.006" /><testcase classname="tests.test_adaptation_rules" name="test_evaluate_acwr_safe_and_spike" time="0.006" /><testcase classname="tests.test_bm2_models" name="test_athlete_from_raw_missing_weight_raises" time="0.006" /><testcase classname="tests.test_adaptation_rules" name="test_is_sudden_load_spike" time="0.011" /><testcase classname="tests.test_async_db.TestEngineUnconfigured" name="test_init_async_db_noop_without_engine" time="0.031" /><testcase classname="tests.test_analytics_engine" name="test_create_distance_chart" time="0.026" /><testcase classname="tests.test_adaptation_rules" name="test_recommend_volume_reduction_zero_when_safe" time="0.011" /><testcase classname="tests.test_bm2_models" name="test_athlete_power_to_weight" time="0.013" /><testcase classname="tests.test_bm2_models" name="test_bike_from_raw_with_category_and_gear" time="0.009" /><testcase classname="tests.test_adaptation_rules" name="test_recovery_priority_thresholds" time="0.011" /><testcase classname="tests.test_async_db.TestAsyncEngineWithSQLite" name="test_get_engine_creates_engine" time="0.150" /><testcase classname="tests.test_analytics_engine" name="test_generate_speed_chart_empty" time="0.012" /><testcase classname="tests.test_adaptation_rules" name="test_needs_intensity_cut" time="0.008" /><testcase classname="tests.test_bm2_models" name="test_bike_from_raw_invalid_category_raises" time="0.015"><failure message="AssertionError: Regex pattern did not match.&#10; Regex: 'categoria'&#10; Input: &quot;invalid bike category: 'unknown'&quot;">E   ValueError: invalid bike category: 'unknown'

During handling of the above exception, another exception occurred:
E   AssertionError: Regex pattern did not match.
     Regex: 'categoria'
     Input: "invalid bike category: 'unknown'"</failure></testcase><testcase classname="tests.test_analytics_engine" name="test_generate_speed_chart_no_speeds" time="0.023" /><testcase classname="tests.test_adaptation_rules" name="test_quality_swap_target_shortens_and_intensifies" time="0.009" /><testcase classname="tests.test_adaptation_rules" name="test_apply_overload_reduction_scales_volume" time="0.010" /><testcase classname="tests.test_analytics_engine" name="test_generate_speed_chart_with_data" time="0.032" /><testcase classname="tests.test_adaptation_rules" name="test_enforce_recovery_day_forces_recovery" time="0.007" /><testcase classname="tests.test_bm2_models" name="test_bike_from_raw_missing_weight_raises" time="0.016" /><testcase classname="tests.test_advanced_analytics.TestGetClimbColor" name="test_hc_returns_dark_red" time="0.016" /><testcase classname="tests.test_bm2_models" name="test_activity_from_raw_with_laps_segments_summary" time="0.010" /><testcase classname="tests.test_analytics_engine" name="test_generate_distance_chart_empty" time="0.016" /><testcase classname="tests.test_advanced_analytics.TestGetClimbColor" name="test_cat1_returns_red" time="0.011" /><testcase classname="tests.test_bm2_models" name="test_activity_from_raw_missing_points_raises" time="0.015" /><testcase classname="tests.test_advanced_analytics.TestGetClimbColor" name="test_unknown_returns_grey" time="0.006" /><testcase classname="tests.test_analytics_engine" name="test_generate_distance_chart_with_data" time="0.021" /><testcase classname="tests.test_advanced_analytics.TestClassifyClimb" name="test_hors_categorie" time="0.007" /><testcase classname="tests.test_bm2_models" name="test_activity_metrics_preserved" time="0.007" /><testcase classname="tests.test_advanced_analytics.TestClassifyClimb" name="test_flat_road" time="0.010" /><testcase classname="tests.test_analytics_engine" name="test_generate_time_chart_empty" time="0.011" /><testcase classname="tests.test_bm2_models" name="test_world_object_roundtrip" time="0.007" /><testcase classname="tests.test_async_db.TestAsyncEngineWithSQLite" name="test_get_session_factory_returns_factory" time="0.009" /><testcase classname="tests.test_advanced_analytics.TestClassifyClimb" name="test_steep_short" time="0.010" /><testcase classname="tests.test_analytics_engine" name="test_generate_time_chart_with_data" time="0.017" /><testcase classname="tests.test_bm2_models" name="test_athlete_roundtrip_preserves_quantities" time="0.009" /><testcase classname="tests.test_async_db.TestAsyncEngineWithSQLite" name="test_init_async_db_creates_tables" time="0.491" /><testcase classname="tests.test_bm2_models" name="test_bike_roundtrip_preserves_quantities" time="0.007" /><testcase classname="tests.test_advanced_analytics.TestClassifyClimb" name="test_category_2" time="0.009" /><testcase classname="tests.test_analytics_gaps.TestCalculateSummary" name="test_empty_rides" time="0.007" /><testcase classname="tests.test_bm2_models" name="test_activity_roundtrip_preserves_points" time="0.008" /><testcase classname="tests.test_analytics_gaps.TestCalculateSummary" name="test_single_ride" time="0.005" /><testcase classname="tests.test_advanced_analytics.TestClassifyClimb" name="test_category_3" time="0.007" /><testcase classname="tests.test_analytics_gaps.TestCalculateSummary" name="test_multiple_rides" time="0.007" /><testcase classname="tests.test_bm2_models" name="test_analysis_context_roundtrip" time="0.010" /><testcase classname="tests.test_advanced_analytics.TestClassifyClimb" name="test_category_4" time="0.012" /><testcase classname="tests.test_analytics_gaps.TestCalculateSummary" name="test_avg_fatigue_calculation" time="0.007" /><testcase classname="tests.test_bm2_ride_adapter" name="test_ride_without_gps_points_raises" time="0.009" /><testcase classname="tests.test_advanced_analytics.TestEstimateIdealWeight" name="test_returns_float" time="0.009" /><testcase classname="tests.test_analytics_gaps.TestAnalyzeRide" name="test_analyze_ride_basic" time="0.011" /><testcase classname="tests.test_bm2_ride_adapter" name="test_raw_maps_weight_and_ftp" time="0.010" /><testcase classname="tests.test_advanced_analytics.TestEstimateIdealWeight" name="test_higher_ftp_heavier" time="0.011" /><testcase classname="tests.test_analytics_gaps.TestAnalyzeRide" name="test_analyze_ride_calories" time="0.008" /><testcase classname="tests.test_bm2_ride_adapter" name="test_raw_derives_avg_slope_from_ride" time="0.010" /><testcase classname="tests.test_advanced_analytics.TestCalculateHeartRateZones" name="test_returns_five_zones" time="0.011" /><testcase classname="tests.test_analytics_gaps.TestSerialization" name="test_ride_to_json" time="0.007" /><testcase classname="tests.test_bm2_ride_adapter" name="test_analysis_context_builds_from_ride" time="0.009" /><testcase classname="tests.test_analytics_gaps.TestSerialization" name="test_rides_to_json" time="0.010" /><testcase classname="tests.test_advanced_analytics.TestCalculateHeartRateZones" name="test_zones_are_ascending" time="0.009" /><testcase classname="tests.test_bm2_ride_adapter" name="test_simulation_runs_on_real_ride" time="0.048" /><testcase classname="tests.test_analytics_gaps.TestSerialization" name="test_rides_to_csv" time="0.011" /><testcase classname="tests.test_advanced_analytics.TestCalculateHeartRateZones" name="test_current_hr_in_zone_flag" time="0.007" /><testcase classname="tests.test_analytics_gaps.TestSerialization" name="test_rides_to_csv_empty" time="0.008" /><testcase classname="tests.test_advanced_analytics.TestCalculateHeartRateZones" name="test_current_hr_out_of_range" time="0.008" /><testcase classname="tests.test_advanced_analytics.TestEstimateVo2max" name="test_returns_dict_with_keys" time="0.009" /><testcase classname="tests.test_advanced_analytics.TestEstimateVo2max" name="test_faster_ride_higher_vo2max" time="0.010" /><testcase classname="tests.test_analytics_gaps.TestExportFunctions" name="test_export_rides_json" time="0.037" /><testcase classname="tests.test_bm2_routes_integration" name="test_context_kwargs_mapping" time="0.008" /><testcase classname="tests.test_advanced_analytics.TestEstimateVo2max" name="test_older_rider_lower_vo2max" time="0.007" /><testcase classname="tests.test_advanced_analytics.TestEstimateVo2max" name="test_vo2max_bounded" time="0.009" /><testcase classname="tests.test_analytics_gaps.TestExportFunctions" name="test_export_rides_csv" time="0.029" /><testcase classname="tests.test_advanced_analytics.TestCalculateRideRecommendationScore" name="test_returns_dict_with_keys" time="0.008" /><testcase classname="tests.test_bm2_routes_integration" name="test_simulate_ride_by_id" time="0.125" /><testcase classname="tests.test_advanced_analytics.TestCalculateRideRecommendationScore" name="test_long_ride_high_score" time="0.009" /><testcase classname="tests.test_analytics_gaps.TestTextReport" name="test_generate_text_report" time="0.010" /><testcase classname="tests.test_advanced_analytics.TestCalculateRideRecommendationScore" name="test_short_ride_lower_score" time="0.009" /><testcase classname="tests.test_analytics_trends.TestToDate" name="test_date_object" time="0.008" /><testcase classname="tests.test_analytics_trends.TestToDate" name="test_datetime_object" time="0.009" /><testcase classname="tests.test_advanced_analytics.TestCalculatePaceConsistency" name="test_empty_segments_returns_unknown" time="0.010" /><testcase classname="tests.test_analytics_trends.TestToDate" name="test_iso_string" time="0.007" /><testcase classname="tests.test_advanced_analytics.TestCalculatePaceConsistency" name="test_single_segment_returns_unknown" time="0.009" /><testcase classname="tests.test_analytics_trends.TestToDate" name="test_date_only_string" time="0.007" /><testcase classname="tests.test_advanced_analytics.TestCalculatePaceConsistency" name="test_multiple_segments_returns_metrics" time="0.012" /><testcase classname="tests.test_analytics_trends.TestToDate" name="test_invalid_string" time="0.010" /><testcase classname="tests.test_advanced_analytics.TestCalculatePowerEstimate" name="test_zero_speed_returns_zero" time="0.012" /><testcase classname="tests.test_analytics_trends.TestToDate" name="test_none_input" time="0.006" /><testcase classname="tests.test_advanced_analytics.TestCalculatePowerEstimate" name="test_basic_estimate" time="0.010" /><testcase classname="tests.test_bm2_routes_integration" name="test_simulate_ride_inline_requires_points" time="0.061" /><testcase classname="tests.test_analytics_trends.TestToDate" name="test_empty_string" time="0.009" /><testcase classname="tests.test_advanced_analytics.TestCalculatePowerEstimate" name="test_with_custom_rider_weight" time="0.009" /><testcase classname="tests.test_analytics_trends.TestSafeFloat" name="test_valid_int" time="0.010" /><testcase classname="tests.test_advanced_analytics.TestAnalyzeElevationProfile" name="test_empty_points" time="0.007" /><testcase classname="tests.test_advanced_analytics.TestAnalyzeElevationProfile" name="test_single_point" time="0.007" /><testcase classname="tests.test_analytics_trends.TestSafeFloat" name="test_valid_float" time="0.008" /><testcase classname="tests.test_analytics_trends.TestSafeFloat" name="test_none" time="0.006" /><testcase classname="tests.test_advanced_analytics.TestAnalyzeElevationProfile" name="test_flat_route" time="0.009" /><testcase classname="tests.test_analytics_trends.TestSafeFloat" name="test_string_number" time="0.007" /><testcase classname="tests.test_bm2_routes_integration" name="test_simulate_ride_not_found" time="0.062" /><testcase classname="tests.test_advanced_analytics.TestAnalyzeElevationProfile" name="test_hilly_route" time="0.006" /><testcase classname="tests.test_analytics_trends.TestSafeFloat" name="test_invalid_string" time="0.006" /><testcase classname="tests.test_advanced_analytics.TestAnalyzeSpeedProfile" name="test_empty_points" time="0.008" /><testcase classname="tests.test_analytics_trends.TestSafeFloat" name="test_infinity" time="0.007" /><testcase classname="tests.test_advanced_analytics.TestAnalyzeSpeedProfile" name="test_steady_speed" time="0.008" /><testcase classname="tests.test_analytics_trends.TestSafeFloat" name="test_nan" time="0.007" /><testcase classname="tests.test_advanced_analytics.TestAnalyzeSpeedProfile" name="test_variable_speed" time="0.007" /><testcase classname="tests.test_analytics_trends.TestSafeFloat" name="test_zero" time="0.010" /><testcase classname="tests.test_advanced_analytics.TestCalculateProgressTrend" name="test_insufficient_data" time="0.007" /><testcase classname="tests.test_advanced_analytics.TestCalculateProgressTrend" name="test_single_ride" time="0.006" /><testcase classname="tests.test_analytics_trends.TestFilterValidRides" name="test_empty_input" time="0.009" /><testcase classname="tests.test_bm2_routes_integration" name="test_validate_ride_with_power_meter" time="0.064" /><testcase classname="tests.test_async_db.TestAsyncEngineWithSQLite" name="test_get_rides_by_athlete_async_roundtrip" time="0.774" /><testcase classname="tests.test_advanced_analytics.TestCalculateProgressTrend" name="test_improving_trend" time="0.009" /><testcase classname="tests.test_analytics_trends.TestFilterValidRides" name="test_valid_ride" time="0.007" /><testcase classname="tests.test_advanced_analytics.TestCalculateProgressTrend" name="test_declining_trend" time="0.008" /><testcase classname="tests.test_analytics_trends.TestFilterValidRides" name="test_missing_date" time="0.012" /><testcase classname="tests.test_advanced_analytics.TestCalculateTrainingStressBalance" name="test_empty_rides" time="0.008" /><testcase classname="tests.test_analytics_trends.TestFilterValidRides" name="test_zero_distance" time="0.007" /><testcase classname="tests.test_advanced_analytics.TestCalculateTrainingStressBalance" name="test_with_rides" time="0.013" /><testcase classname="tests.test_analytics_trends.TestFilterValidRides" name="test_zero_speed" time="0.007" /><testcase classname="tests.test_bm2_routes_integration" name="test_validate_insufficient_power_data_returns_422" time="0.058" /><testcase classname="tests.test_advanced_analytics.TestCalculateTrainingStressBalance" name="test_form_fresh" time="0.015" /><testcase classname="tests.test_analytics_trends.TestFilterValidRides" name="test_zero_duration" time="0.006" /><testcase classname="tests.test_advanced_analytics.TestCalculateTrainingStressBalance" name="test_form_fatigued" time="0.014" /><testcase classname="tests.test_analytics_trends.TestFilterValidRides" name="test_non_dict_ignored" time="0.006" /><testcase classname="tests.test_bm2_units" name="test_mass_conversion_lb_to_kg" time="0.014" /><testcase classname="tests.test_analytics_trends.TestFilterValidRides" name="test_alternative_field_names" time="0.015" /><testcase classname="tests.test_advanced_models_coverage" name="test_estimate_vo2max_returns_level" time="0.016" /><testcase classname="tests.test_bm2_units" name="test_length_and_speed_conversions" time="0.007" /><testcase classname="tests.test_analytics_trends.TestFitLinear" name="test_single_point" time="0.009" /><testcase classname="tests.test_bm2_units" name="test_energy_conversion_kcal_to_j" time="0.007" /><testcase classname="tests.test_advanced_models_coverage" name="test_estimate_vo2max_clamped" time="0.008" /><testcase classname="tests.test_analytics_trends.TestFitLinear" name="test_perfect_line" time="0.005" /><testcase classname="tests.test_bm2_units" name="test_temperature_offset_conversion" time="0.006" /><testcase classname="tests.test_analytics_trends.TestFitLinear" name="test_flat_line" time="0.007" /><testcase classname="tests.test_advanced_models_coverage" name="test_classify_ride_difficulty_unknown_when_no_distance" time="0.007" /><testcase classname="tests.test_bm2_units" name="test_slope_percent_to_degree" time="0.011" /><testcase classname="tests.test_advanced_models_coverage" name="test_classify_ride_difficulty_levels" time="0.007" /><testcase classname="tests.test_analytics_trends.TestFitLinear" name="test_empty_input" time="0.012" /><testcase classname="tests.test_advanced_models_coverage" name="test_analyze_elevation_profile_empty" time="0.008" /><testcase classname="tests.test_bm2_units" name="test_slope_nonlinear_uncertainty" time="0.010" /><testcase classname="tests.test_analytics_trends.TestRollingAverage" name="test_empty_input" time="0.009" /><testcase classname="tests.test_advanced_models_coverage" name="test_analyze_elevation_profile_with_points" time="0.007" /><testcase classname="tests.test_bm2_units" name="test_incompatible_dimensions_raise" time="0.010" /><testcase classname="tests.test_analytics_trends.TestRollingAverage" name="test_single_value" time="0.007" /><testcase classname="tests.test_advanced_models_coverage" name="test_analyze_speed_profile_insufficient" time="0.007" /><testcase classname="tests.test_analytics_trends.TestRollingAverage" name="test_window_larger_than_data" time="0.006" /><testcase classname="tests.test_bm2_units" name="test_transformer_normalizes_to_canonical" time="0.006" /><testcase classname="tests.test_analytics_trends.TestRollingAverage" name="test_window_equals_data" time="0.006" /><testcase classname="tests.test_advanced_models_coverage" name="test_analyze_speed_profile_events" time="0.006" /><testcase classname="tests.test_bm2_units" name="test_geo_track_metrics" time="0.006" /><testcase classname="tests.test_analytics_trends.TestRollingAverage" name="test_window_one" time="0.007" /><testcase classname="tests.test_bm2_units" name="test_data_quality_range_check" time="0.006" /><testcase classname="tests.test_advanced_models_coverage" name="test_calculate_progress_trend_insufficient" time="0.009" /><testcase classname="tests.test_analytics_trends.TestRollingAverage" name="test_zero_window" time="0.007" /><testcase classname="tests.test_bm2_units" name="test_pressure_conversions" time="0.007" /><testcase classname="tests.test_advanced_models_coverage" name="test_calculate_progress_trend_improving" time="0.008" /><testcase classname="tests.test_analytics_trends.TestCalculateFitnessTrends" name="test_empty_rides" time="0.006" /><testcase classname="tests.test_bm2_units" name="test_density_conversions" time="0.007" /><testcase classname="tests.test_advanced_models_coverage" name="test_estimate_ideal_weight_invalid" time="0.008" /><testcase classname="tests.test_analytics_trends.TestCalculateFitnessTrends" name="test_no_valid_rides" time="0.006" /><testcase classname="tests.test_bm2_units" name="test_torque_conversions" time="0.006" /><testcase classname="tests.test_analytics_trends.TestCalculateFitnessTrends" name="test_improving_trend" time="0.009" /><testcase classname="tests.test_advanced_models_coverage" name="test_estimate_ideal_weight_elite" time="0.006" /><testcase classname="tests.test_bm2_units" name="test_imperial_length_conversions" time="0.008" /><testcase classname="tests.test_advanced_models_coverage" name="test_calculate_garmin_power_factor_zero" time="0.006" /><testcase classname="tests.test_analytics_trends.TestCalculateFitnessTrends" name="test_declining_trend" time="0.010" /><testcase classname="tests.test_bm2_units" name="test_explain_conversion" time="0.009"><failure message="assert False&#10; +  where False = any(&lt;generator object test_explain_conversion.&lt;locals&gt;.&lt;genexpr&gt; at 0x0000020D1BD9D150&gt;)">E   assert False
     +  where False = any(&lt;generator object test_explain_conversion.&lt;locals&gt;.&lt;genexpr&gt; at 0x0000020D1BD9D150&gt;)</failure></testcase><testcase classname="tests.test_advanced_models_coverage" name="test_calculate_garmin_power_factor_values" time="0.007" /><testcase classname="tests.test_analytics_trends.TestCalculateFitnessTrends" name="test_stable_trend" time="0.006" /><testcase classname="tests.test_analytics_trends.TestCalculateFitnessTrends" name="test_returns_expected_keys" time="0.018" /><testcase classname="tests.test_advanced_models_coverage" name="test_calculate_heart_rate_zones" time="0.006" /><testcase classname="tests.test_advanced_models_coverage" name="test_calculate_heart_rate_zones_in_zone" time="0.006" /><testcase classname="tests.test_bm2_units" name="test_power_to_weight" time="0.007" /><testcase classname="tests.test_advanced_models_coverage" name="test_calculate_ride_recommendation_score" time="0.006" /><testcase classname="tests.test_analytics_trends.TestCalculateFitnessTrends" name="test_rolling_average_length" time="0.008" /><testcase classname="tests.test_bm2_units" name="test_air_density" time="0.009" /><testcase classname="tests.test_advanced_models_coverage" name="test_detect_speed_surges_short" time="0.005" /><testcase classname="tests.test_analytics_trends.TestCalculateFitnessTrends" name="test_dates_sorted" time="0.004" /><testcase classname="tests.test_bm2_units" name="test_data_quality_new_ranges" time="0.006" /><testcase classname="tests.test_analytics_trends.TestCalculateFitnessTrends" name="test_different_metric" time="0.006" /><testcase classname="tests.test_advanced_models_coverage" name="test_detect_speed_surges_detects" time="0.004" /><testcase classname="tests.test_bm2_units" name="test_data_quality_temporal" time="0.004" /><testcase classname="tests.test_analytics_trends.TestCalculateMonthlyProgression" name="test_empty_rides" time="0.006" /><testcase classname="tests.test_calories.TestEstimateCalories" name="test_met_method_returns_positive" time="0.005" /><testcase classname="tests.test_advanced_models_coverage" name="test_training_stress_balance_no_data" time="0.007" /><testcase classname="tests.test_analytics_trends.TestCalculateMonthlyProgression" name="test_single_month" time="0.006" /><testcase classname="tests.test_advanced_models_coverage" name="test_training_stress_balance_with_rides" time="0.020" /><testcase classname="tests.test_calories.TestEstimateCalories" name="test_physics_method_returns_positive" time="0.006" /><testcase classname="tests.test_calories.TestEstimateCalories" name="test_zero_duration_returns_zero" time="0.005" /><testcase classname="tests.test_analytics_trends.TestCalculateMonthlyProgression" name="test_multiple_months" time="0.004" /><testcase classname="tests.test_calories.TestEstimateCalories" name="test_longer_ride_more_calories" time="0.007" /><testcase classname="tests.test_analytics_trends.TestCalculateMonthlyProgression" name="test_distance_aggregation" time="0.012" /><testcase classname="tests.test_advanced_models_coverage" name="test_calculate_pace_consistency" time="0.005" /><testcase classname="tests.test_calories.TestCaloriesPerKm" name="test_zero_distance_returns_zero" time="0.004" /><testcase classname="tests.test_analytics_trends.TestCalculateMonthlyProgression" name="test_ride_count" time="0.005" /><testcase classname="tests.test_advanced_models_coverage" name="test_calculate_pace_consistency_insufficient" time="0.007" /><testcase classname="tests.test_calories.TestCaloriesPerKm" name="test_calculates_correctly" time="0.005" /><testcase classname="tests.test_analytics_trends.TestCalculateMonthlyProgression" name="test_calories_optional" time="0.005" /><testcase classname="tests.test_advanced_models_coverage" name="test_classify_climb_none" time="0.004" /><testcase classname="tests.test_calories.TestEnsureCalories" name="test_existing_calories_returned" time="0.004" /><testcase classname="tests.test_advanced_models_coverage" name="test_classify_climb_hc" time="0.006" /><testcase classname="tests.test_analytics_trends.TestCalculateMonthlyProgression" name="test_avg_speed_calculation" time="0.005" /><testcase classname="tests.test_calories.TestEnsureCalories" name="test_missing_calories_estimated" time="0.004" /><testcase classname="tests.test_advanced_models_coverage" name="test_calculate_power_estimate_zero" time="0.004" /><testcase classname="tests.test_analytics_trends.TestCalculateMonthlyProgression" name="test_duration_in_hours" time="0.005" /><testcase classname="tests.test_calories.TestEnsureCalories" name="test_zero_speed_returns_zero" time="0.005" /><testcase classname="tests.test_advanced_models_coverage" name="test_calculate_power_estimate_values" time="0.005" /><testcase classname="tests.test_analytics_trends.TestCalculatePeriodComparison" name="test_empty_rides" time="0.004" /><testcase classname="tests.test_chat_history_repository" name="test_save_returns_id" time="0.017" /><testcase classname="tests.test_analytics_trends.TestCalculatePeriodComparison" name="test_single_ride" time="0.006" /><testcase classname="tests.test_analytics_trends.TestCalculatePeriodComparison" name="test_two_periods" time="0.006" /><testcase classname="tests.test_aethermap_adapter" name="test_create_route_map_returns_json_path" time="0.240" /><testcase classname="tests.test_chat_history_repository" name="test_get_recent_returns_rows" time="0.014" /><testcase classname="tests.test_analytics_trends.TestCalculatePeriodComparison" name="test_distance_change" time="0.005" /><testcase classname="tests.test_analytics_trends.TestCalculatePeriodComparison" name="test_zero_previous_distance" time="0.006" /><testcase classname="tests.test_chat_history_repository" name="test_clear_returns_rowcount" time="0.015" /><testcase classname="tests.test_analytics_trends.TestCalculateTrainingVolumeProjection" name="test_empty_rides" time="0.003" /><testcase classname="tests.test_analytics_trends.TestCalculateTrainingVolumeProjection" name="test_projection_returns_values" time="0.008" /><testcase classname="tests.test_chat_history_repository" name="test_prune_returns_rowcount" time="0.018" /><testcase classname="tests.test_analytics_trends.TestCalculateTrainingVolumeProjection" name="test_confidence_high" time="0.009" /><testcase classname="tests.test_analytics_trends.TestCalculateTrainingVolumeProjection" name="test_confidence_low" time="0.004" /><testcase classname="tests.test_chat_history_repository" name="test_no_factory_raises_or_returns_empty" time="0.014" /><testcase classname="tests.test_analytics_trends.TestCalculateTrainingVolumeProjection" name="test_zero_period" time="0.006" /><testcase classname="tests.test_completion_coverage" name="test_calculate_annual_scores_empty" time="0.006" /><testcase classname="tests.test_analytics_trends.TestGetRideMetrics" name="test_basic_metrics" time="0.006" /><testcase classname="tests.test_analytics_trends.TestGetRideMetrics" name="test_skips_non_numeric" time="0.004" /><testcase classname="tests.test_completion_coverage" name="test_calculate_annual_scores_uses_summary" time="0.005" /><testcase classname="tests.test_analytics_trends.TestGetRideMetrics" name="test_null_values_skipped" time="0.006" /><testcase classname="tests.test_completion_coverage" name="test_should_save_to_database_valid" time="0.005" /><testcase classname="tests.test_analytics_trends.TestGetRideMetrics" name="test_string_number_value" time="0.005" /><testcase classname="tests.test_completion_coverage" name="test_should_save_to_database_empty" time="0.009" /><testcase classname="tests.test_anomaly_detection" name="test_no_anomalies_uniform_rides" time="0.005" /><testcase classname="tests.test_completion_coverage" name="test_should_save_to_database_invalid_point" time="0.005" /><testcase classname="tests.test_anomaly_detection" name="test_flags_extreme_distance_outlier" time="0.006" /><testcase classname="tests.test_completion_coverage" name="test_get_experience_level" time="0.005" /><testcase classname="tests.test_anomaly_detection" name="test_flags_zero_duration_anomaly" time="0.005" /><testcase classname="tests.test_anomaly_detection" name="test_returns_empty_for_few_rides" time="0.004" /><testcase classname="tests.test_completion_coverage" name="test_create_static_map_colored_url_overflow" time="0.019" /><testcase classname="tests.test_anomaly_detection" name="test_returns_empty_for_empty_input" time="0.005" /><testcase classname="tests.test_anomaly_detection" name="test_summarize_anomalies_aggregates" time="0.004" /><testcase classname="tests.test_completion_coverage" name="test_create_static_map_colored_uses_segments" time="0.016" /><testcase classname="tests.test_anomaly_detection" name="test_high_risk_multiple_anomalies" time="0.006" /><testcase classname="tests.test_completion_coverage" name="test_get_google_api_key_env" time="0.020" /><testcase classname="tests.test_api_adaptation_routes.TestToWorkoutPlan" name="test_empty_list" time="0.005" /><testcase classname="tests.test_api_adaptation_routes.TestToWorkoutPlan" name="test_single_item" time="0.004" /><testcase classname="tests.test_api_adaptation_routes.TestToWorkoutPlan" name="test_multiple_items" time="0.008" /><testcase classname="tests.test_completion_coverage" name="test_css_to_google_hex_idempotent" time="0.005" /><testcase classname="tests.test_api_adaptation_routes.TestAdaptPlanErrors" name="test_empty_planned_raises" time="0.008" /><testcase classname="tests.test_completion_coverage" name="test_compute_statistics_no_segments" time="0.005" /><testcase classname="tests.test_aethermap_adapter" name="test_create_route_map_with_statistics" time="0.022" /><testcase classname="tests.test_completion_coverage" name="test_remove_outliers_short_list" time="0.005" /><testcase classname="tests.test_api_adaptation_routes.TestAdaptPlanErrors" name="test_negative_skipped_index_raises" time="0.004" /><testcase classname="tests.test_api_adaptation_routes.TestAdaptPlanErrors" name="test_skipped_index_out_of_range_raises" time="0.006" /><testcase classname="tests.test_completion_coverage" name="test_process_route_sorts_and_stats" time="0.008" /><testcase classname="tests.test_aethermap_adapter" name="test_create_route_map_raises_on_empty_points" time="0.005" /><testcase classname="tests.test_api_adaptation_routes.TestAdaptPlanBranches" name="test_skipped_ride" time="0.007" /><testcase classname="tests.test_completion_coverage" name="test_validate_gps_point_valid" time="0.007" /><testcase classname="tests.test_aethermap_adapter" name="test_create_route_map_features_have_valid_geometry" time="0.025" /><testcase classname="tests.test_api_adaptation_routes.TestAdaptPlanBranches" name="test_longer_ride_with_actual_values" time="0.005" /><testcase classname="tests.test_completion_coverage" name="test_calculate_power_profile_with_points" time="0.011" /><testcase classname="tests.test_api_adaptation_routes.TestAdaptPlanBranches" name="test_longer_ride_falls_back_to_planned" time="0.006" /><testcase classname="tests.test_async_db_facade.TestInitAndSession" name="test_init_db" time="0.915" /><testcase classname="tests.test_ai_coach" name="test_analyze_historical_trend_empty" time="0.005" /><testcase classname="tests.test_completion_coverage" name="test_estimate_critical_power_none" time="0.007" /><testcase classname="tests.test_api_adaptation_routes.TestAdaptPlanBranches" name="test_low_recovery" time="0.008" /><testcase classname="tests.test_ai_coach" name="test_analyze_historical_trend" time="0.005" /><testcase classname="tests.test_completion_coverage" name="test_detect_aerobic_decoupling_insufficient" time="0.005" /><testcase classname="tests.test_api_adaptation_routes.TestAdaptPlanBranches" name="test_goal_change" time="0.005" /><testcase classname="tests.test_ai_coach" name="test_clean_ai_output" time="0.010" /><testcase classname="tests.test_completion_coverage" name="test_calculate_advanced_power_metrics_no_power" time="0.007" /><testcase classname="tests.test_api_adaptation_routes.TestAdaptPlanBranches" name="test_bad_weather" time="0.005" /><testcase classname="tests.test_ai_coach" name="test_local_training_advice_does_not_call_model" time="11.278" /><testcase classname="tests.test_completion_coverage" name="test_calculate_advanced_power_metrics_with_power" time="0.007" /><testcase classname="tests.test_api_adaptation_routes.TestAdaptPlanBranches" name="test_calendar_block" time="0.006" /><testcase classname="tests.test_completion_coverage" name="test_power_profile_to_dict_all_none" time="0.007" /><testcase classname="tests.test_api_adaptation_routes.TestAdaptPlanBranches" name="test_partial_ride" time="0.006" /><testcase classname="tests.test_api_adaptation_routes.TestAdaptationRoutesEndpoint" name="test_post_adapt_endpoint" time="1.462" /><testcase classname="tests.test_completion_coverage" name="test_get_7day_fitness_summary_empty" time="0.004" /><testcase classname="tests.test_completion_coverage" name="test_get_current_training_status_fatigued" time="0.007" /><testcase classname="tests.test_completion_coverage" name="test_tss_estimate_explicit_intensity" time="0.005" /><testcase classname="tests.test_completion_coverage" name="test_ewma_single_value" time="0.005" /><testcase classname="tests.test_completion_coverage" name="test_get_climb_color_unknown" time="0.007" /><testcase classname="tests.test_completion_coverage" name="test_classify_climb_boundary" time="0.005" /><testcase classname="tests.test_completion_coverage" name="test_estimate_ideal_weight_thresholds" time="0.004" /><testcase classname="tests.test_completion_coverage" name="test_training_stress_balance_external_with_rides" time="0.028" /><testcase classname="tests.test_completion_coverage" name="test_progress_trend_declining" time="0.007" /><testcase classname="tests.test_completion_coverage" name="test_speed_surge_min_speed_filter" time="0.005" /><testcase classname="tests.test_completion_coverage" name="test_event_type_attributes" time="0.005" /><testcase classname="tests.test_completion_coverage" name="test_publish_with_list_data" time="0.010" /><testcase classname="tests.test_completion_coverage" name="test_event_bus_lifecycle" time="0.025" /><testcase classname="tests.test_completion_coverage" name="test_ai_coach_prompt_helpers" time="0.006"><failure message="AssertionError: assert 'BREVE' in 'You are an expert cycling coach. Answer in a BRIEF, SPECIFIC and PRACTICAL way. Use the provided knowledge when available. Do not ask for information already given.'&#10; +  where 'You are an expert cycling coach. Answer in a BRIEF, SPECIFIC and PRACTICAL way. Use the provided knowledge when available. Do not ask for information already given.' = &lt;function _system_prompt at 0x0000020D15B824B0&gt;()&#10; +    where &lt;function _system_prompt at 0x0000020D15B824B0&gt; = coach._system_prompt">E   AssertionError: assert 'BREVE' in 'You are an expert cycling coach. Answer in a BRIEF, SPECIFIC and PRACTICAL way. Use the provided knowledge when available. Do not ask for information already given.'
     +  where 'You are an expert cycling coach. Answer in a BRIEF, SPECIFIC and PRACTICAL way. Use the provided knowledge when available. Do not ask for information already given.' = &lt;function _system_prompt at 0x0000020D15B824B0&gt;()
     +    where &lt;function _system_prompt at 0x0000020D15B824B0&gt; = coach._system_prompt</failure></testcase><testcase classname="tests.test_completion_coverage" name="test_build_athlete_context" time="0.005" /><testcase classname="tests.test_completion_coverage" name="test_build_rag_context" time="0.005" /><testcase classname="tests.test_completion_coverage" name="test_local_training_advice_goal_branches" time="0.008" /><testcase classname="tests.test_completion_coverage" name="test_local_recovery_advice_fatigued" time="0.007" /><testcase classname="tests.test_completion_coverage" name="test_fallback_training_with_kb" time="0.004" /><testcase classname="tests.test_completion_coverage" name="test_fallback_training_without_kb" time="10.783" /><testcase classname="tests.test_async_db_facade.TestInitAndSession" name="test_get_db_session" time="0.832" /><testcase classname="tests.test_api_adaptation_routes.TestAdaptationRoutesEndpoint" name="test_post_adapt_empty_planned_returns_400" time="0.955" /><testcase classname="tests.test_async_db_facade.TestGetRide" name="test_get_ride_found" time="0.836" /><testcase classname="tests.test_async_db_facade.TestGetRide" name="test_get_ride_missing" time="0.876" /><testcase classname="tests.test_api_coverage" name="test_rides_crud" time="3.218" /><testcase classname="tests.test_async_db_facade.TestGetRide" name="test_get_ride_tenant_filter" time="0.992" /><testcase classname="tests.test_async_db_facade.TestGetRidesByAthlete" name="test_get_rides_by_athlete" time="0.798" /><testcase classname="tests.test_async_db_facade.TestGetRidesByAthlete" name="test_get_rides_by_athlete_tenant_filter" time="1.243" /><testcase classname="tests.test_api_coverage" name="test_athlete_crud" time="1.541" /><testcase classname="tests.test_async_db_facade.TestGetRidesByAthlete" name="test_get_rides_by_athlete_limit" time="1.140" /><testcase classname="tests.test_async_db_facade.TestGetAthlete" name="test_get_athlete_found" time="1.189" /><testcase classname="tests.test_api_coverage" name="test_coach_full" time="1.769" /><testcase classname="tests.test_async_db_facade.TestGetAthlete" name="test_get_athlete_missing" time="1.088" /><testcase classname="tests.test_async_db_facade.TestGetAthlete" name="test_get_athlete_tenant_filter" time="1.201" /><testcase classname="tests.test_completion_coverage" name="test_fallback_recovery_recovery_score_branch" time="0.439" /><testcase classname="tests.test_ai_coach" name="test_local_recovery_advice_does_not_call_model" time="1.116" /><testcase classname="tests.test_api_coverage" name="test_knowledge_endpoints" time="2.587" /><testcase classname="tests.test_completion_coverage" name="test_get_ai_coach_client_invalid_user_key" time="0.013" /><testcase classname="tests.test_completion_coverage" name="test_get_ai_coach_client_valid_env_key" time="4.008" /><testcase classname="tests.test_async_db_facade.TestGetAthleteByName" name="test_found" time="1.191" /><testcase classname="tests.test_ai_coach" name="test_validate_athlete_profile_complete" time="0.016" /><testcase classname="tests.test_ai_coach" name="test_validate_athlete_profile_missing_name" time="0.059" /><testcase classname="tests.test_ai_coach" name="test_training_advice_falls_back_to_local_after_groq_403" time="1.063" /><testcase classname="tests.test_ai_coach" name="test_training_advice_uses_local_fallback_when_all_providers_fail" time="0.384" /><testcase classname="tests.test_async_db_facade.TestGetAthleteByName" name="test_missing" time="1.462" /><testcase classname="tests.test_ai_coach" name="test_analyze_anomalies_detects_hr_elevation" time="0.034" /><testcase classname="tests.test_ai_coach" name="test_chat_with_tools_local_mode" time="0.008" /><testcase classname="tests.test_ai_coach" name="test_generate_workout_plan_with_fitness_state" time="0.010" /><testcase classname="tests.test_ai_coach_api" name="test_validate_athlete_profile_rejects_empty" time="0.031"><failure message="AssertionError: assert 'nome' in 'Missing fields: name.'">E   AssertionError: assert 'nome' in 'Missing fields: name.'</failure></testcase><testcase classname="tests.test_ai_coach_api" name="test_validate_athlete_profile_accepts_complete" time="0.009" /><testcase classname="tests.test_ai_coach_api" name="test_validate_athlete_profile_rejects_zero_weight" time="0.031"><failure message="AssertionError: assert 'peso' in 'Missing fields: weight.'">E   AssertionError: assert 'peso' in 'Missing fields: weight.'</failure></testcase><testcase classname="tests.test_ai_coach_api" name="test_generate_training_advice_validates_profile" time="0.007" /><testcase classname="tests.test_ai_coach_api" name="test_generate_training_advice_with_local_mode" time="0.668" /><testcase classname="tests.test_async_db_facade.TestGetAthleteByName" name="test_tenant_filter" time="0.902" /><testcase classname="tests.test_async_db_facade.TestSaveAthlete" name="test_insert_new" time="1.011" /><testcase classname="tests.test_ai_coach_api" name="test_generate_recovery_advice_returns_string" time="0.034" /><testcase classname="tests.test_ai_coach_api" name="test_analyze_historical_trend_insufficient_data" time="0.020" /><testcase classname="tests.test_ai_coach_api" name="test_analyze_historical_trend_with_rides" time="0.044" /><testcase classname="tests.test_api_coverage" name="test_admin_stats" time="3.644" /><testcase classname="tests.test_ai_coach_api" name="test_ai_coach_full_returns_dict" time="1.058" /><testcase classname="tests.test_completion_coverage" name="test_generate_training_plan_branches" time="0.008"><failure message="assert False&#10; +  where False = any(&lt;generator object test_generate_training_plan_branches.&lt;locals&gt;.&lt;genexpr&gt; at 0x0000020D1CC90860&gt;)">E   assert False
     +  where False = any(&lt;generator object test_generate_training_plan_branches.&lt;locals&gt;.&lt;genexpr&gt; at 0x0000020D1CC90860&gt;)</failure></testcase><testcase classname="tests.test_completion_coverage" name="test_generate_training_plan_no_fitness_state" time="0.014"><failure message="AssertionError: assert ('Piano generico' in 'Generic plan based on expert level.' or 'livello' in 'Generic plan based on expert level.')">E   AssertionError: assert ('Piano generico' in 'Generic plan based on expert level.' or 'livello' in 'Generic plan based on expert level.')</failure></testcase><testcase classname="tests.test_completion_coverage" name="test_analyze_anomalies_variants" time="0.016" /><testcase classname="tests.test_completion_coverage" name="test_analyze_historical_trends_alias" time="0.005" /><testcase classname="tests.test_completion_coverage" name="test_get_fitness_state_explanation_no_session" time="0.006" /><testcase classname="tests.test_completion_coverage" name="test_ai_coach_full_local" time="0.026" /><testcase classname="tests.test_completion_coverage" name="test_chat_with_tools_local_mode" time="0.006"><failure message="AssertionError: assert ('configurato' in 'Local mode: tool calling is not available.' or 'locale' in 'Local mode: tool calling is not available.')">E   AssertionError: assert ('configurato' in 'Local mode: tool calling is not available.' or 'locale' in 'Local mode: tool calling is not available.')</failure></testcase><testcase classname="tests.test_completion_coverage" name="test_kb_with_session" time="0.035" /><testcase classname="tests.test_completion_coverage" name="test_chat_with_tools_tool_execution" time="0.009" /><testcase classname="tests.test_completion_coverage" name="test_chat_with_tools_unknown_tool" time="0.008" /><testcase classname="tests.test_completion_coverage" name="test_tokenize_strips_stopwords" time="0.007" /><testcase classname="tests.test_completion_coverage" name="test_extract_heading" time="0.004" /><testcase classname="tests.test_completion_coverage" name="test_split_text_short" time="0.009" /><testcase classname="tests.test_completion_coverage" name="test_split_text_long_overlap" time="0.010" /><testcase classname="tests.test_completion_coverage" name="test_bm25_index_and_score" time="0.008" /><testcase classname="tests.test_completion_coverage" name="test_get_embedding_provider" time="0.006" /><testcase classname="tests.test_completion_coverage" name="test_list_topics" time="0.037" /><testcase classname="tests.test_completion_coverage" name="test_load_chunks_and_stats" time="0.053" /><testcase classname="tests.test_completion_coverage" name="test_reload_kb" time="0.029" /><testcase classname="tests.test_completion_coverage" name="test_search_knowledge_base_bm25_fallback" time="0.039" /><testcase classname="tests.test_completion_coverage" name="test_search_knowledge_base_empty_query" time="0.092" /><testcase classname="tests.test_completion_coverage" name="test_format_context_for_llm_list" time="0.008" /><testcase classname="tests.test_completion_coverage" name="test_import_with_timeout" time="0.082" /><testcase classname="tests.test_completion_coverage" name="test_tfidf_vectorizer_init" time="0.006" /><testcase classname="tests.test_completion_coverage" name="test_init_kb_embeddings_local" time="0.004" /><testcase classname="tests.test_completion_coverage" name="test_init_kb_embeddings_session" time="0.009" /><testcase classname="tests.test_completion_coverage" name="test_save_chunks_to_pgvector" time="0.015" /><testcase classname="tests.test_completion_coverage" name="test_search_kb_pgvector_allthrough" time="0.114" /><testcase classname="tests.test_completion_coverage" name="test_init_chroma_db_no_chromadb" time="0.006" /><testcase classname="tests.test_config" name="test_dev_mode_uses_sqlite_default" time="0.007" /><testcase classname="tests.test_config" name="test_settings_exposes_expected_constants" time="0.008" /><testcase classname="tests.test_config" name="test_production_without_database_url_uses_sqlite_primary" time="0.074" /><testcase classname="tests.test_conversation_store.TestConversationStore" name="test_load_empty_when_no_file" time="0.041" /><testcase classname="tests.test_conversation_store.TestConversationStore" name="test_append_and_load" time="0.130" /><testcase classname="tests.test_conversation_store.TestConversationStore" name="test_load_filters_by_user_id" time="0.069" /><testcase classname="tests.test_api_coverage" name="test_admin_indexes" time="1.948" /><testcase classname="tests.test_conversation_store.TestConversationStore" name="test_append_preserves_created_at" time="0.087" /><testcase classname="tests.test_async_db_facade.TestSaveAthlete" name="test_update_existing" time="1.471" /><testcase classname="tests.test_conversation_store.TestConversationStore" name="test_prune_removes_old_messages" time="0.202" /><testcase classname="tests.test_async_db_facade.TestSaveRide" name="test_insert_new" time="1.666" /><testcase classname="tests.test_conversation_store.TestConversationStore" name="test_prune_returns_zero_when_under_limit" time="0.087" /><testcase classname="tests.test_conversation_store.TestConversationStore" name="test_prune_returns_zero_when_no_file" time="0.029" /><testcase classname="tests.test_conversation_store.TestConversationStore" name="test_load_handles_malformed_lines" time="0.036" /><testcase classname="tests.test_core_calculators.TestCaloriesMet" name="test_basic" time="0.019" /><testcase classname="tests.test_core_calculators.TestCaloriesMet" name="test_none_speed" time="0.012" /><testcase classname="tests.test_core_calculators.TestCaloriesMet" name="test_slow_speed" time="0.010" /><testcase classname="tests.test_core_calculators.TestCaloriesMet" name="test_fast_speed" time="0.011" /><testcase classname="tests.test_core_calculators.TestCaloriesMet" name="test_zero_duration" time="0.010" /><testcase classname="tests.test_core_calculators.TestCaloriesMet" name="test_zero_weight" time="0.006" /><testcase classname="tests.test_core_calculators.TestCaloriesPhysics" name="test_basic" time="0.011" /><testcase classname="tests.test_core_calculators.TestCaloriesPhysics" name="test_none_speed" time="0.034" /><testcase classname="tests.test_core_calculators.TestCaloriesPhysics" name="test_zero_distance" time="0.008" /><testcase classname="tests.test_core_calculators.TestCaloriesPhysics" name="test_flat_route" time="0.012" /><testcase classname="tests.test_core_calculators.TestEstimate" name="test_default_method_met" time="0.008" /><testcase classname="tests.test_core_calculators.TestPerKm" name="test_basic" time="0.038" /><testcase classname="tests.test_core_calculators.TestPerKm" name="test_zero_distance" time="0.009" /><testcase classname="tests.test_core_calculators.TestEwma" name="test_empty" time="0.009" /><testcase classname="tests.test_core_calculators.TestEwma" name="test_single_value" time="0.016" /><testcase classname="tests.test_core_calculators.TestEwma" name="test_multiple_values" time="0.008" /><testcase classname="tests.test_core_calculators.TestEwma" name="test_tau_small" time="0.006" /><testcase classname="tests.test_core_calculators.TestEwma" name="test_tau_large" time="0.017" /><testcase classname="tests.test_core_calculators.TestFatigueScore" name="test_low_fatigue" time="0.009" /><testcase classname="tests.test_core_calculators.TestFatigueScore" name="test_high_fatigue" time="0.032" /><testcase classname="tests.test_core_calculators.TestFatigueScore" name="test_capped_at_10" time="0.006" /><testcase classname="tests.test_core_calculators.TestFatigueScore" name="test_no_heart_rate" time="0.011" /><testcase classname="tests.test_core_calculators.TestFatigueScore" name="test_custom_age" time="0.012" /><testcase classname="tests.test_core_calculators.TestRecoveryHours" name="test_low_fatigue" time="0.061" /><testcase classname="tests.test_core_calculators.TestRecoveryHours" name="test_moderate_fatigue" time="0.013" /><testcase classname="tests.test_core_calculators.TestRecoveryHours" name="test_high_fatigue" time="0.007" /><testcase classname="tests.test_database.TestAthleteCrud" name="test_save_athlete_with_tenant" time="0.549" /><testcase classname="tests.test_async_db_facade.TestSaveRide" name="test_insert_without_gps" time="1.661" /><testcase classname="tests.test_ai_coach_api" name="test_ai_coach_workout_endpoint" time="5.484" /><testcase classname="tests.test_database.TestAthleteCrud" name="test_get_athlete" time="0.685" /><testcase classname="tests.test_api_coverage" name="test_export_json" time="2.951" /><testcase classname="tests.test_database.TestAthleteCrud" name="test_get_athlete_by_name" time="1.115" /><testcase classname="tests.test_database.TestAthleteCrud" name="test_get_athlete_by_email" time="1.172" /><testcase classname="tests.test_api_coverage" name="test_export_csv" time="2.308" /><testcase classname="tests.test_database.TestAthleteCrud" name="test_get_athlete_by_query_alias" time="2.743" /><testcase classname="tests.test_async_db_facade.TestModelToDictHelpers" name="test_model_to_dict_with_extra_and_none" time="4.385" /><testcase classname="tests.test_database.TestAthleteCrud" name="test_get_all_athletes" time="0.507" /><testcase classname="tests.test_database.TestAthleteCrud" name="test_update_athlete" time="0.447" /><testcase classname="tests.test_ai_coach_api" name="test_ai_coach_workout_endpoint_with_athlete" time="4.370" /><testcase classname="tests.test_api_coverage" name="test_ride_analyze" time="3.302" /><testcase classname="tests.test_database.TestAthleteCrud" name="test_update_athlete_missing_returns_false" time="0.398" /><testcase classname="tests.test_async_db_facade.TestModelToDictHelpers" name="test_ride_to_dict_malformed_gps" time="1.279" /><testcase classname="tests.test_athlete_profile" name="test_save_athlete_with_all_fields" time="1.084" /><testcase classname="tests.test_database.TestMetricsAndStress" name="test_save_and_get_training_stress" time="0.408" /><testcase classname="tests.test_database.TestMetricsAndStress" name="test_recalculate_training_stress" time="0.411" /><testcase classname="tests.test_database.TestMetricsAndStress" name="test_save_metric" time="0.385" /><testcase classname="tests.test_api_coverage" name="test_health_endpoints" time="1.457" /><testcase classname="tests.test_ai_coach_api" name="test_ai_coach_recovery_endpoint" time="1.330" /><testcase classname="tests.test_athlete_profile" name="test_update_athlete" time="0.789" /><testcase classname="tests.test_ai_coach_api.TestBuildAthleteContext" name="test_full_profile" time="0.013" /><testcase classname="tests.test_ai_coach_api.TestBuildAthleteContext" name="test_minimal_profile" time="0.008" /><testcase classname="tests.test_ai_coach_api.TestGenerateLocalTrainingAdvice" name="test_beginner_with_goals" time="0.600" /><testcase classname="tests.test_database.TestCalendarEvents" name="test_save_and_get_event" time="0.415" /><testcase classname="tests.test_database.TestCalendarEvents" name="test_get_events_by_athlete" time="0.361" /><testcase classname="tests.test_ai_coach_api.TestGenerateLocalTrainingAdvice" name="test_elite_with_flat_terrain" time="0.592" /><testcase classname="tests.test_athlete_profile" name="test_get_athlete_not_found" time="0.026" /><testcase classname="tests.test_athlete_profile" name="test_athlete_profile_classification" time="0.006" /><testcase classname="tests.test_athlete_state.TestBuildDailyTssSeries" name="test_empty_rides" time="0.005" /><testcase classname="tests.test_athlete_state.TestBuildDailyTssSeries" name="test_single_ride" time="0.004" /><testcase classname="tests.test_athlete_state.TestBuildDailyTssSeries" name="test_multiple_rides_same_day" time="0.007" /><testcase classname="tests.test_athlete_state.TestBuildDailyTssSeries" name="test_multiple_days" time="0.005" /><testcase classname="tests.test_athlete_state.TestCalculateFatigueForRide" name="test_no_hr" time="0.011" /><testcase classname="tests.test_athlete_state.TestCalculateFatigueForRide" name="test_with_hr" time="0.006" /><testcase classname="tests.test_athlete_state.TestAverageFatigueScore" name="test_empty" time="0.005" /><testcase classname="tests.test_athlete_state.TestAverageFatigueScore" name="test_single_ride" time="0.007" /><testcase classname="tests.test_athlete_state.TestAverageFatigueScore" name="test_multiple_rides" time="0.008" /><testcase classname="tests.test_athlete_state.TestEstimateRecoveryHours" name="test_low_fatigue" time="0.005" /><testcase classname="tests.test_athlete_state.TestEstimateRecoveryHours" name="test_medium_fatigue" time="0.005" /><testcase classname="tests.test_athlete_state.TestEstimateRecoveryHours" name="test_high_fatigue" time="0.013" /><testcase classname="tests.test_athlete_state.TestEstimateRecoveryHours" name="test_tsb_penalty" time="0.007" /><testcase classname="tests.test_athlete_state.TestComputeReadiness" name="test_fresh_athlete" time="0.005" /><testcase classname="tests.test_athlete_state.TestComputeReadiness" name="test_fatigued_athlete" time="0.005" /><testcase classname="tests.test_database.TestCalendarEvents" name="test_get_events_by_date_range" time="0.387" /><testcase classname="tests.test_athlete_state.TestComputeReadiness" name="test_balanced" time="0.009" /><testcase classname="tests.test_athlete_state.TestComputeRiskLevel" name="test_overtraining_risk" time="0.013" /><testcase classname="tests.test_athlete_state.TestComputeRiskLevel" name="test_high_acwr" time="0.008" /><testcase classname="tests.test_athlete_state.TestComputeRiskLevel" name="test_warning" time="0.013" /><testcase classname="tests.test_athlete_state.TestComputeRiskLevel" name="test_ok" time="0.008" /><testcase classname="tests.test_athlete_state.TestComputeRecommendation" name="test_total_rest" time="0.006" /><testcase classname="tests.test_athlete_state.TestComputeRecommendation" name="test_ready_for_hard" time="0.005" /><testcase classname="tests.test_athlete_state.TestComputeRecommendation" name="test_fresh" time="0.004" /><testcase classname="tests.test_athlete_state.TestAthleteStateModel" name="test_defaults" time="0.006" /><testcase classname="tests.test_athlete_state.TestAthleteStateModel" name="test_overtraining_risk_property" time="0.006" /><testcase classname="tests.test_athlete_state.TestAthleteStateModel" name="test_fresh_property" time="0.005" /><testcase classname="tests.test_athlete_state.TestAthleteStateModel" name="test_ready_for_hard_effort_property" time="0.007" /><testcase classname="tests.test_athlete_state.TestAthleteStateModel" name="test_to_dict_keys" time="0.007" /><testcase classname="tests.test_athlete_state.TestAthleteStateModel" name="test_to_dataclass" time="0.008" /><testcase classname="tests.test_athlete_state.TestPersonalResponseModel" name="test_defaults" time="0.004" /><testcase classname="tests.test_athlete_state.TestAthleteStateService" name="test_calculate_current_state_empty_rides" time="0.008" /><testcase classname="tests.test_athlete_state.TestAthleteStateService" name="test_calculate_current_state_with_rides" time="0.018" /><testcase classname="tests.test_athlete_state.TestAthleteStateService" name="test_calculate_current_state_with_profile" time="0.009" /><testcase classname="tests.test_athlete_state.TestAthleteStateService" name="test_calculate_current_state_recent_rides_fatigue" time="0.027" /><testcase classname="tests.test_athlete_state_repository.TestToFitnessDict" name="test_basic_fields" time="0.006" /><testcase classname="tests.test_ai_coach_api.TestGenerateLocalTrainingAdvice" name="test_with_rides" time="0.302" /><testcase classname="tests.test_athlete_state_repository.TestToFitnessDict" name="test_risk_indicators_embedded_in_payload" time="0.006" /><testcase classname="tests.test_athlete_state_repository.TestToFitnessDict" name="test_tenant_id_passed_through" time="0.006" /><testcase classname="tests.test_athlete_state_repository.TestFromFitnessRow" name="test_basic_row" time="0.005" /><testcase classname="tests.test_athlete_state_repository.TestFromFitnessRow" name="test_row_with_json_string_risk_indicators" time="0.006" /><testcase classname="tests.test_athlete_state_repository.TestFromFitnessRow" name="test_row_with_mixed_risk_indicators" time="0.004" /><testcase classname="tests.test_athlete_state_repository.TestFromFitnessRow" name="test_row_with_string_risk_indicators" time="0.006" /><testcase classname="tests.test_athlete_state_repository.TestFromFitnessRow" name="test_row_with_malformed_json_in_indicators" time="0.007" /><testcase classname="tests.test_athlete_state_repository.TestAsyncWrappers" name="test_save_calls_fitness_repo" time="0.034" /><testcase classname="tests.test_athlete_state_repository.TestAsyncWrappers" name="test_get_latest_returns_none_when_no_row" time="0.027" /><testcase classname="tests.test_api_coverage" name="test_rides_count" time="1.549" /><testcase classname="tests.test_database.TestCalendarEvents" name="test_get_events_by_month" time="0.451" /><testcase classname="tests.test_athlete_state_repository.TestAsyncWrappers" name="test_get_latest_returns_state" time="0.045" /><testcase classname="tests.test_athlete_state_repository.TestAsyncWrappers" name="test_get_history_maps_rows" time="0.048" /><testcase classname="tests.test_ai_coach_api.TestGenerateLocalRecoveryAdvice" name="test_low_recovery_score" time="0.312" /><testcase classname="tests.test_audit.TestAuditLog" name="test_log_action_writes_entry" time="0.093" /><testcase classname="tests.test_audit.TestAuditLog" name="test_log_action_minimal_fields" time="0.056" /><testcase classname="tests.test_audit.TestAuditLog" name="test_log_action_appends_multiple_entries" time="0.093" /><testcase classname="tests.test_audit.TestAuditLog" name="test_log_action_handles_unserializable_details" time="0.047" /><testcase classname="tests.test_audit.TestAuditLog" name="test_log_action_handles_write_failure" time="0.022" /><testcase classname="tests.test_ai_coach_api.TestGenerateLocalRecoveryAdvice" name="test_high_recovery_score" time="0.319" /><testcase classname="tests.test_audit.TestAuditLog" name="test_log_action_thread_safety" time="0.326" /><testcase classname="tests.test_database.TestCalendarEvents" name="test_update_calendar_event" time="0.517" /><testcase classname="tests.test_ai_coach_api.TestGenerateLocalRecoveryAdvice" name="test_with_long_ride" time="0.666" /><testcase classname="tests.test_audit.TestAuditLog" name="test_timestamp_is_utc_isoformat" time="0.088" /><testcase classname="tests.test_audit_log" name="test_log_action_writes_jsonl" time="0.111" /><testcase classname="tests.test_audit_log" name="test_read_audit_logs_returns_reversed" time="0.205" /><testcase classname="tests.test_database.TestCalendarEvents" name="test_delete_calendar_event" time="0.664" /><testcase classname="tests.test_audit_log" name="test_read_audit_logs_empty_when_missing" time="0.014" /><testcase classname="tests.test_audit_log" name="test_log_action_handles_bad_path" time="3.079" /><testcase classname="tests.test_ai_coach_api.TestAnalyzeAnomalies" name="test_no_rides" time="0.005" /><testcase classname="tests.test_ai_coach_api.TestAnalyzeAnomalies" name="test_normal_rides" time="0.007" /><testcase classname="tests.test_ai_coach_api.TestAnalyzeAnomalies" name="test_hr_elevation_detected" time="0.010" /><testcase classname="tests.test_ai_coach_api.TestAnalyzeAnomalies" name="test_excessive_volume_detected" time="0.006" /><testcase classname="tests.test_ai_coach_api.TestGenerateTrainingPlan" name="test_beginner_default" time="0.010" /><testcase classname="tests.test_ai_coach_api.TestGenerateTrainingPlan" name="test_with_fatigue_state" time="0.017" /><testcase classname="tests.test_ai_coach_api.TestGenerateTrainingPlan" name="test_with_fresh_state" time="0.007" /><testcase classname="tests.test_ai_coach_api.TestGenerateTrainingPlan" name="test_explanation_includes_ftp" time="0.006" /><testcase classname="tests.test_ai_coach_api.TestBanProvider" name="test_ban_adds_to_set" time="0.019" /><testcase classname="tests.test_ai_coach_api.TestBanProvider" name="test_ban_resets_current_client" time="0.010" /><testcase classname="tests.test_ai_coach_api.TestChatWithToolsLocalMode" name="test_local_mode_returns_message" time="0.007" /><testcase classname="tests.test_ai_coach_api.TestGetFitnessStateExplanation" name="test_no_session_returns_empty" time="0.007" /><testcase classname="tests.test_ai_coach_api.TestGetFitnessStateExplanation" name="test_no_athlete_id_returns_empty" time="0.010" /><testcase classname="tests.test_database.TestChatHistory" name="test_save_and_get_chat" time="0.487" /><testcase classname="tests.test_ai_coach_api.TestGetFitnessStateExplanation" name="test_with_session_returns_explanation" time="0.025" /><testcase classname="tests.test_ai_coach_api.TestFallbackAdvice" name="test_fallback_training_advice_has_prefix" time="0.225" /><testcase classname="tests.test_api_coverage" name="test_rides_sort" time="2.307" /><testcase classname="tests.test_ai_coach_api.TestFallbackAdvice" name="test_fallback_recovery_advice_has_prefix" time="0.367" /><testcase classname="tests.test_database.TestChatHistory" name="test_prune_chat_history" time="0.762" /><testcase classname="tests.test_ai_coach_api.TestFallbackAdvice" name="test_fallback_recovery_high_score" time="0.264" /><testcase classname="tests.test_ai_coach_api.TestAiCoachFullWithRides" name="test_with_recent_ride" time="1.778" /><testcase classname="tests.test_database.TestWeatherCache" name="test_save_and_get_weather_cache" time="0.711" /><testcase classname="tests.test_database.TestPOIs" name="test_save_and_get_poi" time="0.377" /><testcase classname="tests.test_database.TestPOIs" name="test_get_nearby_pois" time="0.424" /><testcase classname="tests.test_auth_enhanced" name="test_blacklist_round_trip" time="0.061" /><testcase classname="tests.test_auth_enhanced" name="test_blacklist_token_not_revoked" time="0.032" /><testcase classname="tests.test_ai_coach_edge" name="test_clean_ai_output_formats_numbers" time="0.007" /><testcase classname="tests.test_ai_coach_edge" name="test_is_recoverable_provider_error" time="0.086" /><testcase classname="tests.test_database.TestPOIs" name="test_list_pois" time="0.471" /><testcase classname="tests.test_auth_enhanced" name="test_revoke_succeeds_in_memory_when_redis_down" time="0.087" /><testcase classname="tests.test_ai_coach_edge" name="test_groq_recovery_advice_success" time="0.023" /><testcase classname="tests.test_ai_coach_edge" name="test_groq_recovery_advice_fallback_on_api_error" time="0.079" /><testcase classname="tests.test_auth_enhanced" name="test_totp_generate_and_verify" time="0.060" /><testcase classname="tests.test_auth_enhanced" name="test_totp_window_skew" time="0.009" /><testcase classname="tests.test_auth_enhanced" name="test_totp_provisioning_uri" time="0.065" /><testcase classname="tests.test_ai_coach_edge" name="test_groq_recovery_advice_client_raises_value_error" time="0.015" /><testcase classname="tests.test_ai_coach_edge" name="test_groq_workout_advice_success" time="0.012" /><testcase classname="tests.test_auth_enhanced" name="test_jwt_revoke_with_jti_in_payload" time="0.041" /><testcase classname="tests.test_ai_coach_edge" name="test_athlete_profile_invalid_short_circuits" time="0.007"><failure message="AssertionError: assert 'profilo' in 'complete the athlete profile before using the ai coach: missing fields: name, weight.'&#10; +  where 'complete the athlete profile before using the ai coach: missing fields: name, weight.' = &lt;built-in method lower of str object at 0x0000025A8ACA4CB0&gt;()&#10; +    where &lt;built-in method lower of str object at 0x0000025A8ACA4CB0&gt; = 'Complete the athlete profile before using the AI Coach: Missing fields: name, weight.'.lower">E   AssertionError: assert 'profilo' in 'complete the athlete profile before using the ai coach: missing fields: name, weight.'
     +  where 'complete the athlete profile before using the ai coach: missing fields: name, weight.' = &lt;built-in method lower of str object at 0x0000025A8ACA4CB0&gt;()
     +    where &lt;built-in method lower of str object at 0x0000025A8ACA4CB0&gt; = 'Complete the athlete profile before using the AI Coach: Missing fields: name, weight.'.lower</failure></testcase><testcase classname="tests.test_api_coverage" name="test_knowledge_stats" time="2.489" /><testcase classname="tests.test_analytics_context_builder" name="test_build_training_context_defaults" time="0.009" /><testcase classname="tests.test_analytics_context_builder" name="test_build_training_context_with_data" time="0.012"><failure message="AssertionError: assert 'Quasi pronto per lavori quality' in 'Almost ready for quality work - moderate TSB'">E   AssertionError: assert 'Quasi pronto per lavori quality' in 'Almost ready for quality work - moderate TSB'</failure></testcase><testcase classname="tests.test_analytics_context_builder" name="test_build_training_context_rides_truncated" time="0.043" /><testcase classname="tests.test_analytics_context_builder" name="test_build_recovery_context_no_fitness" time="0.065" /><testcase classname="tests.test_analytics_context_builder" name="test_build_recovery_context_with_fitness" time="0.012"><failure message="AssertionError: assert 'affaticamento accumulato' in 'TSB is -30.0, indicates accumulated fatigue | Recupero stimato: 36 ore'">E   AssertionError: assert 'affaticamento accumulato' in 'TSB is -30.0, indicates accumulated fatigue | Recupero stimato: 36 ore'</failure></testcase><testcase classname="tests.test_analytics_context_builder" name="test_build_recovery_context_score_clamped" time="0.014" /><testcase classname="tests.test_analytics_context_builder" name="test_compute_trends_empty" time="0.012" /><testcase classname="tests.test_analytics_context_builder" name="test_compute_trends_single_ride" time="0.032" /><testcase classname="tests.test_analytics_context_builder" name="test_compute_trends_improving" time="0.007" /><testcase classname="tests.test_analytics_context_builder" name="test_compute_trends_declining" time="0.008" /><testcase classname="tests.test_analytics_context_builder" name="test_recommendations_positive_tsb" time="0.032"><failure message="assert False&#10; +  where False = any(&lt;generator object test_recommendations_positive_tsb.&lt;locals&gt;.&lt;genexpr&gt; at 0x0000025A8AF102B0&gt;)">E   assert False
     +  where False = any(&lt;generator object test_recommendations_positive_tsb.&lt;locals&gt;.&lt;genexpr&gt; at 0x0000025A8AF102B0&gt;)</failure></testcase><testcase classname="tests.test_analytics_context_builder" name="test_recommendations_negative_tsb" time="0.008" /><testcase classname="tests.test_analytics_context_builder" name="test_recommendations_overtraining" time="0.014" /><testcase classname="tests.test_analytics_context_builder" name="test_recommendations_none" time="0.012" /><testcase classname="tests.test_analytics_context_builder" name="test_build_explanation_fatigue" time="0.018"><failure message="AssertionError: assert 'affaticamento accumulato' in 'TSB is -25.0, indicates accumulated fatigue'">E   AssertionError: assert 'affaticamento accumulato' in 'TSB is -25.0, indicates accumulated fatigue'</failure></testcase><testcase classname="tests.test_analytics_context_builder" name="test_build_explanation_fresh" time="0.027"><failure message="AssertionError: assert 'buona freschezza' in 'TSB is 20.0, indicates good freshness'">E   AssertionError: assert 'buona freschezza' in 'TSB is 20.0, indicates good freshness'</failure></testcase><testcase classname="tests.test_analytics_context_builder" name="test_build_explanation_stable" time="0.029"><failure message="AssertionError: assert 'Stable fitness state' == 'Stato di forma stabile'&#10;  &#10;  #x1B[0m#x1B[91m- Stato di forma stabile#x1B[39;49;00m#x1B[90m#x1B[39;49;00m&#10;  #x1B[92m+ Stable fitness state#x1B[39;49;00m#x1B[90m#x1B[39;49;00m">E   AssertionError: assert 'Stable fitness state' == 'Stato di forma stabile'
      
      #x1B[0m#x1B[91m- Stato di forma stabile#x1B[39;49;00m#x1B[90m#x1B[39;49;00m
      #x1B[92m+ Stable fitness state#x1B[39;49;00m#x1B[90m#x1B[39;49;00m</failure></testcase><testcase classname="tests.test_analytics_context_builder" name="test_build_explanation_no_data" time="0.015" /><testcase classname="tests.test_analytics_context_builder" name="test_fetch_full_context_no_factory" time="0.071" /><testcase classname="tests.test_analytics_engine" name="test_calculate_summary_empty" time="0.010" /><testcase classname="tests.test_analytics_engine" name="test_calculate_summary_multiple" time="0.015" /><testcase classname="tests.test_analytics_engine" name="test_analyze_ride" time="0.023" /><testcase classname="tests.test_analytics_engine" name="test_ride_to_json" time="0.010" /><testcase classname="tests.test_analytics_engine" name="test_rides_to_json" time="0.007" /><testcase classname="tests.test_analytics_engine" name="test_rides_to_csv_empty" time="0.012" /><testcase classname="tests.test_analytics_engine" name="test_rides_to_csv_with_rides" time="0.018" /><testcase classname="tests.test_analytics_engine" name="test_export_rides_json" time="0.090" /><testcase classname="tests.test_database.TestPOIs" name="test_delete_poi" time="1.658" /><testcase classname="tests.test_core_calculators.TestRecoveryHours" name="test_extreme_fatigue" time="0.038" /><testcase classname="tests.test_core_calculators.TestRecoveryRecommendation" name="test_minimal" time="0.037" /><testcase classname="tests.test_core_calculators.TestRecoveryRecommendation" name="test_light" time="0.011" /><testcase classname="tests.test_core_calculators.TestRecoveryRecommendation" name="test_moderate" time="0.023" /><testcase classname="tests.test_core_calculators.TestRecoveryRecommendation" name="test_high" time="0.012" /><testcase classname="tests.test_core_calculators.TestRecoveryRecommendation" name="test_extreme" time="0.012" /><testcase classname="tests.test_core_calculators.TestPerformanceScore" name="test_basic" time="0.022" /><testcase classname="tests.test_core_calculators.TestPerformanceScore" name="test_zero_speed" time="0.023" /><testcase classname="tests.test_core_calculators.TestPerformanceScore" name="test_max_performance" time="0.075" /><testcase classname="tests.test_core_calculators.TestEnduranceScore" name="test_empty" time="0.015" /><testcase classname="tests.test_core_calculators.TestEnduranceScore" name="test_single_ride" time="0.017" /><testcase classname="tests.test_core_calculators.TestEnduranceScore" name="test_long_rides" time="0.018" /><testcase classname="tests.test_core_calculators.TestRecoveryScore" name="test_low_fatigue" time="0.078" /><testcase classname="tests.test_core_calculators.TestRecoveryScore" name="test_high_fatigue" time="0.007" /><testcase classname="tests.test_core_calculators.TestEfficiencyScore" name="test_basic" time="0.012" /><testcase classname="tests.test_core_calculators.TestEfficiencyScore" name="test_zero_distance" time="0.034" /><testcase classname="tests.test_core_calculators.TestEfficiencyScore" name="test_low_calories" time="0.018" /><testcase classname="tests.test_core_calculators.TestMonthlyScores" name="test_empty" time="0.028" /><testcase classname="tests.test_core_calculators.TestMonthlyScores" name="test_with_rides" time="0.021" /><testcase classname="tests.test_core_calculators.TestNormalizedPower" name="test_no_data" time="0.025" /><testcase classname="tests.test_core_calculators.TestNormalizedPower" name="test_with_power_data" time="0.012" /><testcase classname="tests.test_core_calculators.TestNormalizedPower" name="test_hr_fallback" time="0.011" /><testcase classname="tests.test_core_calculators.TestNormalizedPower" name="test_low_hr_and_speed" time="0.008" /><testcase classname="tests.test_core_calculators.TestNormalizedPower" name="test_insufficient_power_falls_back_to_hr" time="0.010" /><testcase classname="tests.test_core_calculators.TestNormalizedPower" name="test_zero_if_for_tss" time="0.008" /><testcase classname="tests.test_core_calculators.TestIntensityFactor" name="test_basic" time="0.012" /><testcase classname="tests.test_core_calculators.TestIntensityFactor" name="test_zero_ftp" time="0.015" /><testcase classname="tests.test_core_calculators.TestTrainingStressScore" name="test_basic" time="0.009" /><testcase classname="tests.test_core_calculators.TestTrainingStressScore" name="test_zero_duration" time="0.014" /><testcase classname="tests.test_database.TestRoadIncidents" name="test_save_road_incident" time="0.877" /><testcase classname="tests.test_core_calculators.TestTrainingStressScore" name="test_capped_at_500" time="0.010" /><testcase classname="tests.test_core_calculators.TestCaloriesMetSpeedRanges" name="test_met_below_16" time="0.010" /><testcase classname="tests.test_core_calculators.TestCaloriesMetSpeedRanges" name="test_met_16_to_19" time="0.011" /><testcase classname="tests.test_core_calculators.TestCaloriesMetSpeedRanges" name="test_met_19_to_22" time="0.010" /><testcase classname="tests.test_core_calculators.TestCaloriesPhysicsEdgeCases" name="test_zero_elevation" time="0.011" /><testcase classname="tests.test_core_calculators.TestCaloriesPhysicsEdgeCases" name="test_duration_hours_attribute" time="0.010" /><testcase classname="tests.test_core_calculators.TestPhysicsMethod" name="test_estimate_physics" time="0.010" /><testcase classname="tests.test_api_coverage" name="test_coach_page" time="2.427" /><testcase classname="tests.test_core_calculators.TestPhysicsMethod" name="test_estimate_met" time="0.010" /><testcase classname="tests.test_core_calculators.TestFitnessStateVector" name="test_to_dict" time="0.008" /><testcase classname="tests.test_core_calculators.TestFitnessStateVector" name="test_is_overtraining_risk" time="0.007" /><testcase classname="tests.test_core_calculators.TestFitnessStateVector" name="test_is_not_overtraining_risk" time="0.025" /><testcase classname="tests.test_core_calculators.TestFitnessStateVector" name="test_is_fresh" time="0.008" /><testcase classname="tests.test_core_calculators.TestFitnessStateVector" name="test_is_ready_for_hard_effort" time="0.008" /><testcase classname="tests.test_core_calculators.TestTrainingStressDay" name="test_creation" time="0.010" /><testcase classname="tests.test_core_calculators.TestAnalysisEngine" name="test_process_ride_sync" time="0.011" /><testcase classname="tests.test_core_calculators.TestAnalysisEngine" name="test_process_ride_sync_error" time="0.013" /><testcase classname="tests.test_core_calculators.TestAnalysisEngine" name="test_engine_result_dataclass" time="0.013" /><testcase classname="tests.test_core_calculators.TestAnalysisEngine" name="test_process_ride_async_no_athlete" time="0.034" /><testcase classname="tests.test_core_calculators.TestAnalysisEngine" name="test_process_ride_async_with_historical" time="0.019" /><testcase classname="tests.test_core_calculators.TestAnalysisEngine" name="test_process_rides_batch" time="0.020" /><testcase classname="tests.test_core_calculators.TestAnalysisEngine" name="test_process_ride_no_historical" time="0.018" /><testcase classname="tests.test_core_calculators.TestAnalysisPipeline" name="test_run_sync" time="0.036" /><testcase classname="tests.test_database.TestRouteSafety" name="test_save_and_get_route_safety" time="0.587" /><testcase classname="tests.test_core_calculators.TestAnalysisPipeline" name="test_run_sync_no_gps" time="0.012" /><testcase classname="tests.test_core_calculators.TestAnalysisPipeline" name="test_run_async" time="0.040" /><testcase classname="tests.test_core_calculators.TestValidatedGPSPoint" name="test_valid_point" time="0.010" /><testcase classname="tests.test_core_calculators.TestValidatedGPSPoint" name="test_invalid_lat" time="0.025" /><testcase classname="tests.test_core_calculators.TestValidatedRide" name="test_valid_ride" time="0.010" /><testcase classname="tests.test_core_calculators.TestValidatedRide" name="test_invalid_distance" time="0.017" /><testcase classname="tests.test_core_calculators.TestValidatedAthleteProfile" name="test_valid_profile" time="0.014" /><testcase classname="tests.test_core_calculators.TestValidatedAthleteProfile" name="test_invalid_weight" time="0.011" /><testcase classname="tests.test_auth_enhanced" name="test_logout_endpoint_exists" time="5.026" /><testcase classname="tests.test_core_calculators.TestValidators" name="test_validate_ride_for_analysis" time="0.014" /><testcase classname="tests.test_core_calculators.TestValidators" name="test_validate_ride_for_import" time="0.019" /><testcase classname="tests.test_core_calculators.TestValidators" name="test_validate_ride_invalid" time="0.066" /><testcase classname="tests.test_core_calculators.TestValidators" name="test_validate_gps_points_too_few" time="0.009" /><testcase
[...]
  File "C:\Python314\Lib\site-packages\starlette\middleware\base.py", line 144, in coro
    await self.app(scope, receive_or_disconnect, send_no_error)
  File "C:\Python314\Lib\site-packages\starlette\middleware\base.py", line 191, in __call__
    with recv_stream, send_stream, collapse_excgroups():
                                   ~~~~~~~~~~~~~~~~~~^^
  File "C:\Python314\Lib\contextlib.py", line 162, in __exit__
    self.gen.throw(value)
    ~~~~~~~~~~~~~~^^^^^^^
  File "C:\Python314\Lib\site-packages\starlette\_utils.py", line 87, in collapse_excgroups
    raise exc
  File "C:\Python314\Lib\site-packages\starlette\middleware\base.py", line 193, in __call__
    response = await self.dispatch_func(request, call_next)
               ^^^^^^^^^^^^^^^^^^^^^^^^^^^^^^^^^^^^^^^^^^^^
  File "D:\BikeMaster\bike_analyzer\backend\api\app_factory.py", line 245, in user_api_keys_middleware
    response = await call_next(request)
               ^^^^^^^^^^^^^^^^^^^^^^^^
  File "C:\Python314\Lib\site-packages\starlette\middleware\base.py", line 168, in call_next
    raise app_exc from app_exc.__cause__ or app_exc.__context__
  File "C:\Python314\Lib\site-packages\starlette\middleware\base.py", line 144, in coro
    await self.app(scope, receive_or_disconnect, send_no_error)
  File "C:\Python314\Lib\site-packages\starlette\middleware\base.py", line 191, in __call__
    with recv_stream, send_stream, collapse_excgroups():
                                   ~~~~~~~~~~~~~~~~~~^^
  File "C:\Python314\Lib\contextlib.py", line 162, in __exit__
    self.gen.throw(value)
    ~~~~~~~~~~~~~~^^^^^^^
  File "C:\Python314\Lib\site-packages\starlette\_utils.py", line 87, in collapse_excgroups
    raise exc
  File "C:\Python314\Lib\site-packages\starlette\middleware\base.py", line 193, in __call__
    response = await self.dispatch_func(request, call_next)
               ^^^^^^^^^^^^^^^^^^^^^^^^^^^^^^^^^^^^^^^^^^^^
  File "D:\BikeMaster\bike_analyzer\backend\api\app_factory.py", line 230, in correlation_id_middleware
    response = await call_next(request)
               ^^^^^^^^^^^^^^^^^^^^^^^^
  File "C:\Python314\Lib\site-packages\starlette\middleware\base.py", line 168, in call_next
    raise app_exc from app_exc.__cause__ or app_exc.__context__
  File "C:\Python314\Lib\site-packages\starlette\middleware\base.py", line 144, in coro
    await self.app(scope, receive_or_disconnect, send_no_error)
  File "D:\BikeMaster\bike_analyzer\backend\monitoring.py", line 321, in __call__
    await self.app(scope, receive, send_with_metrics)
  File "C:\Python314\Lib\site-packages\starlette\middleware\base.py", line 191, in __call__
    with recv_stream, send_stream, collapse_excgroups():
                                   ~~~~~~~~~~~~~~~~~~^^
  File "C:\Python314\Lib\contextlib.py", line 162, in __exit__
    self.gen.throw(value)
    ~~~~~~~~~~~~~~^^^^^^^
  File "C:\Python314\Lib\site-packages\starlette\_utils.py", line 87, in collapse_excgroups
    raise exc
  File "C:\Python314\Lib\site-packages\starlette\middleware\base.py", line 193, in __call__
    response = await self.dispatch_func(request, call_next)
               ^^^^^^^^^^^^^^^^^^^^^^^^^^^^^^^^^^^^^^^^^^^^
  File "C:\Python314\Lib\site-packages\slowapi\middleware.py", line 136, in dispatch
    response = await call_next(request)
               ^^^^^^^^^^^^^^^^^^^^^^^^
  File "C:\Python314\Lib\site-packages\starlette\middleware\base.py", line 168, in call_next
    raise app_exc from app_exc.__cause__ or app_exc.__context__
  File "C:\Python314\Lib\site-packages\starlette\middleware\base.py", line 144, in coro
    await self.app(scope, receive_or_disconnect, send_no_error)
  File "C:\Python314\Lib\site-packages\starlette\middleware\exceptions.py", line 63, in __call__
    await wrap_app_handling_exceptions(self.app, conn)(scope, receive, send)
  File "C:\Python314\Lib\site-packages\starlette\_exception_handler.py", line 53, in wrapped_app
    raise exc
  File "C:\Python314\Lib\site-packages\starlette\_exception_handler.py", line 42, in wrapped_app
    await app(scope, receive, sender)
  File "C:\Python314\Lib\site-packages\fastapi\middleware\asyncexitstack.py", line 18, in __call__
    await self.app(scope, receive, send)
  File "C:\Python314\Lib\site-packages\starlette\routing.py", line 716, in __call__
    await self.middleware_stack(scope, receive, send)
  File "C:\Python314\Lib\site-packages\starlette\routing.py", line 736, in app
    await route.handle(scope, receive, send)
  File "C:\Python314\Lib\site-packages\starlette\routing.py", line 290, in handle
    await self.app(scope, receive, send)
  File "C:\Python314\Lib\site-packages\fastapi\routing.py", line 134, in app
    await wrap_app_handling_exceptions(app, request)(scope, receive, send)
  File "C:\Python314\Lib\site-packages\starlette\_exception_handler.py", line 53, in wrapped_app
    raise exc
  File "C:\Python314\Lib\site-packages\starlette\_exception_handler.py", line 42, in wrapped_app
    await app(scope, receive, sender)
  File "C:\Python314\Lib\site-packages\fastapi\routing.py", line 120, in app
    response = await f(request)
               ^^^^^^^^^^^^^^^^
  File "C:\Python314\Lib\site-packages\fastapi\routing.py", line 674, in app
    raw_response = await run_endpoint_function(
                   ^^^^^^^^^^^^^^^^^^^^^^^^^^^^
    ...&lt;3 lines&gt;...
    )
    ^
  File "C:\Python314\Lib\site-packages\fastapi\routing.py", line 328, in run_endpoint_function
    return await dependant.call(**values)
           ^^^^^^^^^^^^^^^^^^^^^^^^^^^^^^
  File "D:\BikeMaster\bike_analyzer\backend\api\routes.py", line 2349, in update_athlete
    if field in update_data and update_data[field] is not None:
            ^^^^^^^^^^^^^^^^^^^^^^^^^^^^^^^^^^^^^^^^^^^^^^^^^^^
    ...&lt;6 lines&gt;...
                new_value,
    
  File "D:\BikeMaster\bike_analyzer\backend\db\database.py", line 1505, in log_athlete_metric
    recorded_at = datetime.now(timezone.utc).isoformat()
                               ^^^^^^^^
NameError: name 'timezone' is not defined

The above exception was the direct cause of the following exception:
E   NameError: name 'timezone' is not defined</failure></testcase><testcase classname="tests.test_wahoo_client.TestFetchWorkouts" name="test_fetches_with_auth_header" time="0.010" /><testcase classname="tests.test_wahoo_client.TestFetchWorkouts" name="test_fetch_workouts_unwraps_dict" time="0.013" /><testcase classname="tests.test_wahoo_client.TestPkceHelpers" name="test_generate_code_verifier" time="0.008" /><testcase classname="tests.test_wahoo_client.TestPkceHelpers" name="test_generate_code_challenge" time="0.010" /><testcase classname="tests.test_wahoo_client.TestWahooToRide" name="test_basic_ride" time="0.007" /><testcase classname="tests.test_wahoo_client.TestWahooToRide" name="test_missing_summary" time="0.006" /><testcase classname="tests.test_wahoo_client.TestPkceHelpers" name="test_code_challenge_format" time="0.008" /><testcase classname="tests.test_wahoo_client.TestWahooToRide" name="test_zero_values" time="0.008" /><testcase classname="tests.test_wahoo_client.TestBuildAuthorizationUrl" name="test_returns_url" time="0.008" /><testcase classname="tests.test_wahoo_client.TestWahooToRide" name="test_none_heart_rate" time="0.009" /><testcase classname="tests.test_wahoo_client.TestWahooToRide" name="test_gps_points_empty" time="0.009" /><testcase classname="tests.test_wahoo_client.TestBuildAuthorizationUrl" name="test_contains_required_params" time="0.037" /><testcase classname="tests.test_weather" name="test_weather_score_ideal" time="0.037" /><testcase classname="tests.test_wahoo_client.TestGetAuthorizationUrl" name="test_raises_without_client_id" time="0.028" /><testcase classname="tests.test_weather" name="test_weather_score_cold" time="0.006" /><testcase classname="tests.test_weather" name="test_weather_score_hot" time="0.011" /><testcase classname="tests.test_weather" name="test_weather_score_very_hot" time="0.008" /><testcase classname="tests.test_weather" name="test_weather_score_high_humidity" time="0.007" /><testcase classname="tests.test_wahoo_client.TestGetAuthorizationUrl" name="test_returns_expected_keys" time="0.053" /><testcase classname="tests.test_weather" name="test_weather_score_bad_conditions" time="0.019" /><testcase classname="tests.test_weather" name="test_weather_score_freezing" time="0.022" /><testcase classname="tests.test_wahoo_client.TestGetAuthorizationUrl" name="test_uses_provided_state" time="0.050" /><testcase classname="tests.test_weather_service" name="test_get_weather_api_key_from_env" time="0.058" /><testcase classname="tests.test_weather_service" name="test_get_weather_score_very_hot" time="0.009" /><testcase classname="tests.test_wahoo_client.TestGetAuthorizationUrl" name="test_generates_unique_verifiers" time="0.027" /><testcase classname="tests.test_weather_service" name="test_get_weather_score_very_cold" time="0.016" /><testcase classname="tests.unit.core.test_validation.TestValidatedGPSPoint" name="test_valid_point" time="0.019" /><testcase classname="tests.test_weather_service" name="test_get_weather_api_key_from_config" time="0.020" /><testcase classname="tests.unit.core.test_validation.TestValidatedGPSPoint" name="test_lat_too_high" time="0.022" /><testcase classname="tests.test_weather_service" name="test_get_weather_score_hot" time="0.033" /><testcase classname="tests.unit.core.test_validation.TestValidatedGPSPoint" name="test_lat_too_low" time="0.021" /><testcase classname="tests.unit.core.test_validation.TestValidatedGPSPoint" name="test_lon_too_high" time="0.067" /><testcase classname="tests.test_weather_service" name="test_get_weather_score_cold" time="0.031" /><testcase classname="tests.test_weather_service" name="test_get_weather_score_ideal" time="0.016" /><testcase classname="tests.unit.core.test_validation.TestValidatedGPSPoint" name="test_speed_limits" time="0.028" /><testcase classname="tests.unit.core.test_validation.TestValidatedGPSPoint" name="test_lon_too_low" time="0.025" /><testcase classname="tests.unit.core.test_validation.TestValidatedGPSPoint" name="test_heart_rate_limits" time="0.016" /><testcase classname="tests.unit.core.test_validation.TestValidatedGPSPoint" name="test_timestamp_in_future" time="0.031" /><testcase classname="tests.unit.core.test_validation.TestValidatedGPSPoint" name="test_power_limits" time="0.030" /><testcase classname="tests.unit.core.test_validation.TestValidatedRide" name="test_valid_ride" time="0.009" /><testcase classname="tests.unit.core.test_validation.TestValidatedGPSPoint" name="test_optional_fields_default_none" time="0.010" /><testcase classname="tests.unit.core.test_validation.TestValidatedRide" name="test_distance_above_max" time="0.042" /><testcase classname="tests.unit.core.test_validation.TestValidatedRide" name="test_zero_distance" time="0.061"><failure message="Failed: DID NOT RAISE &lt;class 'pydantic_core._pydantic_core.ValidationError'&gt;">E   Failed: DID NOT RAISE &lt;class 'pydantic_core._pydantic_core.ValidationError'&gt;</failure></testcase><testcase classname="tests.unit.core.test_validation.TestValidatedRide" name="test_duration_above_max" time="0.008" /><testcase classname="tests.unit.core.test_validation.TestValidatedRide" name="test_athlete_id_negative" time="0.007" /><testcase classname="tests.unit.core.test_validation.TestValidatedRide" name="test_speed_incoherent" time="0.012" /><testcase classname="tests.unit.core.test_validation.TestValidatedRide" name="test_single_gps_point_rejected" time="0.016" /><testcase classname="tests.unit.core.test_validation.TestValidatedRide" name="test_zero_duration" time="0.028"><failure message="Failed: DID NOT RAISE &lt;class 'pydantic_core._pydantic_core.ValidationError'&gt;">E   Failed: DID NOT RAISE &lt;class 'pydantic_core._pydantic_core.ValidationError'&gt;</failure></testcase><testcase classname="tests.unit.core.test_validation.TestValidatedRide" name="test_title_max_length" time="0.025" /><testcase classname="tests.unit.core.test_validation.TestValidatedRide" name="test_empty_gps_points_ok" time="0.013" /><testcase classname="tests.unit.core.test_validation.TestValidatedRide" name="test_athlete_id_zero" time="0.040" /><testcase classname="tests.unit.core.test_validation.TestValidatedRide" name="test_optional_fields_defaults" time="0.007" /><testcase classname="tests.unit.core.test_validation.TestValidatedAthleteProfile" name="test_valid_profile" time="0.045" /><testcase classname="tests.unit.core.test_validation.TestValidatedAthleteProfile" name="test_name_too_long" time="0.024" /><testcase classname="tests.unit.core.test_validation.TestValidatedAthleteProfile" name="test_age_too_low" time="0.012" /><testcase classname="tests.unit.core.test_validation.TestValidatedAthleteProfile" name="test_name_too_short" time="0.028" /><testcase classname="tests.unit.core.test_validation.TestValidatedAthleteProfile" name="test_age_too_high" time="0.018" /><testcase classname="tests.unit.core.test_validation.TestValidatedAthleteProfile" name="test_weight_too_low" time="0.014" /><testcase classname="tests.unit.core.test_validation.TestValidatedAthleteProfile" name="test_weight_too_high" time="0.009" /><testcase classname="tests.unit.core.test_validation.TestValidatedAthleteProfile" name="test_invalid_experience_level" time="0.032" /><testcase classname="tests.unit.core.test_validation.TestValidatedAthleteProfile" name="test_all_experience_levels" time="0.017" /><testcase classname="tests.unit.core.test_validation.TestValidatedAthleteProfile" name="test_optional_fields_defaults" time="0.010" /><testcase classname="tests.unit.core.test_validation.TestValidateRideForAnalysis" name="test_valid_ride" time="0.012" /><testcase classname="tests.unit.core.test_validation.TestValidateRideForAnalysis" name="test_invalid_data_raises" time="0.015" /><testcase classname="tests.unit.core.test_validation.TestValidateRideForAnalysis" name="test_incoherent_speed_raises" time="0.011" /><testcase classname="tests.unit.core.test_validation.TestValidateRideForImport" name="test_valid_import" time="0.010" /><testcase classname="tests.unit.core.test_validation.TestValidateRideForImport" name="test_invalid_import_raises" time="0.009" /><testcase classname="tests.unit.core.test_validation.TestValidateGPSPoints" name="test_valid_points" time="0.014" /><testcase classname="tests.unit.core.test_validation.TestValidateGPSPoints" name="test_single_point_raises" time="0.007" /><testcase classname="tests.unit.core.test_validation.TestValidateGPSPoints" name="test_empty_list_raises" time="0.010" /><testcase classname="tests.unit.core.test_validation.TestValidateGPSPoints" name="test_invalid_coordinate_raises" time="0.005" /><testcase classname="tests.unit.core.test_validation.TestValidateGPSPoints" name="test_future_timestamp_raises" time="0.006" /><testcase classname="tests.unit.core.test_validation.TestValidateAthleteProfile" name="test_valid_profile" time="0.005" /><testcase classname="tests.unit.core.test_validation.TestValidateAthleteProfile" name="test_invalid_name_raises" time="0.007" /><testcase classname="tests.unit.core.test_validation.TestValidateAthleteProfile" name="test_invalid_level_raises" time="0.017" /><testcase classname="tests.unit.core.test_validation.TestValidateAthleteProfilePartial" name="test_partial_data" time="0.038" /><testcase classname="tests.test_routes_integration.TestCoachRoutes" name="test_coach_chat_post" time="5.229" /><testcase classname="tests.test_routes_extended" name="test_calendar_create" time="3.176" /><testcase classname="tests.test_routes_integration.TestCoachRoutes" name="test_coach_history" time="2.913" /><testcase classname="tests.test_routes_integration.TestCoachRoutes" name="test_coach_chat_missing_athlete" time="1.578" /><testcase classname="tests.test_routes_extended" name="test_calendar_list" time="1.470" /><testcase classname="tests.test_routes_extended" name="test_calendar_range" time="1.427" /><testcase classname="tests.test_routes_integration.TestKnowledgeRoutes" name="test_list_knowledge" time="1.227" /><testcase classname="tests.test_routes_extended" name="test_training_load_endpoints" time="1.340" /><testcase classname="tests.test_routes_integration.TestKnowledgeRoutes" name="test_search_knowledge" time="1.852" /><testcase classname="tests.test_routes_extended" name="test_training_goals_upsert" time="1.333" /><testcase classname="tests.test_routes_integration.TestKnowledgeRoutes" name="test_search_knowledge_empty_query" time="3.340" /><testcase classname="tests.test_routes_integration.TestKnowledgeRoutes" name="test_knowledge_stats" time="2.696" /><testcase classname="tests.test_routes_integration.TestTrainingRoutes" name="test_training_load" time="2.627" /><testcase classname="tests.test_routes_integration.TestTrainingRoutes" name="test_training_status" time="1.534" /><testcase classname="tests.test_routes_integration.TestTrainingRoutes" name="test_training_summary" time="2.680" /><testcase classname="tests.test_routes_integration.TestTrainingRoutes" name="test_training_goals_post" time="4.857" /><testcase classname="tests.test_routes_integration.TestTrainingRoutes" name="test_training_goals_list" time="2.530" /><testcase classname="tests.test_routes_minimal" name="test_health_endpoint" time="5.384" /><testcase classname="tests.test_schemas_validation.TestRideSchemas" name="test_valid_ride_create" time="0.008" /><testcase classname="tests.test_schemas_validation.TestRideSchemas" name="test_invalid_date_pattern" time="0.010" /><testcase classname="tests.test_schemas_validation.TestRideSchemas" name="test_distance_exceeds_max" time="0.005" /><testcase classname="tests.test_schemas_validation.TestRideSchemas" name="test_zero_duration_rejected" time="0.007" /><testcase classname="tests.test_schemas_validation.TestRideSchemas" name="test_valid_ride_update" time="0.008" /><testcase classname="tests.test_schemas_validation.TestRideSchemas" name="test_ride_update_all_optional" time="0.003" /><testcase classname="tests.test_schemas_validation.TestRideSchemas" name="test_benachmark_compare_requires_date" time="0.006" /><testcase classname="tests.test_schemas_validation.TestRideSchemas" name="test_valid_benchmark_compare" time="0.012" /><testcase classname="tests.test_schemas_validation.TestAthleteSchemas" name="test_valid_athlete_create" time="0.005" /><testcase classname="tests.test_schemas_validation.TestAthleteSchemas" name="test_invalid_experience_level" time="0.008" /><testcase classname="tests.test_schemas_validation.TestAthleteSchemas" name="test_valid_experience_levels" time="0.005" /><testcase classname="tests.test_schemas_validation.TestAthleteSchemas" name="test_invalid_email_format" time="0.006" /><testcase classname="tests.test_schemas_validation.TestAthleteSchemas" name="test_valid_email" time="0.005" /><testcase classname="tests.test_schemas_validation.TestAthleteSchemas" name="test_name_too_short" time="0.004" /><testcase classname="tests.test_schemas_validation.TestAthleteSchemas" name="test_age_out_of_range" time="0.005" /><testcase classname="tests.test_schemas_validation.TestAthleteSchemas" name="test_valid_athlete_update" time="0.022" /><testcase classname="tests.test_schemas_validation.TestAthleteSchemas" name="test_profile_update_valid" time="0.006" /><testcase classname="tests.test_schemas_validation.TestAthleteSchemas" name="test_profile_update_invalid_email" time="0.005" /><testcase classname="tests.test_schemas_validation.TestCalendarSchemas" name="test_valid_calendar_event" time="0.042" /><testcase classname="tests.test_schemas_validation.TestCalendarSchemas" name="test_invalid_event_type" time="0.004" /><testcase classname="tests.test_schemas_validation.TestCalendarSchemas" name="test_invalid_lat_lon" time="0.004" /><testcase classname="tests.test_schemas_validation.TestCalendarSchemas" name="test_calendar_event_update" time="0.029" /></testsuite></testsuites>